c:\users\ryan\documents\code\visualstudios\c++\design_patterns\singletons\singleton_ctt\singleton_ctt\x64\debug\vc143.pdb
c:\users\ryan\documents\code\visualstudios\c++\design_patterns\singletons\singleton_ctt\singleton_ctt\x64\debug\vc143.idb
c:\users\ryan\documents\code\visualstudios\c++\design_patterns\singletons\singleton_ctt\singleton_ctt\x64\debug\singleton_ctt.obj
c:\users\ryan\documents\code\visualstudios\c++\design_patterns\singletons\singleton_ctt\x64\debug\singleton_ctt.pdb
c:\users\ryan\documents\code\visualstudios\c++\design_patterns\singletons\singleton_ctt\singleton_ctt\x64\debug\singleton_ctt.tlog\cl.command.1.tlog
c:\users\ryan\documents\code\visualstudios\c++\design_patterns\singletons\singleton_ctt\singleton_ctt\x64\debug\singleton_ctt.tlog\cl.items.tlog
c:\users\ryan\documents\code\visualstudios\c++\design_patterns\singletons\singleton_ctt\singleton_ctt\x64\debug\singleton_ctt.tlog\cl.read.1.tlog
c:\users\ryan\documents\code\visualstudios\c++\design_patterns\singletons\singleton_ctt\singleton_ctt\x64\debug\singleton_ctt.tlog\cl.write.1.tlog
c:\users\ryan\documents\code\visualstudios\c++\design_patterns\singletons\singleton_ctt\singleton_ctt\x64\debug\singleton_ctt.tlog\link-cvtres.read.1.tlog
c:\users\ryan\documents\code\visualstudios\c++\design_patterns\singletons\singleton_ctt\singleton_ctt\x64\debug\singleton_ctt.tlog\link-cvtres.write.1.tlog
c:\users\ryan\documents\code\visualstudios\c++\design_patterns\singletons\singleton_ctt\singleton_ctt\x64\debug\singleton_ctt.tlog\link-rc.read.1.tlog
c:\users\ryan\documents\code\visualstudios\c++\design_patterns\singletons\singleton_ctt\singleton_ctt\x64\debug\singleton_ctt.tlog\link-rc.write.1.tlog
c:\users\ryan\documents\code\visualstudios\c++\design_patterns\singletons\singleton_ctt\singleton_ctt\x64\debug\singleton_ctt.tlog\link.4152-cvtres.read.1.tlog
c:\users\ryan\documents\code\visualstudios\c++\design_patterns\singletons\singleton_ctt\singleton_ctt\x64\debug\singleton_ctt.tlog\link.4152-cvtres.write.1.tlog
c:\users\ryan\documents\code\visualstudios\c++\design_patterns\singletons\singleton_ctt\singleton_ctt\x64\debug\singleton_ctt.tlog\link.4152-rc.read.1.tlog
c:\users\ryan\documents\code\visualstudios\c++\design_patterns\singletons\singleton_ctt\singleton_ctt\x64\debug\singleton_ctt.tlog\link.4152-rc.write.1.tlog
c:\users\ryan\documents\code\visualstudios\c++\design_patterns\singletons\singleton_ctt\singleton_ctt\x64\debug\singleton_ctt.tlog\link.4152.read.1.tlog
c:\users\ryan\documents\code\visualstudios\c++\design_patterns\singletons\singleton_ctt\singleton_ctt\x64\debug\singleton_ctt.tlog\link.4152.read.2.tlog
c:\users\ryan\documents\code\visualstudios\c++\design_patterns\singletons\singleton_ctt\singleton_ctt\x64\debug\singleton_ctt.tlog\link.4152.read.3.tlog
c:\users\ryan\documents\code\visualstudios\c++\design_patterns\singletons\singleton_ctt\singleton_ctt\x64\debug\singleton_ctt.tlog\link.4152.read.4.tlog
c:\users\ryan\documents\code\visualstudios\c++\design_patterns\singletons\singleton_ctt\singleton_ctt\x64\debug\singleton_ctt.tlog\link.4152.write.1.tlog
c:\users\ryan\documents\code\visualstudios\c++\design_patterns\singletons\singleton_ctt\singleton_ctt\x64\debug\singleton_ctt.tlog\link.command.1.tlog
c:\users\ryan\documents\code\visualstudios\c++\design_patterns\singletons\singleton_ctt\singleton_ctt\x64\debug\singleton_ctt.tlog\link.read.1.tlog
c:\users\ryan\documents\code\visualstudios\c++\design_patterns\singletons\singleton_ctt\singleton_ctt\x64\debug\singleton_ctt.tlog\link.read.2.tlog
c:\users\ryan\documents\code\visualstudios\c++\design_patterns\singletons\singleton_ctt\singleton_ctt\x64\debug\singleton_ctt.tlog\link.read.3.tlog
c:\users\ryan\documents\code\visualstudios\c++\design_patterns\singletons\singleton_ctt\singleton_ctt\x64\debug\singleton_ctt.tlog\link.read.4.tlog
c:\users\ryan\documents\code\visualstudios\c++\design_patterns\singletons\singleton_ctt\singleton_ctt\x64\debug\singleton_ctt.tlog\link.write.1.tlog
