c:\users\rysmi\documents\code\visualstudios\c++\design_patterns\composite\x64\debug\vc143.pdb
c:\users\rysmi\documents\code\visualstudios\c++\design_patterns\composite\x64\debug\vc143.idb
c:\users\rysmi\documents\code\visualstudios\c++\design_patterns\composite\x64\debug\filecomposite.obj
c:\users\rysmi\documents\code\visualstudios\c++\design_patterns\composite\x64\debug\composite.obj
c:\users\rysmi\documents\code\visualstudios\c++\design_patterns\composite\x64\debug\component.obj
c:\users\rysmi\documents\code\visualstudios\c++\design_patterns\composite\x64\debug\composite.pdb
c:\users\rysmi\documents\code\visualstudios\c++\design_patterns\composite\x64\debug\composite.tlog\cl.command.1.tlog
c:\users\rysmi\documents\code\visualstudios\c++\design_patterns\composite\x64\debug\composite.tlog\cl.read.1.tlog
c:\users\rysmi\documents\code\visualstudios\c++\design_patterns\composite\x64\debug\composite.tlog\cl.write.1.tlog
c:\users\rysmi\documents\code\visualstudios\c++\design_patterns\composite\x64\debug\composite.tlog\link-cvtres.read.1.tlog
c:\users\rysmi\documents\code\visualstudios\c++\design_patterns\composite\x64\debug\composite.tlog\link-cvtres.write.1.tlog
c:\users\rysmi\documents\code\visualstudios\c++\design_patterns\composite\x64\debug\composite.tlog\link-rc.read.1.tlog
c:\users\rysmi\documents\code\visualstudios\c++\design_patterns\composite\x64\debug\composite.tlog\link-rc.write.1.tlog
c:\users\rysmi\documents\code\visualstudios\c++\design_patterns\composite\x64\debug\composite.tlog\link.command.1.tlog
c:\users\rysmi\documents\code\visualstudios\c++\design_patterns\composite\x64\debug\composite.tlog\link.read.1.tlog
c:\users\rysmi\documents\code\visualstudios\c++\design_patterns\composite\x64\debug\composite.tlog\link.read.2.tlog
c:\users\rysmi\documents\code\visualstudios\c++\design_patterns\composite\x64\debug\composite.tlog\link.read.3.tlog
c:\users\rysmi\documents\code\visualstudios\c++\design_patterns\composite\x64\debug\composite.tlog\link.read.4.tlog
c:\users\rysmi\documents\code\visualstudios\c++\design_patterns\composite\x64\debug\composite.tlog\link.read.5.tlog
c:\users\rysmi\documents\code\visualstudios\c++\design_patterns\composite\x64\debug\composite.tlog\link.read.6.tlog
c:\users\rysmi\documents\code\visualstudios\c++\design_patterns\composite\x64\debug\composite.tlog\link.write.1.tlog
