c:\users\rysmi\documents\code\visualstudios\c++\design_patterns\interpreter_pattern\x64\debug\vc143.pdb
c:\users\rysmi\documents\code\visualstudios\c++\design_patterns\interpreter_pattern\x64\debug\vc143.idb
c:\users\rysmi\documents\code\visualstudios\c++\design_patterns\interpreter_pattern\x64\debug\visitor.obj
c:\users\rysmi\documents\code\visualstudios\c++\design_patterns\interpreter_pattern\x64\debug\refcounter.obj
c:\users\rysmi\documents\code\visualstudios\c++\design_patterns\interpreter_pattern\x64\debug\leaf_node.obj
c:\users\rysmi\documents\code\visualstudios\c++\design_patterns\interpreter_pattern\x64\debug\iterator_impl.obj
c:\users\rysmi\documents\code\visualstudios\c++\design_patterns\interpreter_pattern\x64\debug\iterator.obj
c:\users\rysmi\documents\code\visualstudios\c++\design_patterns\interpreter_pattern\x64\debug\interpreter_pattern.obj
c:\users\rysmi\documents\code\visualstudios\c++\design_patterns\interpreter_pattern\x64\debug\interpreter_impl.obj
c:\users\rysmi\documents\code\visualstudios\c++\design_patterns\interpreter_pattern\x64\debug\interpreter.obj
c:\users\rysmi\documents\code\visualstudios\c++\design_patterns\interpreter_pattern\x64\debug\expression_tree.obj
c:\users\rysmi\documents\code\visualstudios\c++\design_patterns\interpreter_pattern\x64\debug\expr.obj
c:\users\rysmi\documents\code\visualstudios\c++\design_patterns\interpreter_pattern\x64\debug\composite_unary_node.obj
c:\users\rysmi\documents\code\visualstudios\c++\design_patterns\interpreter_pattern\x64\debug\composite_subtract_node.obj
c:\users\rysmi\documents\code\visualstudios\c++\design_patterns\interpreter_pattern\x64\debug\composite_negate_node.obj
c:\users\rysmi\documents\code\visualstudios\c++\design_patterns\interpreter_pattern\x64\debug\composite_multiply_node.obj
c:\users\rysmi\documents\code\visualstudios\c++\design_patterns\interpreter_pattern\x64\debug\composite_divide_node.obj
c:\users\rysmi\documents\code\visualstudios\c++\design_patterns\interpreter_pattern\x64\debug\composite_binary_node.obj
c:\users\rysmi\documents\code\visualstudios\c++\design_patterns\interpreter_pattern\x64\debug\composite_add_node.obj
c:\users\rysmi\documents\code\visualstudios\c++\design_patterns\interpreter_pattern\x64\debug\component_node.obj
c:\users\rysmi\documents\code\visualstudios\c++\design_patterns\interpreter_pattern\x64\debug\interpreter_pattern.ilk
c:\users\rysmi\documents\code\visualstudios\c++\design_patterns\interpreter_pattern\x64\debug\interpreter_pattern.exe
c:\users\rysmi\documents\code\visualstudios\c++\design_patterns\interpreter_pattern\x64\debug\interpreter_pattern.pdb
c:\users\rysmi\documents\code\visualstudios\c++\design_patterns\interpreter_pattern\x64\debug\interpre.2ecba1d5.tlog\cl.command.1.tlog
c:\users\rysmi\documents\code\visualstudios\c++\design_patterns\interpreter_pattern\x64\debug\interpre.2ecba1d5.tlog\cl.items.tlog
c:\users\rysmi\documents\code\visualstudios\c++\design_patterns\interpreter_pattern\x64\debug\interpre.2ecba1d5.tlog\cl.read.1.tlog
c:\users\rysmi\documents\code\visualstudios\c++\design_patterns\interpreter_pattern\x64\debug\interpre.2ecba1d5.tlog\cl.write.1.tlog
c:\users\rysmi\documents\code\visualstudios\c++\design_patterns\interpreter_pattern\x64\debug\interpre.2ecba1d5.tlog\link.command.1.tlog
c:\users\rysmi\documents\code\visualstudios\c++\design_patterns\interpreter_pattern\x64\debug\interpre.2ecba1d5.tlog\link.read.1.tlog
c:\users\rysmi\documents\code\visualstudios\c++\design_patterns\interpreter_pattern\x64\debug\interpre.2ecba1d5.tlog\link.write.1.tlog
