[2016.05.23-01.27.52:239][  0]Log file open, 05/22/16 21:27:52
[2016.05.23-01.27.52:239][  0]LogInit:Display: Running engine for game: Lost_Light
[2016.05.23-01.27.52:239][  0]LogPlatformFile: Not using cached read wrapper
[2016.05.23-01.27.52:239][  0]LogInit:Display: RandInit(-154894840) SRandInit(-154894839).
[2016.05.23-01.27.52:239][  0]LogTaskGraph: Started task graph with 4 named threads and 7 total threads.
[2016.05.23-01.27.52:239][  0]LogStats: Stats thread started at 0.600078
[2016.05.23-01.27.52:239][  0]LogInit: Version: 4.10.4-2872498+++depot+UE4-Releases+4.10
[2016.05.23-01.27.52:239][  0]LogInit: API Version: 2758231
[2016.05.23-01.27.52:239][  0]LogInit: Compiled (64-bit): Feb 18 2016 15:47:04
[2016.05.23-01.27.52:239][  0]LogInit: Compiled with Visual C++: 19.00.23026.00
[2016.05.23-01.27.52:239][  0]LogInit: Build Configuration: Development
[2016.05.23-01.27.52:239][  0]LogInit: Branch Name: ++depot+UE4-Releases+4.10
[2016.05.23-01.27.52:239][  0]LogInit: Command line:  
[2016.05.23-01.27.52:239][  0]LogInit: Base directory: C:/Program Files (x86)/Epic Games/4.10/Engine/Binaries/Win64/
[2016.05.23-01.27.52:239][  0]LogInit: Rocket: 1
[2016.05.23-01.27.52:255][  0]LogInit: Using libcurl 7.41.0
[2016.05.23-01.27.52:255][  0]LogInit:  - built for x86_64-pc-win32
[2016.05.23-01.27.52:255][  0]LogInit:  - supports SSL with WinSSL
[2016.05.23-01.27.52:255][  0]LogInit:  - other features:
[2016.05.23-01.27.52:255][  0]LogInit:      CURL_VERSION_SSL
[2016.05.23-01.27.52:255][  0]LogInit:      CURL_VERSION_IPV6
[2016.05.23-01.27.52:255][  0]LogInit:      CURL_VERSION_ASYNCHDNS
[2016.05.23-01.27.52:255][  0]LogInit:      CURL_VERSION_LARGEFILE
[2016.05.23-01.27.52:255][  0]LogInit:      CURL_VERSION_IDN
[2016.05.23-01.27.52:256][  0]LogInit:  CurlRequestOptions (configurable via config and command line):
[2016.05.23-01.27.52:256][  0]LogInit:  - bVerifyPeer = true  - Libcurl will verify peer certificate
[2016.05.23-01.27.52:256][  0]LogInit:  - bUseHttpProxy = false  - Libcurl will NOT use HTTP proxy
[2016.05.23-01.27.52:256][  0]LogInit:  - bDontReuseConnections = false  - Libcurl will reuse connections
[2016.05.23-01.27.52:256][  0]LogInit:  - CertBundlePath = nullptr  - Libcurl will use whatever was configured at build time.
[2016.05.23-01.27.52:273][  0]LogInit: Presizing for 0 objects not considered by GC, pre-allocating 0 bytes.
[2016.05.23-01.27.52:285][  0]LogInit: Object subsystem initialized
[2016.05.23-01.27.52:295][  0]LogInit: Selected Device Profile: [Windows]
[2016.05.23-01.27.52:295][  0]LogInit: Applying CVar settings loaded from the selected device profile: [Windows]
[2016.05.23-01.27.52:304][  0]LogInit: Computer: RJSDESKTOP
[2016.05.23-01.27.52:304][  0]LogInit: User: RyanJSmith
[2016.05.23-01.27.52:304][  0]LogInit: CPU Page size=4096, Cores=4
[2016.05.23-01.27.52:304][  0]LogInit: High frequency timer resolution =3.312790 MHz
[2016.05.23-01.27.52:304][  0]LogMemory: Memory total: Physical=15.9GB (16GB approx)
[2016.05.23-01.27.52:304][  0]LogMemory: Platform Memory Stats for Windows
[2016.05.23-01.27.52:304][  0]LogMemory: Process Physical Memory: 55.09 MB used, 55.09 MB peak
[2016.05.23-01.27.52:304][  0]LogMemory: Process Virtual Memory: 56.66 MB used, 56.66 MB peak
[2016.05.23-01.27.52:304][  0]LogMemory: Physical Memory: 5645.04 MB used, 16270.05 MB total
[2016.05.23-01.27.52:304][  0]LogMemory: Virtual Memory: 364.93 MB used, 134217728.00 MB total
[2016.05.23-01.27.52:410][  0]LogTextLocalizationManager: No specific translations for ('en-US') exist, so ('en') translations will be used.
[2016.05.23-01.27.53:050][  0]LogD3D11RHI: Found D3D11 adapter 0: NVIDIA GeForce GTX 970 (Feature Level 11_0)
[2016.05.23-01.27.53:050][  0]LogD3D11RHI: Adapter has 3975MB of dedicated video memory, 0MB of dedicated system memory, and 8135MB of shared system memory, 3 output[s]
[2016.05.23-01.27.53:073][  0]LogD3D11RHI: Found D3D11 adapter 1: NVIDIA GeForce GTX 970 (Feature Level 11_0)
[2016.05.23-01.27.53:073][  0]LogD3D11RHI: Adapter has 3976MB of dedicated video memory, 0MB of dedicated system memory, and 8135MB of shared system memory, 0 output[s]
[2016.05.23-01.27.53:090][  0]LogD3D11RHI: Found D3D11 adapter 2: Intel(R) HD Graphics 4000 (Feature Level 11_0)
[2016.05.23-01.27.53:090][  0]LogD3D11RHI: Adapter has 32MB of dedicated video memory, 0MB of dedicated system memory, and 1760MB of shared system memory, 0 output[s]
[2016.05.23-01.27.53:091][  0]LogD3D11RHI: Found D3D11 adapter 3: Microsoft Basic Render Driver (Feature Level 11_0)
[2016.05.23-01.27.53:091][  0]LogD3D11RHI: Adapter has 0MB of dedicated video memory, 0MB of dedicated system memory, and 256MB of shared system memory, 0 output[s]
[2016.05.23-01.27.53:091][  0]LogD3D11RHI: Chosen D3D11 Adapter Id = 0
[2016.05.23-01.27.53:095][  0]LogD3D11RHI: !Direct3DDevice
[2016.05.23-01.27.53:095][  0]LogRHI: Texture pool is 1361 MB (70% of 1945 MB)
[2016.05.23-01.27.53:107][  0]LogD3D11RHI: Async texture creation enabled
[2016.05.23-01.27.53:132][  0]LogShaderCompilers: Guid format shader working directory is -30 characters bigger than the processId version (../../../../../../Users/RyanJSmith/UE4 Projects/lostlight/Lost_Light/Lost_Light/Intermediate/Shaders/WorkingDirectory/8916/).
[2016.05.23-01.27.53:132][  0]LogShaderCompilers: Cleaned the shader compiler working directory 'C:/Users/RYANJS~1/AppData/Local/Temp/UnrealShaderWorkingDir/1407946249E6C2FAF6BFBBA786DAAA5B/'.
[2016.05.23-01.27.53:133][  0]LogShaderCompilers:Display: Using Local Shader Compiler.
[2016.05.23-01.27.54:122][  0]LogTemp:Display: Loaded TP AllDesktopTargetPlatform
[2016.05.23-01.27.54:128][  0]LogTemp:Display: Loaded TP WindowsClientTargetPlatform
[2016.05.23-01.27.54:133][  0]LogTemp:Display: Loaded TP WindowsNoEditorTargetPlatform
[2016.05.23-01.27.54:139][  0]LogTemp:Display: Loaded TP WindowsServerTargetPlatform
[2016.05.23-01.27.54:145][  0]LogTemp:Display: Loaded TP WindowsTargetPlatform
[2016.05.23-01.27.54:150][  0]LogTemp:Display: Loaded TP AndroidTargetPlatform
[2016.05.23-01.27.54:154][  0]LogTemp:Display: Loaded TP Android_ASTCTargetPlatform
[2016.05.23-01.27.54:159][  0]LogTemp:Display: Loaded TP Android_ATCTargetPlatform
[2016.05.23-01.27.54:164][  0]LogTemp:Display: Loaded TP Android_DXTTargetPlatform
[2016.05.23-01.27.54:168][  0]LogTemp:Display: Loaded TP Android_ETC1TargetPlatform
[2016.05.23-01.27.54:172][  0]LogTemp:Display: Loaded TP Android_ETC2TargetPlatform
[2016.05.23-01.27.54:237][  0]LogTemp:Display: Loaded TP Android_MultiTargetPlatform
[2016.05.23-01.27.54:237][  0]LogTemp:Display: Loaded TP Android_PVRTCTargetPlatform
[2016.05.23-01.27.54:301][  0]LogTemp:Display: Loaded TP HTML5TargetPlatform
[2016.05.23-01.27.54:386][  0]LogTemp:Display: Loaded TP IOSTargetPlatform
[2016.05.23-01.27.54:391][  0]LogTemp:Display: Loaded TP LinuxNoEditorTargetPlatform
[2016.05.23-01.27.54:395][  0]LogTemp:Display: Loaded TP LinuxServerTargetPlatform
[2016.05.23-01.27.54:401][  0]LogTemp:Display: Loaded TP LinuxTargetPlatform
[2016.05.23-01.27.54:401][  0]LogTargetPlatformManager:Display: Building Assets For Windows
[2016.05.23-01.27.54:522][  0]LogDerivedDataCache:Display: Max Cache Size: 512 MB
[2016.05.23-01.27.54:653][  0]LogDerivedDataCache: Loaded boot cache 0.13s 43MB C:/Users/RyanJSmith/AppData/Local/UnrealEngine/4.10/DerivedDataCache/Boot.ddc.
[2016.05.23-01.27.54:653][  0]LogDerivedDataCache:Display: Loaded Boot cache: C:/Users/RyanJSmith/AppData/Local/UnrealEngine/4.10/DerivedDataCache/Boot.ddc
[2016.05.23-01.27.54:653][  0]LogDerivedDataCache: FDerivedDataBackendGraph:  Pak pak cache file ../../../../../../Users/RyanJSmith/UE4 Projects/lostlight/Lost_Light/Lost_Light/DerivedDataCache/DDC.ddp not found, will not use a pak cache.
[2016.05.23-01.27.54:653][  0]LogDerivedDataCache: Unable to find inner node Pak for hierarchical cache Hierarchy.
[2016.05.23-01.27.54:653][  0]LogDerivedDataCache: FDerivedDataBackendGraph:  CompressedPak pak cache file ../../../../../../Users/RyanJSmith/UE4 Projects/lostlight/Lost_Light/Lost_Light/DerivedDataCache/Compressed.ddp not found, will not use a pak cache.
[2016.05.23-01.27.54:653][  0]LogDerivedDataCache: Unable to find inner node CompressedPak for hierarchical cache Hierarchy.
[2016.05.23-01.27.54:715][  0]LogDerivedDataCache:Display: Pak cache opened for reading ../../../Engine/DerivedDataCache/Compressed.ddp.
[2016.05.23-01.27.54:728][  0]LogDerivedDataCache: Using Local data cache path C:/Users/RyanJSmith/AppData/Local/UnrealEngine/Common/DerivedDataCache: Writable
[2016.05.23-01.27.55:326][  0]LogInit: Selected Device Profile: [Windows]
[2016.05.23-01.27.55:334][  0]LogContentStreaming: Texture pool size is 0.000000MB
[2016.05.23-01.27.55:502][  0]LogMeshUtilities: No automatic mesh reduction module available
[2016.05.23-01.27.55:502][  0]LogMeshUtilities: No automatic mesh merging module available
[2016.05.23-01.27.56:010][  0]LogInit: WinSock: version 1.1 (2.2), MaxSocks=32767, MaxUdp=65467
[2016.05.23-01.27.57:572][  0]LogAssetRegistry: FAssetRegistry took 0.0134 seconds to start up
[2016.05.23-01.27.57:597][  0]UdpMessaging: Initializing bridge on interface 0.0.0.0:0 to multicast group 230.0.0.1:6666.
[2016.05.23-01.27.57:946][  0]SourceControl: Info Source control is disabled
[2016.05.23-01.27.57:986][  0]SourceControl: Info Source control is disabled
[2016.05.23-01.27.58:008][  0]SourceControl: Info Source control is disabled
[2016.05.23-01.27.58:051][  0]SourceControl: Info Source control is disabled
[2016.05.23-01.27.58:506][  0]LogObj: 28802 objects as part of root set at end of initial load.
[2016.05.23-01.27.58:506][  0]LogUObjectAllocator: 6129776 out of 0 bytes used by permanent object pool.
[2016.05.23-01.27.58:594][  0]LogEngine: Initializing Engine...
[2016.05.23-01.27.58:597][  0]LogHMD: Can't find Oculus library dev build: is proper Runtime installed? Version: 0.8.0.0
[2016.05.23-01.27.58:600][  0]LogHMD: SteamVR failed to initialize.  Err: 110
[2016.05.23-01.27.58:735][  0]LogAIModule: Creating AISystem for world NewWorld
[2016.05.23-01.27.58:767][  0]LogInit: XAudio2 using 'Speakers (Creative SB X-Fi)' : 2 channels at 48 kHz using 32 bits per sample (channel mask 0x3)
[2016.05.23-01.27.58:777][  0]LogInit: FAudioDevice initialized.
[2016.05.23-01.27.58:796][  0]LogDerivedDataCache: Saved boot cache 0.02s 43MB C:/Users/RyanJSmith/AppData/Local/UnrealEngine/4.10/DerivedDataCache/Boot.ddc.
[2016.05.23-01.27.58:799][  0]LogInit: Texture streaming: Enabled
[2016.05.23-01.27.58:805][  0]LogAnalytics: Creating configured Analytics provider AnalyticsET
[2016.05.23-01.27.58:806][  0]LogAnalytics: [UEEditor.Rocket.Release] APIServer = http://et2.epicgames.com/ET2/. AppVersion = 4.10.4-2872498+++depot+UE4-Releases+4.10
[2016.05.23-01.27.58:806][  0]LogAnalytics: [UEEditor.Rocket.Release] SetUserId b67d60bf4f5e7d5334d53786700f78f1|e724d1945ec04a24956c9303fbb0afd1|493a91aa-2fb4-4a2b-a082-4f4ce4502c21
[2016.05.23-01.27.58:806][  0]LogAnalytics: [UEEditor.Rocket.Release] AnalyticsET::StartSession
[2016.05.23-01.27.58:818][  0]LogInit: Transaction tracking system initialized
[2016.05.23-01.27.58:869][  0]BlueprintLog: New page: Editor Load
[2016.05.23-01.27.59:044][  0]LocalizationService: Info Localization service is disabled
[2016.05.23-01.27.59:172][  0]LogConsoleResponse:Display: 
[2016.05.23-01.27.59:305][  0]LogCook:Display: Done creating registry. It took  0.00s.
[2016.05.23-01.27.59:402][  0]LogFileCache: Scanning file cache for directory 'C:/Users/RyanJSmith/UE4 Projects/lostlight/Lost_Light/Lost_Light/Content/' took 0.02s
[2016.05.23-01.27.59:402][  0]SourceControl: Info Source control is disabled
[2016.05.23-01.27.59:404][  0]Cmd: MAP LOAD FILE="../../../../../../Users/RyanJSmith/UE4 Projects/lostlight/Lost_Light/Lost_Light/Content/Maps/TutorialLevelConcept.umap" TEMPLATE=0 SHOWPROGRESS=1 FEATURELEVEL=3
[2016.05.23-01.27.59:406][  0]LightingResults: New page: Lighting Build
[2016.05.23-01.27.59:413][  0]MapCheck: New page: Map Check
[2016.05.23-01.27.59:413][  0]LightingResults: New page: Lighting Build
[2016.05.23-01.27.59:427][  0]LogParticles: Destroying 0 GPU particle simulations for FXSystem 0x000000BCBC6E2AC0
[2016.05.23-01.28.00:389][  0]LogAIModule: Creating AISystem for world TutorialLevelConcept
[2016.05.23-01.28.00:413][  0]LogEditorServer: Finished looking for orphan Actors (0.000 secs)
[2016.05.23-01.28.00:415][  0]Cmd: MAP CHECKDEP NOCLEARLOG
[2016.05.23-01.28.00:460][  0]MapCheck: Info Map check complete: 0 Error(s), 0 Warning(s), took 45.113ms to complete.
[2016.05.23-01.28.00:460][  0]LogFileHelpers: Loading map 'TutorialLevelConcept' took 1.056
[2016.05.23-01.28.00:678][  0]LogCollectionManager: Loaded 0 collections in 0.001876 seconds
[2016.05.23-01.28.00:756][  0]LogFileCache: Scanning file cache for directory 'C:/Users/RyanJSmith/UE4 Projects/lostlight/Lost_Light/Lost_Light/Saved/Collections/' took 0.01s
[2016.05.23-01.28.00:756][  0]LogFileCache: Scanning file cache for directory 'C:/Users/RyanJSmith/UE4 Projects/lostlight/Lost_Light/Lost_Light/Content/Developers/RyanJSmith/Collections/' took 0.01s
[2016.05.23-01.28.00:756][  0]LogFileCache: Scanning file cache for directory 'C:/Users/RyanJSmith/UE4 Projects/lostlight/Lost_Light/Lost_Light/Content/Collections/' took 0.01s
[2016.05.23-01.28.00:756][  0]LogCollectionManager: Rebuilt the GUID cache for 0 collections in 0.000002 seconds
[2016.05.23-01.28.00:767][  0]LogContentBrowser: Native class hierarchy populated in 0.0106 seconds. Added 1909 classes and 346 folders.
[2016.05.23-01.28.00:781][  0]LogContentBrowser: Native class hierarchy updated for 'WidgetCarousel' in 0.0003 seconds. Added 0 classes and 0 folders.
[2016.05.23-01.28.00:905][  0]LogContentBrowser: Native class hierarchy updated for 'AddContentDialog' in 0.0003 seconds. Added 0 classes and 0 folders.
[2016.05.23-01.28.01:251][  0]LogCrashTracker: Crashtracker disabled due to settings.
[2016.05.23-01.28.01:286][  0]LogUObjectGlobals:Warning: Failed to find object 'Class None.'
[2016.05.23-01.28.01:324][  0]LogLoad: Full Startup: 10.10 seconds (BP compile: 0.22 seconds)
[2016.05.23-01.28.01:338][  0]LogOcInput: Can't find Oculus library dev build: is proper Runtime installed? Version: 0.8.0.0
[2016.05.23-01.28.01:408][  0]LogContentStreaming: Texture pool size now 1000 MB
[2016.05.23-01.28.01:586][  0]LogRenderer: Reallocating scene render targets to support 1364x612 (Frame:2).
[2016.05.23-01.28.01:882][  4]LogAssetRegistry: Asset discovery search completed in 4.3228 seconds
[2016.05.23-01.28.01:882][  4]LogCollectionManager: Rebuilt the object cache for 0 collections in 0.000001 seconds (found 0 objects)
[2016.05.23-01.28.01:882][  4]LogCollectionManager: Fixed up redirectors for 0 collections in 0.000019 seconds (updated 0 objects)
[2016.05.23-01.28.11:820][154]LogLinker:Warning: Asset '../../../Engine/Content/ArtTools/RenderToTexture/Macros/RenderToTextureMacros.uasset' has been saved with empty engine version. The asset will be loaded but may be incompatible.
[2016.05.23-01.28.12:446][154]LogContentBrowser: Native class hierarchy updated for 'BlueprintGraph' in 0.0006 seconds. Added 107 classes and 0 folders.
[2016.05.23-01.29.11:511][284]LogActorComponent: UnregisterComponent: (/Engine/Transient.ProjectileMovementComponent_8) Not registered. Aborting.
[2016.05.23-01.32.47:783][384]LogEditorTransaction: Undo Move Node
[2016.05.23-01.38.01:919][409]LogFileHelpers: Editor autosave (incl. sublevels) for '/Game/Maps/TutorialLevelConcept' took 0.088
[2016.05.23-01.38.01:927][409]OBJ SavePackage: Generating thumbnails for [1] asset(s) in package [/Game/TwinStickBP/Blueprints/TwinStickPawn] ([1] browsable assets)...
[2016.05.23-01.38.01:941][409]OBJ SavePackage:     Rendered thumbnail for [Blueprint /Game/TwinStickBP/Blueprints/TwinStickPawn.TwinStickPawn]
[2016.05.23-01.38.01:941][409]OBJ SavePackage: Finished generating thumbnails for package [/Game/TwinStickBP/Blueprints/TwinStickPawn]
[2016.05.23-01.38.02:378][409]LogSavePackage: Save=390.735291ms
[2016.05.23-01.38.02:378][409]LogSavePackage: Moving '../../../../../../Users/RyanJSmith/UE4 Projects/lostlight/Lost_Light/Lost_Light/Saved/TwinStickPawn_Auto1939C62D14A5339C5E693E5AA615E4A46.tmp' to '../../../../../../Users/RyanJSmith/UE4 Projects/lostlight/Lost_Light/Lost_Light/Saved/Autosaves/Game/TwinStickBP/Blueprints/TwinStickPawn_Auto1.uasset'
[2016.05.23-01.38.02:380][409]LogSavePackage: Total save time: 437.312055ms
[2016.05.23-01.38.02:380][409]LogSavePackage:Display: Finished SavePackage ../../../../../../Users/RyanJSmith/UE4 Projects/lostlight/Lost_Light/Lost_Light/Saved/Autosaves/Game/TwinStickBP/Blueprints/TwinStickPawn_Auto1.uasset
[2016.05.23-01.38.02:380][409]LogFileHelpers: Auto-saving content packages took 0.461
[2016.05.23-01.38.19:345][655]LogActorComponent: UnregisterComponent: (/Engine/Transient.EditorFloorComp) Not registered. Aborting.
[2016.05.23-01.38.19:393][655]LogWindowsTextInputMethodSystem:Display: IME system now deactivated.
[2016.05.23-01.38.19:596][656]Cmd: QUIT_EDITOR
[2016.05.23-01.38.19:750][656]LogExit: Preparing to exit.
[2016.05.23-01.38.20:195][656]LogExit: Editor shut down
[2016.05.23-01.38.20:196][656]LogExit: Transaction tracking system shut down
[2016.05.23-01.38.20:204][656]LogParticles: Destroying 0 GPU particle simulations for FXSystem 0x000000BCC9AA5440
[2016.05.23-01.38.20:204][656]LogParticles: Destroying 0 GPU particle simulations for FXSystem 0x000000BCD6B8A5C0
[2016.05.23-01.38.20:204][656]LogParticles: Destroying 0 GPU particle simulations for FXSystem 0x000000BCD6A36DE0
[2016.05.23-01.38.20:206][656]LogParticles: Destroying 0 GPU particle simulations for FXSystem 0x000000BCD6BB2020
[2016.05.23-01.38.20:206][656]LogParticles: Destroying 0 GPU particle simulations for FXSystem 0x000000BCD6BB1F80
[2016.05.23-01.38.20:206][656]LogParticles: Destroying 0 GPU particle simulations for FXSystem 0x000000BCDC690CC0
[2016.05.23-01.38.20:210][656]LogParticles: Destroying 0 GPU particle simulations for FXSystem 0x000000BCD6BB11C0
[2016.05.23-01.38.20:421][656]LogExit: Object subsystem successfully closed.
[2016.05.23-01.38.20:452][656]LogD3D11RHI: Shutdown
[2016.05.23-01.38.20:452][656]LogD3D11RHI: CleanupD3DDevice
[2016.05.23-01.38.20:516][656]LogD3D11RHI: ~FD3D11DynamicRHI
[2016.05.23-01.38.20:554][656]LogModuleManager: Shutting down and abandoning module CookingStats (202)
[2016.05.23-01.38.20:554][656]LogModuleManager: Shutting down and abandoning module BlueprintGraph (201)
[2016.05.23-01.38.20:554][656]LogModuleManager: Shutting down and abandoning module CrashTracker (200)
[2016.05.23-01.38.20:554][656]LogModuleManager: Shutting down and abandoning module SuperSearch (199)
[2016.05.23-01.38.20:554][656]LogModuleManager: Shutting down and abandoning module WidgetCarousel (198)
[2016.05.23-01.38.20:555][656]LogModuleManager: Shutting down and abandoning module AddContentDialog (197)
[2016.05.23-01.38.20:557][656]LogModuleManager: Shutting down and abandoning module EditorWidgets (196)
[2016.05.23-01.38.20:557][656]LogModuleManager: Shutting down and abandoning module CollectionManager (195)
[2016.05.23-01.38.20:558][656]LogModuleManager: Shutting down and abandoning module SceneOutliner (194)
[2016.05.23-01.38.20:558][656]LogModuleManager: Shutting down and abandoning module StatsViewer (193)
[2016.05.23-01.38.20:559][656]LogModuleManager: Shutting down and abandoning module FoliageEdit (192)
[2016.05.23-01.38.20:559][656]LogModuleManager: Shutting down and abandoning module LandscapeEditor (191)
[2016.05.23-01.38.20:560][656]LogModuleManager: Shutting down and abandoning module ActorPickerMode (190)
[2016.05.23-01.38.20:560][656]LogModuleManager: Shutting down and abandoning module GeometryMode (189)
[2016.05.23-01.38.20:560][656]LogModuleManager: Shutting down and abandoning module TextureAlignMode (188)
[2016.05.23-01.38.20:560][656]LogModuleManager: Shutting down and abandoning module BspMode (187)
[2016.05.23-01.38.20:560][656]LogModuleManager: Shutting down and abandoning module PlacementMode (186)
[2016.05.23-01.38.20:560][656]LogModuleManager: Shutting down and abandoning module AutomationWorker (185)
[2016.05.23-01.38.20:560][656]LogModuleManager: Shutting down and abandoning module CharacterAI (184)
[2016.05.23-01.38.20:560][656]LogModuleManager: Shutting down and abandoning module SmartSnapping (183)
[2016.05.23-01.38.20:560][656]LogModuleManager: Shutting down and abandoning module ViewportSnapping (182)
[2016.05.23-01.38.20:560][656]LogModuleManager: Shutting down and abandoning module LogVisualizer (181)
[2016.05.23-01.38.20:561][656]LogModuleManager: Shutting down and abandoning module GameProjectGeneration (180)
[2016.05.23-01.38.20:562][656]LogModuleManager: Shutting down and abandoning module IntroTutorials (179)
[2016.05.23-01.38.20:563][656]LogModuleManager: Shutting down and abandoning module EditorLiveStreaming (178)
[2016.05.23-01.38.20:563][656]LogModuleManager: Shutting down and abandoning module IOSPlatformEditor (177)
[2016.05.23-01.38.20:564][656]LogModuleManager: Shutting down and abandoning module HTML5PlatformEditor (176)
[2016.05.23-01.38.20:564][656]LogModuleManager: Shutting down and abandoning module AndroidDeviceDetection (175)
[2016.05.23-01.38.21:490][656]LogModuleManager: Shutting down and abandoning module AndroidPlatformEditor (174)
[2016.05.23-01.38.21:490][656]LogModuleManager: Shutting down and abandoning module IOSRuntimeSettings (173)
[2016.05.23-01.38.21:490][656]LogModuleManager: Shutting down and abandoning module AndroidRuntimeSettings (172)
[2016.05.23-01.38.21:490][656]LogModuleManager: Shutting down and abandoning module MergeActors (171)
[2016.05.23-01.38.21:491][656]LogModuleManager: Shutting down and abandoning module SizeMap (170)
[2016.05.23-01.38.21:491][656]LogModuleManager: Shutting down and abandoning module TreeMap (169)
[2016.05.23-01.38.21:491][656]LogModuleManager: Shutting down and abandoning module ReferenceViewer (168)
[2016.05.23-01.38.21:492][656]LogModuleManager: Shutting down and abandoning module LocalizationService (167)
[2016.05.23-01.38.21:492][656]LogModuleManager: Shutting down and abandoning module LocalizationDashboard (166)
[2016.05.23-01.38.21:493][656]LogModuleManager: Shutting down and abandoning module HardwareTargeting (165)
[2016.05.23-01.38.21:493][656]LogModuleManager: Shutting down and abandoning module DeviceProfileEditor (164)
[2016.05.23-01.38.21:494][656]LogModuleManager: Shutting down and abandoning module UndoHistory (163)
[2016.05.23-01.38.21:494][656]LogModuleManager: Shutting down and abandoning module GameplayTagsEditor (162)
[2016.05.23-01.38.21:494][656]LogModuleManager: Shutting down and abandoning module UserFeedback (161)
[2016.05.23-01.38.21:494][656]LogModuleManager: Shutting down and abandoning module XmlParser (160)
[2016.05.23-01.38.21:495][656]LogModuleManager: Shutting down and abandoning module Blutility (159)
[2016.05.23-01.38.21:495][656]LogModuleManager: Shutting down and abandoning module ProjectTargetPlatformEditor (158)
[2016.05.23-01.38.21:495][656]LogModuleManager: Shutting down and abandoning module ProjectSettingsViewer (157)
[2016.05.23-01.38.21:495][656]LogModuleManager: Shutting down and abandoning module InputBindingEditor (156)
[2016.05.23-01.38.21:496][656]LogModuleManager: Shutting down and abandoning module EditorSettingsViewer (155)
[2016.05.23-01.38.21:496][656]LogModuleManager: Shutting down and abandoning module SettingsEditor (154)
[2016.05.23-01.38.21:497][656]LogModuleManager: Shutting down and abandoning module ProjectLauncher (153)
[2016.05.23-01.38.21:498][656]LogModuleManager: Shutting down and abandoning module SessionFrontend (152)
[2016.05.23-01.38.21:498][656]LogModuleManager: Shutting down and abandoning module ProfilerClient (151)
[2016.05.23-01.38.21:500][656]LogModuleManager: Shutting down and abandoning module TargetDeviceServices (150)
[2016.05.23-01.38.21:500][656]LogModuleManager: Shutting down and abandoning module DeviceManager (149)
[2016.05.23-01.38.21:501][656]LogModuleManager: Shutting down and abandoning module AutomationController (148)
[2016.05.23-01.38.21:501][656]LogModuleManager: Shutting down and abandoning module AutomationWindow (147)
[2016.05.23-01.38.21:502][656]LogModuleManager: Shutting down and abandoning module Layers (146)
[2016.05.23-01.38.21:504][656]LogModuleManager: Shutting down and abandoning module ComponentVisualizers (145)
[2016.05.23-01.38.21:504][656]LogModuleManager: Shutting down and abandoning module DetailCustomizations (144)
[2016.05.23-01.38.21:504][656]LogModuleManager: Shutting down and abandoning module PackagesDialog (143)
[2016.05.23-01.38.21:504][656]LogModuleManager: Shutting down and abandoning module Persona (142)
[2016.05.23-01.38.21:506][656]LogModuleManager: Shutting down and abandoning module Kismet (141)
[2016.05.23-01.38.21:506][656]LogModuleManager: Shutting down and abandoning module GraphEditor (140)
[2016.05.23-01.38.21:506][656]LogModuleManager: Shutting down and abandoning module ClassViewer (139)
[2016.05.23-01.38.21:506][656]LogModuleManager: Shutting down and abandoning module Toolbox (138)
[2016.05.23-01.38.21:506][656]LogModuleManager: Shutting down and abandoning module ModuleUI (137)
[2016.05.23-01.38.21:507][656]LogModuleManager: Shutting down and abandoning module MovieSceneTools (136)
[2016.05.23-01.38.21:508][656]LogModuleManager: Shutting down and abandoning module OutputLog (135)
[2016.05.23-01.38.21:508][656]LogModuleManager: Shutting down and abandoning module GammaUI (134)
[2016.05.23-01.38.21:508][656]LogModuleManager: Shutting down and abandoning module Documentation (133)
[2016.05.23-01.38.21:508][656]LogModuleManager: Shutting down and abandoning module GameLiveStreaming (132)
[2016.05.23-01.38.21:508][656]LogModuleManager: Shutting down and abandoning module StreamingPauseRendering (131)
[2016.05.23-01.38.21:508][656]LogModuleManager: Shutting down and abandoning module AnalyticsET (130)
[2016.05.23-01.38.21:508][656]LogModuleManager: Shutting down and abandoning module Analytics (129)
[2016.05.23-01.38.21:508][656]LogModuleManager: Shutting down and abandoning module AITestSuite (128)
[2016.05.23-01.38.21:509][656]LogModuleManager: Shutting down and abandoning module GameplayDebugger (127)
[2016.05.23-01.38.21:509][656]LogModuleManager: Shutting down and abandoning module AIModule (126)
[2016.05.23-01.38.21:510][656]LogModuleManager: Shutting down and abandoning module ProfilerService (125)
[2016.05.23-01.38.21:705][656]LogModuleManager: Shutting down and abandoning module TaskGraph (124)
[2016.05.23-01.38.21:707][656]LogModuleManager: Shutting down and abandoning module SubstanceEditor (123)
[2016.05.23-01.38.21:707][656]LogModuleManager: Shutting down and abandoning module SlateRemote (122)
[2016.05.23-01.38.21:707][656]LogModuleManager: Shutting down and abandoning module SteamVRController (121)
[2016.05.23-01.38.21:707][656]LogModuleManager: Shutting down and abandoning module SteamVR (120)
[2016.05.23-01.38.21:707][656]LogModuleManager: Shutting down and abandoning module ProceduralMeshComponent (119)
[2016.05.23-01.38.21:707][656]LogModuleManager: Shutting down and abandoning module OculusLibrary (118)
[2016.05.23-01.38.21:707][656]LogModuleManager: Shutting down and abandoning module OculusInput (117)
[2016.05.23-01.38.21:707][656]LogModuleManager: Shutting down and abandoning module LeapMotionController (116)
[2016.05.23-01.38.21:739][656]LogModuleManager: Shutting down and abandoning module CustomMeshComponent (115)
[2016.05.23-01.38.21:739][656]LogModuleManager: Shutting down and abandoning module CableComponent (114)
[2016.05.23-01.38.21:739][656]LogModuleManager: Shutting down and abandoning module ArchVisCharacter (113)
[2016.05.23-01.38.21:739][656]LogModuleManager: Shutting down and abandoning module MessagingDebugger (112)
[2016.05.23-01.38.21:741][656]LogModuleManager: Shutting down and abandoning module MediaPlayerEditor (111)
[2016.05.23-01.38.21:742][656]LogModuleManager: Shutting down and abandoning module HTML5Networking (110)
[2016.05.23-01.38.21:742][656]LogModuleManager: Shutting down and abandoning module SpeedTreeImporter (109)
[2016.05.23-01.38.21:742][656]LogModuleManager: Shutting down and abandoning module PluginBrowser (108)
[2016.05.23-01.38.21:743][656]LogModuleManager: Shutting down and abandoning module EpicSurvey (107)
[2016.05.23-01.38.21:744][656]LogModuleManager: Shutting down and abandoning module DesktopPlatform (106)
[2016.05.23-01.38.21:744][656]LogModuleManager: Shutting down and abandoning module VisualStudioSourceCodeAccess (105)
[2016.05.23-01.38.21:744][656]LogModuleManager: Shutting down and abandoning module UObjectPlugin (104)
[2016.05.23-01.38.21:744][656]LogModuleManager: Shutting down and abandoning module SubversionSourceControl (103)
[2016.05.23-01.38.21:745][656]LogModuleManager: Shutting down and abandoning module PerforceSourceControl (102)
[2016.05.23-01.38.21:746][656]LogModuleManager: Shutting down and abandoning module SourceControl (101)
[2016.05.23-01.38.21:747][656]LogModuleManager: Shutting down and abandoning module GitSourceControl (100)
[2016.05.23-01.38.21:748][656]LogModuleManager: Shutting down and abandoning module LightPropagationVolumeEditor (99)
[2016.05.23-01.38.21:748][656]LogModuleManager: Shutting down and abandoning module PaperTiledImporter (98)
[2016.05.23-01.38.21:748][656]LogModuleManager: Shutting down and abandoning module PaperSpriteSheetImporter (97)
[2016.05.23-01.38.21:748][656]LogModuleManager: Shutting down and abandoning module MeshPaint (96)
[2016.05.23-01.38.21:748][656]LogModuleManager: Shutting down and abandoning module SlateReflector (95)
[2016.05.23-01.38.21:749][656]LogModuleManager: Shutting down and abandoning module HotReload (94)
[2016.05.23-01.38.21:749][656]LogModuleManager: Shutting down and abandoning module MainFrame (93)
[2016.05.23-01.38.21:749][656]LogModuleManager: Shutting down and abandoning module LevelEditor (92)
[2016.05.23-01.38.21:750][656]LogModuleManager: Shutting down and abandoning module ContentBrowser (91)
[2016.05.23-01.38.21:751][656]LogModuleManager: Shutting down and abandoning module Paper2DEditor (90)
[2016.05.23-01.38.21:752][656]LogModuleManager: Shutting down and abandoning module UdpMessaging (89)
[2016.05.23-01.38.21:853][656]LogModuleManager: Shutting down and abandoning module DirectoryWatcher (88)
[2016.05.23-01.38.21:857][656]LogModuleManager: Shutting down and abandoning module AssetRegistry (87)
[2016.05.23-01.38.21:939][656]LogModuleManager: Shutting down and abandoning module SubstanceCore (86)
[2016.05.23-01.38.21:940][656]LogModuleManager: Shutting down and abandoning module LightPropagationVolumeRuntime (85)
[2016.05.23-01.38.21:940][656]LogModuleManager: Shutting down and abandoning module Paper2D (84)
[2016.05.23-01.38.21:940][656]LogModuleManager: Shutting down and abandoning module WindowsMoviePlayer (83)
[2016.05.23-01.38.21:944][656]LogModuleManager: Shutting down and abandoning module Media (82)
[2016.05.23-01.38.21:944][656]LogModuleManager: Shutting down and abandoning module WmfMedia (81)
[2016.05.23-01.38.21:944][656]LogModuleManager: Shutting down and abandoning module OnlineBlueprintSupport (80)
[2016.05.23-01.38.21:944][656]LogModuleManager: Shutting down and abandoning module GameplayTasksEditor (79)
[2016.05.23-01.38.21:944][656]LogModuleManager: Shutting down and abandoning module PropertyEditor (78)
[2016.05.23-01.38.21:944][656]LogModuleManager: Shutting down and abandoning module BehaviorTreeEditor (77)
[2016.05.23-01.38.21:946][656]LogModuleManager: Shutting down and abandoning module FunctionalTesting (76)
[2016.05.23-01.38.21:946][656]LogModuleManager: Shutting down and abandoning module CollisionAnalyzer (75)
[2016.05.23-01.38.21:947][656]LogModuleManager: Shutting down and abandoning module WorkspaceMenuStructure (74)
[2016.05.23-01.38.21:947][656]LogModuleManager: Shutting down and abandoning module MessageLog (73)
[2016.05.23-01.38.21:947][656]LogModuleManager: Shutting down and abandoning module Sequencer (72)
[2016.05.23-01.38.21:948][656]LogModuleManager: Shutting down and abandoning module AssetTools (71)
[2016.05.23-01.38.21:950][656]LogModuleManager: Shutting down and abandoning module UMGEditor (70)
[2016.05.23-01.38.21:951][656]LogModuleManager: Shutting down and abandoning module UMG (69)
[2016.05.23-01.38.21:951][656]LogModuleManager: Shutting down and abandoning module Slate (68)
[2016.05.23-01.38.21:951][656]LogModuleManager: Shutting down and abandoning module EditorStyle (67)
[2016.05.23-01.38.21:953][656]LogModuleManager: Shutting down and abandoning module SessionServices (66)
[2016.05.23-01.38.21:953][656]LogModuleManager: Shutting down and abandoning module SourceCodeAccess (65)
[2016.05.23-01.38.21:954][656]LogModuleManager: Shutting down and abandoning module HeadMountedDisplay (64)
[2016.05.23-01.38.21:954][656]LogModuleManager: Shutting down and abandoning module XAudio2 (63)
[2016.05.23-01.38.21:954][656]LogModuleManager: Shutting down and abandoning module Networking (61)
[2016.05.23-01.38.21:954][656]LogModuleManager: Shutting down and abandoning module Core (60)
[2016.05.23-01.38.21:954][656]LogModuleManager: Shutting down and abandoning module KismetCompiler (59)
[2016.05.23-01.38.21:954][656]LogModuleManager: Shutting down and abandoning module PhysXFormats (58)
[2016.05.23-01.38.21:954][656]LogModuleManager: Shutting down and abandoning module MeshUtilities (57)
[2016.05.23-01.38.21:954][656]LogModuleManager: Shutting down and abandoning module DerivedDataCache (56)
[2016.05.23-01.38.21:970][656]LogDerivedDataCache: Shutdown
[2016.05.23-01.38.21:970][656]LogModuleManager: Shutting down and abandoning module ShaderFormatOpenGL (55)
[2016.05.23-01.38.21:971][656]LogModuleManager: Shutting down and abandoning module ShaderFormatD3D (54)
[2016.05.23-01.38.21:971][656]LogModuleManager: Shutting down and abandoning module MetalShaderFormat (53)
[2016.05.23-01.38.21:971][656]LogModuleManager: Shutting down and abandoning module TextureFormatUncompressed (52)
[2016.05.23-01.38.21:971][656]LogModuleManager: Shutting down and abandoning module TextureFormatPVR (51)
[2016.05.23-01.38.21:971][656]LogModuleManager: Shutting down and abandoning module TextureFormatIntelISPCTexComp (50)
[2016.05.23-01.38.21:971][656]LogModuleManager: Shutting down and abandoning module TextureFormatDXT (49)
[2016.05.23-01.38.21:971][656]LogModuleManager: Shutting down and abandoning module ImageWrapper (48)
[2016.05.23-01.38.21:971][656]LogModuleManager: Shutting down and abandoning module TextureFormatASTC (47)
[2016.05.23-01.38.21:971][656]LogModuleManager: Shutting down and abandoning module TextureFormatAndroid (46)
[2016.05.23-01.38.21:971][656]LogModuleManager: Shutting down and abandoning module AudioFormatOpus (45)
[2016.05.23-01.38.21:972][656]LogModuleManager: Shutting down and abandoning module AudioFormatOgg (44)
[2016.05.23-01.38.21:972][656]LogModuleManager: Shutting down and abandoning module AudioFormatADPCM (43)
[2016.05.23-01.38.21:972][656]LogModuleManager: Shutting down and abandoning module LinuxTargetPlatform (42)
[2016.05.23-01.38.21:972][656]LogModuleManager: Shutting down and abandoning module LinuxServerTargetPlatform (41)
[2016.05.23-01.38.21:972][656]LogModuleManager: Shutting down and abandoning module LinuxNoEditorTargetPlatform (40)
[2016.05.23-01.38.21:972][656]LogModuleManager: Shutting down and abandoning module Messaging (39)
[2016.05.23-01.38.21:972][656]LogModuleManager: Shutting down and abandoning module IOSTargetPlatform (38)
[2016.05.23-01.38.21:972][656]LogModuleManager: Shutting down and abandoning module HTML5TargetPlatform (37)
[2016.05.23-01.38.21:972][656]LogModuleManager: Shutting down and abandoning module Android_PVRTCTargetPlatform (36)
[2016.05.23-01.38.21:972][656]LogModuleManager: Shutting down and abandoning module Android_MultiTargetPlatform (35)
[2016.05.23-01.38.21:972][656]LogModuleManager: Shutting down and abandoning module Android_ETC2TargetPlatform (34)
[2016.05.23-01.38.21:972][656]LogModuleManager: Shutting down and abandoning module Android_ETC1TargetPlatform (33)
[2016.05.23-01.38.21:972][656]LogModuleManager: Shutting down and abandoning module Android_DXTTargetPlatform (32)
[2016.05.23-01.38.21:972][656]LogModuleManager: Shutting down and abandoning module Android_ATCTargetPlatform (31)
[2016.05.23-01.38.21:972][656]LogModuleManager: Shutting down and abandoning module Android_ASTCTargetPlatform (30)
[2016.05.23-01.38.21:972][656]LogModuleManager: Shutting down and abandoning module AndroidTargetPlatform (29)
[2016.05.23-01.38.21:972][656]LogModuleManager: Shutting down and abandoning module WindowsTargetPlatform (28)
[2016.05.23-01.38.21:972][656]LogModuleManager: Shutting down and abandoning module WindowsServerTargetPlatform (27)
[2016.05.23-01.38.21:972][656]LogModuleManager: Shutting down and abandoning module WindowsNoEditorTargetPlatform (26)
[2016.05.23-01.38.21:972][656]LogModuleManager: Shutting down and abandoning module WindowsClientTargetPlatform (25)
[2016.05.23-01.38.21:972][656]LogModuleManager: Shutting down and abandoning module AllDesktopTargetPlatform (24)
[2016.05.23-01.38.21:972][656]LogModuleManager: Shutting down and abandoning module TargetPlatform (23)
[2016.05.23-01.38.21:972][656]LogModuleManager: Shutting down and abandoning module InputCore (22)
[2016.05.23-01.38.21:972][656]LogModuleManager: Shutting down and abandoning module Settings (21)
[2016.05.23-01.38.21:972][656]LogModuleManager: Shutting down and abandoning module OnlineSubsystem (19)
[2016.05.23-01.38.21:972][656]LogModuleManager: Shutting down and abandoning module HTTP (18)
[2016.05.23-01.38.23:974][656]LogModuleManager: Shutting down and abandoning module XMPP (17)
[2016.05.23-01.38.23:990][656]LogModuleManager: Shutting down and abandoning module OculusRift (16)
[2016.05.23-01.38.24:009][656]LogModuleManager: Shutting down and abandoning module ExampleDeviceProfileSelector (15)
[2016.05.23-01.38.24:009][656]LogModuleManager: Shutting down and abandoning module TextureCompressor (14)
[2016.05.23-01.38.24:010][656]LogModuleManager: Shutting down and abandoning module ShaderCore (13)
[2016.05.23-01.38.24:010][656]LogModuleManager: Shutting down and abandoning module Landscape (12)
[2016.05.23-01.38.24:010][656]LogModuleManager: Shutting down and abandoning module SlateRHIRenderer (11)
[2016.05.23-01.38.24:039][656]LogModuleManager: Shutting down and abandoning module OpenGLDrv (10)
[2016.05.23-01.38.24:047][656]LogModuleManager: Shutting down and abandoning module D3D11RHI (9)
[2016.05.23-01.38.24:048][656]LogModuleManager: Shutting down and abandoning module AnimGraphRuntime (8)
[2016.05.23-01.38.24:048][656]LogModuleManager: Shutting down and abandoning module Renderer (7)
[2016.05.23-01.38.24:048][656]LogModuleManager: Shutting down and abandoning module Engine (6)
[2016.05.23-01.38.24:048][656]LogModuleManager: Shutting down and abandoning module CoreUObject (5)
[2016.05.23-01.38.24:048][656]LogModuleManager: Shutting down and abandoning module NetworkFile (4)
[2016.05.23-01.38.24:054][656]LogModuleManager: Shutting down and abandoning module StreamingFile (3)
[2016.05.23-01.38.24:054][656]LogModuleManager: Shutting down and abandoning module SandboxFile (2)
[2016.05.23-01.38.24:058][656]LogModuleManager: Shutting down and abandoning module PakFile (1)
[2016.05.23-01.38.24:064][656]LogExit: Exiting.
[2016.05.23-01.38.24:105][656]Log file closed, 05/22/16 21:38:24
