[2016.05.19-21.53.43:213][  0]Log file open, 05/19/16 17:53:43
[2016.05.19-21.53.43:213][  0]LogInit:Display: Running engine for game: Lost_Light
[2016.05.19-21.53.43:213][  0]LogPlatformFile: Not using cached read wrapper
[2016.05.19-21.53.43:213][  0]LogInit:Display: RandInit(-1509582971) SRandInit(-1509582970).
[2016.05.19-21.53.43:213][  0]LogTaskGraph: Started task graph with 4 named threads and 7 total threads.
[2016.05.19-21.53.43:213][  0]LogStats: Stats thread started at 0.074617
[2016.05.19-21.53.43:213][  0]LogInit: Version: 4.10.4-2872498+++depot+UE4-Releases+4.10
[2016.05.19-21.53.43:213][  0]LogInit: API Version: 2758231
[2016.05.19-21.53.43:213][  0]LogInit: Compiled (64-bit): Feb 18 2016 15:47:04
[2016.05.19-21.53.43:213][  0]LogInit: Compiled with Visual C++: 19.00.23026.00
[2016.05.19-21.53.43:213][  0]LogInit: Build Configuration: Development
[2016.05.19-21.53.43:213][  0]LogInit: Branch Name: ++depot+UE4-Releases+4.10
[2016.05.19-21.53.43:213][  0]LogInit: Command line:  /Temp/Autosaves/Game/UEDPCRyanDemoMap -game -PIEVIACONSOLE -ResX=1280 -ResY=720  -Multiprocess -featureleveles2 -faketouches 
[2016.05.19-21.53.43:213][  0]LogInit: Base directory: C:/Program Files (x86)/Epic Games/4.10/Engine/Binaries/Win64/
[2016.05.19-21.53.43:213][  0]LogInit: Rocket: 1
[2016.05.19-21.53.43:220][  0]LogInit: Using libcurl 7.41.0
[2016.05.19-21.53.43:220][  0]LogInit:  - built for x86_64-pc-win32
[2016.05.19-21.53.43:220][  0]LogInit:  - supports SSL with WinSSL
[2016.05.19-21.53.43:220][  0]LogInit:  - other features:
[2016.05.19-21.53.43:220][  0]LogInit:      CURL_VERSION_SSL
[2016.05.19-21.53.43:220][  0]LogInit:      CURL_VERSION_IPV6
[2016.05.19-21.53.43:220][  0]LogInit:      CURL_VERSION_ASYNCHDNS
[2016.05.19-21.53.43:220][  0]LogInit:      CURL_VERSION_LARGEFILE
[2016.05.19-21.53.43:220][  0]LogInit:      CURL_VERSION_IDN
[2016.05.19-21.53.43:220][  0]LogInit:  CurlRequestOptions (configurable via config and command line):
[2016.05.19-21.53.43:220][  0]LogInit:  - bVerifyPeer = true  - Libcurl will verify peer certificate
[2016.05.19-21.53.43:220][  0]LogInit:  - bUseHttpProxy = false  - Libcurl will NOT use HTTP proxy
[2016.05.19-21.53.43:220][  0]LogInit:  - bDontReuseConnections = false  - Libcurl will reuse connections
[2016.05.19-21.53.43:220][  0]LogInit:  - CertBundlePath = nullptr  - Libcurl will use whatever was configured at build time.
[2016.05.19-21.53.43:226][  0]LogInit: Presizing for 0 objects not considered by GC, pre-allocating 0 bytes.
[2016.05.19-21.53.43:234][  0]LogInit: Object subsystem initialized
[2016.05.19-21.53.43:234][  0]LogInit: Selected Device Profile: [Windows]
[2016.05.19-21.53.43:234][  0]LogInit: Applying CVar settings loaded from the selected device profile: [Windows]
[2016.05.19-21.53.43:237][  0]LogInit: Computer: RJSDESKTOP
[2016.05.19-21.53.43:237][  0]LogInit: User: RyanJSmith
[2016.05.19-21.53.43:237][  0]LogInit: CPU Page size=4096, Cores=4
[2016.05.19-21.53.43:237][  0]LogInit: High frequency timer resolution =3.312791 MHz
[2016.05.19-21.53.43:237][  0]LogMemory: Memory total: Physical=15.9GB (16GB approx)
[2016.05.19-21.53.43:237][  0]LogMemory: Platform Memory Stats for Windows
[2016.05.19-21.53.43:237][  0]LogMemory: Process Physical Memory: 55.12 MB used, 55.12 MB peak
[2016.05.19-21.53.43:237][  0]LogMemory: Process Virtual Memory: 56.51 MB used, 56.51 MB peak
[2016.05.19-21.53.43:237][  0]LogMemory: Physical Memory: 6012.05 MB used, 16270.05 MB total
[2016.05.19-21.53.43:237][  0]LogMemory: Virtual Memory: 364.80 MB used, 134217728.00 MB total
[2016.05.19-21.53.43:267][  0]LogTextLocalizationManager: No specific translations for ('en-US') exist, so ('en') translations will be used.
[2016.05.19-21.53.43:649][  0]LogD3D11RHI: Found D3D11 adapter 0: NVIDIA GeForce GTX 970 (Feature Level 11_0)
[2016.05.19-21.53.43:649][  0]LogD3D11RHI: Adapter has 3925MB of dedicated video memory, 0MB of dedicated system memory, and 8135MB of shared system memory, 2 output[s]
[2016.05.19-21.53.43:652][  0]LogD3D11RHI: Found D3D11 adapter 1: Intel(R) HD Graphics 4000 (Feature Level 11_0)
[2016.05.19-21.53.43:652][  0]LogD3D11RHI: Adapter has 32MB of dedicated video memory, 0MB of dedicated system memory, and 1760MB of shared system memory, 0 output[s]
[2016.05.19-21.53.43:653][  0]LogD3D11RHI: Found D3D11 adapter 2: Microsoft Basic Render Driver (Feature Level 11_0)
[2016.05.19-21.53.43:653][  0]LogD3D11RHI: Adapter has 0MB of dedicated video memory, 0MB of dedicated system memory, and 256MB of shared system memory, 0 output[s]
[2016.05.19-21.53.43:653][  0]LogD3D11RHI: Chosen D3D11 Adapter Id = 0
[2016.05.19-21.53.43:656][  0]LogD3D11RHI: !Direct3DDevice
[2016.05.19-21.53.43:656][  0]LogRHI: Texture pool is 1361 MB (70% of 1945 MB)
[2016.05.19-21.53.43:672][  0]LogD3D11RHI: Async texture creation enabled
[2016.05.19-21.53.43:688][  0]LogShaderCompilers: Guid format shader working directory is -30 characters bigger than the processId version (../../../../../../Users/RyanJSmith/UE4 Projects/lostlight/Lost_Light/Lost_Light/Intermediate/Shaders/WorkingDirectory/4892/).
[2016.05.19-21.53.43:689][  0]LogShaderCompilers: Cleaned the shader compiler working directory 'C:/Users/RYANJS~1/AppData/Local/Temp/UnrealShaderWorkingDir/5CCB65F043E2A7B89D19EC89AF38D964/'.
[2016.05.19-21.53.43:689][  0]LogShaderCompilers:Display: Using Local Shader Compiler.
[2016.05.19-21.53.44:322][  0]LogTemp:Display: Loaded TP AllDesktopTargetPlatform
[2016.05.19-21.53.44:326][  0]LogTemp:Display: Loaded TP WindowsClientTargetPlatform
[2016.05.19-21.53.44:330][  0]LogTemp:Display: Loaded TP WindowsNoEditorTargetPlatform
[2016.05.19-21.53.44:334][  0]LogTemp:Display: Loaded TP WindowsServerTargetPlatform
[2016.05.19-21.53.44:337][  0]LogTemp:Display: Loaded TP WindowsTargetPlatform
[2016.05.19-21.53.44:340][  0]LogTemp:Display: Loaded TP AndroidTargetPlatform
[2016.05.19-21.53.44:343][  0]LogTemp:Display: Loaded TP Android_ASTCTargetPlatform
[2016.05.19-21.53.44:346][  0]LogTemp:Display: Loaded TP Android_ATCTargetPlatform
[2016.05.19-21.53.44:348][  0]LogTemp:Display: Loaded TP Android_DXTTargetPlatform
[2016.05.19-21.53.44:350][  0]LogTemp:Display: Loaded TP Android_ETC1TargetPlatform
[2016.05.19-21.53.44:353][  0]LogTemp:Display: Loaded TP Android_ETC2TargetPlatform
[2016.05.19-21.53.44:358][  0]LogTemp:Display: Loaded TP Android_MultiTargetPlatform
[2016.05.19-21.53.44:358][  0]LogTemp:Display: Loaded TP Android_PVRTCTargetPlatform
[2016.05.19-21.53.44:358][  0]LogTemp:Display: Loaded TP HTML5TargetPlatform
[2016.05.19-21.53.44:375][  0]LogTemp:Display: Loaded TP IOSTargetPlatform
[2016.05.19-21.53.44:377][  0]LogTemp:Display: Loaded TP LinuxNoEditorTargetPlatform
[2016.05.19-21.53.44:379][  0]LogTemp:Display: Loaded TP LinuxServerTargetPlatform
[2016.05.19-21.53.44:382][  0]LogTemp:Display: Loaded TP LinuxTargetPlatform
[2016.05.19-21.53.44:382][  0]LogTargetPlatformManager:Display: Building Assets For Windows
[2016.05.19-21.53.44:445][  0]LogDerivedDataCache:Display: Max Cache Size: 512 MB
[2016.05.19-21.53.44:481][  0]LogDerivedDataCache: Loaded boot cache 0.04s 41MB C:/Users/RyanJSmith/AppData/Local/UnrealEngine/4.10/DerivedDataCache/Boot.ddc.
[2016.05.19-21.53.44:482][  0]LogDerivedDataCache:Display: Loaded Boot cache: C:/Users/RyanJSmith/AppData/Local/UnrealEngine/4.10/DerivedDataCache/Boot.ddc
[2016.05.19-21.53.44:482][  0]LogDerivedDataCache: FDerivedDataBackendGraph:  Pak pak cache file ../../../../../../Users/RyanJSmith/UE4 Projects/lostlight/Lost_Light/Lost_Light/DerivedDataCache/DDC.ddp not found, will not use a pak cache.
[2016.05.19-21.53.44:482][  0]LogDerivedDataCache: Unable to find inner node Pak for hierarchical cache Hierarchy.
[2016.05.19-21.53.44:482][  0]LogDerivedDataCache: FDerivedDataBackendGraph:  CompressedPak pak cache file ../../../../../../Users/RyanJSmith/UE4 Projects/lostlight/Lost_Light/Lost_Light/DerivedDataCache/Compressed.ddp not found, will not use a pak cache.
[2016.05.19-21.53.44:482][  0]LogDerivedDataCache: Unable to find inner node CompressedPak for hierarchical cache Hierarchy.
[2016.05.19-21.5