Log file open, 08/22/16 17:43:08
LogInit:Display: Running engine for game: BuildingEscape
LogPlatformFile: Not using cached read wrapper
LogInit:Display: RandInit(1770116467) SRandInit(1770116468).
LogTaskGraph: Started task graph with 4 named threads and 7 total threads with 1 sets of task threads.
LogStats: Stats thread started at 0.066847
OCULUS: Info: [CAPI] LibOVR module is located at D:\Oculus\Support\oculus-runtime\LibOVRRT64_1.dll
OCULUS: Debug: Connected to the server running version (prod = 1).1.7.0(build = 262766) feature version = 0. Client runs version (prod = 1).1.7.0(build = 262766) feature version = 0
OCULUS: Debug: [HMDState] Using default profile default
OCULUS: Info: IAD changed to 65.7mm
OCULUS: Debug: [SharedMemory] Creating factory
LogInit: Version: 4.12.5-3039270+++UE4+Release-4.12
LogInit: API Version: 2992821
LogInit: Net Version: 3039270
LogDevObjectVersion: Number of dev versions registered: 13
LogDevObjectVersion:   Dev-Blueprints (B0D832E4-1F89-4F0D-ACCF-7EB736FD4AA2): 3
LogDevObjectVersion:   Dev-Build (E1C64328-A22C-4D53-A36C-8E866417BD8C): 0
LogDevObjectVersion:   Dev-Core (375EC13C-06E4-48FB-B500-84F0262A717E): 1
LogDevObjectVersion:   Dev-Editor (E4B068ED-F494-42E9-A231-DA0B2E46BB41): 2
LogDevObjectVersion:   Dev-Framework (CFFC743F-43B0-4480-9391-14DF171D2073): 6
LogDevObjectVersion:   Dev-Mobile (B02B49B5-BB20-44E9-A304-32B752E40360): 0
LogDevObjectVersion:   Dev-Networking (A4E4105C-59A1-49B5-A7C5-40C4547EDFEE): 0
LogDevObjectVersion:   Dev-Online (39C831C9-5AE6-47DC-9A44-9C173E1C8E7C): 0
LogDevObjectVersion:   Dev-Physics (78F01B33-EBEA-4F98-B9B4-84EACCB95AA2): 0
LogDevObjectVersion:   Dev-Platform (6631380F-2D4D-43E0-8009-CF276956A95A): 0
LogDevObjectVersion:   Dev-Rendering (12F88B9F-8875-4AFC-A67C-D90C383ABD29): 2
LogDevObjectVersion:   Dev-Sequencer (7B5AE74C-D270-4C10-A958-57980B212A5A): 0
LogDevObjectVersion:   Dev-VR (D7296918-1DD6-4BDD-9DE2-64A83CC13884): 0
LogInit: Compiled (64-bit): Jul  6 2016 09:09:46
LogInit: Compiled with Visual C++: 19.00.23026.00
LogInit: Build Configuration: Development
LogInit: Branch Name: ++UE4+Release-4.12
LogInit: Command line:  
LogInit: Base directory: C:/Program Files (x86)/Epic Games/4.12/Engine/Binaries/Win64/
LogInit: Installed Engine Build: 1
LogInit: Using libcurl 7.41.0
LogInit:  - built for x86_64-pc-win32
LogInit:  - supports SSL with WinSSL
LogInit:  - other features:
LogInit:      CURL_VERSION_SSL
LogInit:      CURL_VERSION_IPV6
LogInit:      CURL_VERSION_ASYNCHDNS
LogInit:      CURL_VERSION_LARGEFILE
LogInit:      CURL_VERSION_IDN
LogInit:  CurlRequestOptions (configurable via config and command line):
LogInit:  - bVerifyPeer = true  - Libcurl will verify peer certificate
LogInit:  - bUseHttpProxy = false  - Libcurl will NOT use HTTP proxy
LogInit:  - bDontReuseConnections = false  - Libcurl will reuse connections
LogInit:  - CertBundlePath = nullptr  - Libcurl will use whatever was configured at build time.
LogInit: Presizing for max 8388607 objects, including 0 objects not considered by GC, pre-allocating 0 bytes for permanent pool.
LogInit: Object subsystem initialized
[2016.08.22-21.43.08:938][  0]LogInit: Selected Device Profile: [Windows]
[2016.08.22-21.43.08:938][  0]LogInit: Applying CVar settings loaded from the selected device profile: [Windows]
[2016.08.22-21.43.08:948][  0]LogInit: Computer: RYANJSMITH_PC
[2016.08.22-21.43.08:948][  0]LogInit: User: RyanJSmith
[2016.08.22-21.43.08:948][  0]LogInit: CPU Page size=65536, Cores=4
[2016.08.22-21.43.08:948][  0]LogInit: High frequency timer resolution =3.906248 MHz
[2016.08.22-21.43.08:949][  0]LogMemory: Memory total: Physical=15.9GB (16GB approx)
[2016.08.22-21.43.08:949][  0]LogMemory: Platform Memory Stats for Windows
[2016.08.22-21.43.08:949][  0]LogMemory: Process Physical Memory: 193.04 MB used, 193.04 MB peak
[2016.08.22-21.43.08:949][  0]LogMemory: Process Virtual Memory: 197.64 MB used, 197.64 MB peak
[2016.08.22-21.43.08:949][  0]LogMemory: Physical Memory: 3683.36 MB used, 16326.53 MB total
[2016.08.22-21.43.08:949][  0]LogMemory: Virtual Memory: 583.08 MB used, 134217728.00 MB total
[2016.08.22-21.43.08:977][  0]LogTextLocalizationManager: No specific translations for ('en-US') exist, so ('en') translations will be used.
[2016.08.22-21.43.09:607][  0]LogD3D11RHI: D3D11 adapters:
[2016.08.22-21.43.09:621][  0]LogD3D11RHI:    0. 'NVIDIA GeForce GTX 970' (Feature Level 11_0)
[2016.08.22-21.43.09:621][  0]LogD3D11RHI:       3975/0/8163 MB DedicatedVideo/DedicatedSystem/SharedSystem, Outputs:2, VendorId:0x10de
[2016.08.22-21.43.09:622][  0]LogD3D11RHI:    1. 'Microsoft Basic Render Driver' (Feature Level 11_0)
[2016.08.22-21.43.09:622][  0]LogD3D11RHI:       0/0/256 MB DedicatedVideo/DedicatedSystem/SharedSystem, Outputs:0, VendorId:0x1414
[2016.08.22-21.43.09:622][  0]LogD3D11RHI: Chosen D3D11 Adapter: 0
[2016.08.22-21.43.09:624][  0]LogD3D11RHI: Creating new Direct3DDevice
[2016.08.22-21.43.09:624][  0]LogD3D11RHI:     GPU DeviceId: 0x13c2 (for the marketing name, search the web for "GPU Device Id")
[2016.08.22-21.43.09:624][  0]LogWindows: EnumDisplayDevices:
[2016.08.22-21.43.09:624][  0]LogWindows:    0. 'NVIDIA GeForce GTX 970' (P:0 D:1)
[2016.08.22-21.43.09:625][  0]LogWindows:    1. 'NVIDIA GeForce GTX 970' (P:1 D:1)
[2016.08.22-21.43.09:625][  0]LogWindows:    2. 'NVIDIA GeForce GTX 970' (P:0 D:0)
[2016.08.22-21.43.09:625][  0]LogWindows:    3. 'NVIDIA GeForce GTX 970' (P:0 D:0)
[2016.08.22-21.43.09:625][  0]LogWindows: DebugString: FoundDriverCount:4 
[2016.08.22-21.43.09:625][  0]LogD3D11RHI:     Adapter Name: NVIDIA GeForce GTX 970
[2016.08.22-21.43.09:625][  0]LogD3D11RHI:   Driver Version: 372.54 (internal:21.21.13.7254, unified:372.54)
[2016.08.22-21.43.09:625][  0]LogD3D11RHI:      Driver Date: 8-11-2016
[2016.08.22-21.43.09:625][  0]LogRHI: Texture pool is 1361 MB (70% of 1945 MB)
[2016.08.22-21.43.09:632][  0]LogD3D11RHI: Async texture creation enabled
[2016.08.22-21.43.09:648][  0]LogD3D11RHI: GPU Timing Frequency: 1000.000000 (Debug: 2 2)
[2016.08.22-21.43.09:648][  0]LogShaderCompilers: Guid format shader working directory is -35 characters bigger than the processId version (../../../../../../Users/RyanJSmith/repo_main/repo_main/BuildingEscape/BuildingEscape/Intermediate/Shaders/WorkingDirectory/4064/).
[2016.08.22-21.43.09:648][  0]LogShaderCompilers: Cleaned the shader compiler working directory 'C:/Users/RYANJS~1/AppData/Local/Temp/UnrealShaderWorkingDir/BC53F5DD48D1B80967D00CB352580FE6/'.
[2016.08.22-21.43.09:648][  0]LogShaderCompilers:Display: Using Local Shader Compiler.
[2016.08.22-21.43.10:480][  0]LogTemp:Display: Loaded TP AllDesktopTargetPlatform
[2016.08.22-21.43.10:488][  0]LogTemp:Display: Loaded TP WindowsClientTargetPlatform
[2016.08.22-21.43.10:497][  0]LogTemp:Display: Loaded TP WindowsNoEditorTargetPlatform
[2016.08.22-21.43.10:505][  0]LogTemp:Display: Loaded TP WindowsServerTargetPlatform
[2016.08.22-21.43.10:517][  0]OCULUS: Info: [HMDState] Requested to SetForegroundWindow(150c60ll)
[2016.08.22-21.43.10:517][  0]LogTemp:Display: Loaded TP WindowsTargetPlatform
[2016.08.22-21.43.10:523][  0]LogTemp:Display: Loaded TP AndroidTargetPlatform
[2016.08.22-21.43.10:531][  0]LogTemp:Display: Loaded TP Android_ASTCTargetPlatform
[2016.08.22-21.43.10:537][  0]LogTemp:Display: Loaded TP Android_ATCTargetPlatform
[2016.08.22-21.43.10:543][  0]LogTemp:Display: Loaded TP Android_DXTTargetPlatform
[2016.08.22-21.43.10:550][  0]LogTemp:Display: Loaded TP Android_ETC1TargetPlatform
[2016.08.22-21.43.10:557][  0]LogTemp:Display: Loaded TP Android_ETC2TargetPlatform
[2016.08.22-21.43.10:573][  0]LogTemp:Display: Loaded TP Android_MultiTargetPlatform
[2016.08.22-21.43.10:574][  0]LogTemp:Display: Loaded TP Android_PVRTCTargetPlatform
[2016.08.22-21.43.10:574][  0]LogTemp:Display: Loaded TP HTML5TargetPlatform
[2016.08.22-21.43.10:594][  0]LogTemp:Display: Loaded TP IOSTargetPlatform
[2016.08.22-21.43.10:602][  0]LogTemp:Display: Loaded TP TVOSTargetPlatform
[2016.08.22-21.43.10:612][  0]LogTemp:Display: Loaded TP LinuxNoEditorTargetPlatform
[2016.08.22-21.43.10:621][  0]LogTemp:Display: Loaded TP LinuxServerTargetPlatform
[2016.08.22-21.43.10:632][  0]LogTemp:Display: Loaded TP LinuxTargetPlatform
[2016.08.22-21.43.10:632][  0]LogTargetPlatformManager:Display: Building Assets For Windows
[2016.08.22-21.43.10:745][  0]LogDerivedDataCache:Display: Max Cache Size: 512 MB
[2016.08.22-21.43.10:799][  0]LogDerivedDataCache: Loaded boot cache 0.05s 48MB C:/Users/RyanJSmith/AppData/Local/UnrealEngine/4.12/DerivedDataCache/Boot.ddc.
[2016.08.22-21.43.10:799][  0]LogDerivedDataCache:Display: Loaded Boot cache: C:/Users/RyanJSmith/AppData/Local/UnrealEngine/4.12/DerivedDataCache/Boot.ddc
[2016.08.22-21.43.10:799][  0]LogDerivedDataCache: FDerivedDataBackendGraph:  Pak pak cache file ../../../../../../Users/RyanJSmith/repo_main/repo_main/BuildingEscape/BuildingEscape/DerivedDataCache/DDC.ddp not found, will not use a pak cache.
[2016.08.22-21.43.10:799][  0]LogDerivedDataCache: Unable to find inner node Pak for hierarchical cache Hierarchy.
[2016.08.22-21.43.10:800][  0]LogDerivedDataCache: FDerivedDataBackendGraph:  CompressedPak pak cache file ../../../../../../Users/RyanJSmith/repo_main/repo_main/BuildingEscape/BuildingEscape/DerivedDataCache/Compressed.ddp not found, will not use a pak cache.
[2016.08.22-21.43.10:800][  0]LogDerivedDataCache: Unable to find inner node CompressedPak for hierarchical cache Hierarchy.
[2016.08.22-21.43.10:820][  0]LogDerivedDataCache:Display: Pak cache opened for reading ../../../Engine/DerivedDataCache/Compressed.ddp.
[2016.08.22-21.43.10:832][  0]LogDerivedDataCache: Using Local data cache path C:/Users/RyanJSmith/AppData/Local/UnrealEngine/Common/DerivedDataCache: Writable
[2016.08.22-21.43.10:973][  0]LogInit: Selected Device Profile: [Windows]
[2016.08.22-21.43.10:974][  0]LogContentStreaming: Texture pool size is 0.00 MB
[2016.08.22-21.43.11:127][  0]LogMeshUtilities: No automatic mesh reduction module available
[2016.08.22-21.43.11:127][  0]LogMeshUtilities: No automatic mesh merging module available
[2016.08.22-21.43.11:127][  0]LogMeshUtilities: No distributed automatic mesh merging module available
[2016.08.22-21.43.11:356][  0]LogAssetRegistry: FAssetRegistry took 0.0221 seconds to start up
[2016.08.22-21.43.11:379][  0]LogPackageLocalizationCache: Processed 3 localized package path(s) for 2 prioritized culture(s) in 0.020220 seconds
[2016.08.22-21.43.11:384][  0]LogUObjectArray: 28739 objects as part of root set at end of initial load.
[2016.08.22-21.43.11:384][  0]LogUObjectAllocator: 5855632 out of 0 bytes used by permanent object pool.
[2016.08.22-21.43.11:384][  0]LogUObjectArray: CloseDisregardForGC: 0/0 objects in disregard for GC pool
[2016.08.22-21.43.11:391][  0]LogInit: WinSock: version 1.1 (2.2), MaxSocks=32767, MaxUdp=65467
[2016.08.22-21.43.11:543][  0]LogSlate: SlateFontCache - WITH_FREETYPE: 1, WITH_HARFBUZZ: 1
[2016.08.22-21.43.11:543][  0]LogSlate: SlateFontCache - WITH_FREETYPE: 1, WITH_HARFBUZZ: 1
[2016.08.22-21.43.12:016][  0]LogSubstanceCoreModule: Substance CPU Engine Loaded, Max Texture Size 2048
[2016.08.22-21.43.12:029][  0]LogUdpMessaging: Initializing bridge on interface 0.0.0.0:0 to multicast group 230.0.0.1:6666.
[2016.08.22-21.43.12:218][  0]SourceControl: Info Source control is disabled
[2016.08.22-21.43.12:235][  0]SourceControl: Info Source control is disabled
[2016.08.22-21.43.12:244][  0]SourceControl: Info Source control is disabled
[2016.08.22-21.43.12:252][  0]SourceControl: Info Source control is disabled
[2016.08.22-21.43.12:469][  0]LogEngine: Initializing Engine...
[2016.08.22-21.43.17:484][  0]LogHMD: SteamVR failed to initialize.  Err: 308
[2016.08.22-21.43.22:503][  0]OCULUS: Info: [HMDState] Requested to SetForegroundWindow(150c60ll)
[2016.08.22-21.43.22:503][  0]OCULUS: Info: [HMDState] Requested to SetForegroundWindow(150c60ll)
[2016.08.22-21.43.22:503][  0]OCULUS: Info: [HMDState] Requested to SetForegroundWindow(150c60ll)
[2016.08.22-21.43.22:503][  0]OCULUS: Info: [HMDState] Requested to SetForegroundWindow(150c60ll)
[2016.08.22-21.43.22:503][  0]LogHMD: SteamVR failed to initialize.  Err: 308
[2016.08.22-21.43.22:503][  0]LogHMD: Oculus plugin initialized. Version: 4.12.5-3039270+++UE4+Release-4.12, LibOVR: 1.7.0, SDK: 1.3.2, built Jul  6 2016, 09:11:15
[2016.08.22-21.43.22:504][  0]OCULUS: Debug: [HMDState] Using default profile default
[2016.08.22-21.43.22:504][  0]OCULUS: Info: IAD changed to 65.7mm
[2016.08.22-21.43.22:504][  0]OCULUS: Info: [HMDState] Requested to SetForegroundWindow(150c60ll)
[2016.08.22-21.43.22:600][  0]LogAIModule: Creating AISystem for world NewWorld
[2016.08.22-21.43.22:607][  0]LogInit: XAudio2 using 'Speakers (Realtek High Definition Audio)' : 2 channels at 48 kHz using 32 bits per sample (channel mask 0x3)
[2016.08.22-21.43.22:620][  0]LogInit: FAudioDevice initialized.
[2016.08.22-21.43.22:639][  0]LogDerivedDataCache: Saved boot cache 0.02s 48MB C:/Users/RyanJSmith/AppData/Local/UnrealEngine/4.12/DerivedDataCache/Boot.ddc.
[2016.08.22-21.43.22:642][  0]LogInit: Texture streaming: Enabled
[2016.08.22-21.43.22:658][  0]LogInit: Transaction tracking system initialized
[2016.08.22-21.43.22:675][  0]BlueprintLog: New page: Editor Load
[2016.08.22-21.43.22:728][  0]LocalizationService: Info Localization service is disabled
[2016.08.22-21.43.22:781][  0]LogConsoleResponse:Display: 
[2016.08.22-21.43.22:850][  0]LogCook:Display: Max memory allowance for cook 8192mb
[2016.08.22-21.43.22:850][  0]LogCook:Display: Mobile HDR setting 1
[2016.08.22-21.43.22:925][  0]LogFileCache: Scanning file cache for directory 'C:/Users/RyanJSmith/repo_main/repo_main/BuildingEscape/BuildingEscape/Content/' took 0.01s
[2016.08.22-21.43.22:925][  0]SourceControl: Info Source control is disabled
[2016.08.22-21.43.22:925][  0]Cmd: MAP LOAD FILE="../../../../../../Users/RyanJSmith/repo_main/repo_main/BuildingEscape/BuildingEscape/Content/Level1.umap" TEMPLATE=0 SHOWPROGRESS=1 FEATURELEVEL=3
[2016.08.22-21.43.22:925][  0]LightingResults: New page: Lighting Build
[2016.08.22-21.43.22:927][  0]MapCheck: New page: Map Check
[2016.08.22-21.43.22:927][  0]LightingResults: New page: Lighting Build
[2016.08.22-21.43.23:174][  0]LogAIModule: Creating AISystem for world Level1
[2016.08.22-21.43.23:196][  0]LogEditorServer: Finished looking for orphan Actors (0.000 secs)
[2016.08.22-21.43.23:196][  0]Cmd: MAP CHECKDEP NOCLEARLOG
[2016.08.22-21.43.23:219][  0]MapCheck: Info Map check complete: 0 Error(s), 0 Warning(s), took 22.318ms to complete.
[2016.08.22-21.43.23:219][  0]LogFileHelpers: Loading map 'Level1' took 0.293
[2016.08.22-21.43.23:310][  0]LogCollectionManager: Loaded 1 collections in 0.001521 seconds
[2016.08.22-21.43.23:352][  0]LogFileCache: Scanning file cache for directory 'C:/Users/RyanJSmith/repo_main/repo_main/BuildingEscape/BuildingEscape/Saved/Collections/' took 0.01s
[2016.08.22-21.43.23:352][  0]LogFileCache: Scanning file cache for directory 'C:/Users/RyanJSmith/repo_main/repo_main/BuildingEscape/BuildingEscape/Content/Developers/RyanJSmith/Collections/' took 0.01s
[2016.08.22-21.43.23:352][  0]LogFileCache: Scanning file cache for directory 'C:/Users/RyanJSmith/repo_main/repo_main/BuildingEscape/BuildingEscape/Content/Collections/' took 0.01s
[2016.08.22-21.43.23:352][  0]LogCollectionManager: Rebuilt the GUID cache for 1 collections in 0.000004 seconds
[2016.08.22-21.43.23:352][  0]LogCollectionManager: Rebuilt the hierarchy cache for 1 collections in 0.000000 seconds
[2016.08.22-21.43.23:358][  0]LogContentBrowser: Native class hierarchy populated in 0.0066 seconds. Added 2067 classes and 379 folders.
[2016.08.22-21.43.23:362][  0]LogStats: UGameplayTagsManager::ConstructGameplayTagTree: Construct from data asset -  0.000 s
[2016.08.22-21.43.23:362][  0]LogStats: UGameplayTagsManager::ConstructGameplayTagTree: GameplayTagTreeChangedEvent.Broadcast -  0.000 s
[2016.08.22-21.43.23:362][  0]LogContentBrowser: Native class hierarchy updated for 'GameplayTags' in 0.0007 seconds. Added 12 classes and 0 folders.
[2016.08.22-21.43.23:366][  0]LogContentBrowser: Native class hierarchy updated for 'WidgetCarousel' in 0.0006 seconds. Added 0 classes and 0 folders.
[2016.08.22-21.43.23:387][  0]LogContentBrowser: Native class hierarchy updated for 'AddContentDialog' in 0.0007 seconds. Added 0 classes and 0 folders.
[2016.08.22-21.43.23:480][  0]LogCrashTracker: Crashtracker disabled due to settings.
[2016.08.22-21.43.23:492][  0]LogUObjectGlobals:Warning: Failed to find object 'Class None.'
[2016.08.22-21.43.23:517][  0]LogContentBrowser: Native class hierarchy updated for 'HierarchicalLODOutliner' in 0.0007 seconds. Added 1 classes and 2 folders.
[2016.08.22-21.43.23:517][  0]LogLoad: Full Startup: 15.27 seconds (BP compile: 0.03 seconds)
[2016.08.22-21.43.23:517][  0]LogExternalProfiler: Found external profiler: VSPerf
[2016.08.22-21.43.23:517][  0]LogExternalProfiler: Using external profiler: VSPerf
[2016.08.22-21.43.23:526][  0]LogOcInput: OculusInput pre-init called
[2016.08.22-21.43.23:533][  0]LogOcInput: OculusInput is initialized. Init status 0. Runtime version: 1.7.0
[2016.08.22-21.43.23:550][  0]LogContentStreaming: Texture pool size now 700 MB
[2016.08.22-21.43.23:676][  0]LogRenderer: Reallocating scene render targets to support 1180x740 (Frame:2).
[2016.08.22-21.43.23:734][  1]Cmd: UpdateLandscapeEditorData -warnings
[2016.08.22-21.43.23:743][  1]LogAssetRegistry: Asset discovery search completed in 12.4099 seconds
[2016.08.22-21.43.23:743][  1]LogCollectionManager: Rebuilt the object cache for 1 collections in 0.000005 seconds (found 0 objects)
[2016.08.22-21.43.23:743][  1]LogCollectionManager: Fixed up redirectors for 1 collections in 0.000133 seconds (updated 0 objects)
[2016.08.22-21.43.32:853][923]LogWindowsTextInputMethodSystem:Display: IME system now deactivated.
[2016.08.22-21.43.33:008][924]Cmd: QUIT_EDITOR
[2016.08.22-21.43.33:047][924]LogExit: Preparing to exit.
[2016.08.22-21.43.34:161][924]LogExit: Editor shut down
[2016.08.22-21.43.34:162][924]LogExit: Transaction tracking system shut down
[2016.08.22-21.43.34:235][924]LogObj: Freed 0b from 0 cluster array pools.
[2016.08.22-21.43.34:235][924]LogExit: Object subsystem successfully closed.
[2016.08.22-21.43.34:254][924]LogD3D11RHI: Shutdown
[2016.08.22-21.43.34:254][924]LogD3D11RHI: CleanupD3DDevice
[2016.08.22-21.43.34:293][924]LogD3D11RHI: ~FD3D11DynamicRHI
[2016.08.22-21.43.34:300][924]LogModuleManager: Shutting down and abandoning module HierarchicalLODOutliner (217)
[2016.08.22-21.43.34:300][924]LogModuleManager: Shutting down and abandoning module ExternalImagePicker (216)
[2016.08.22-21.43.34:300][924]LogModuleManager: Shutting down and abandoning module CrashTracker (215)
[2016.08.22-21.43.34:300][924]LogModuleManager: Shutting down and abandoning module WidgetCarousel (214)
[2016.08.22-21.43.34:300][924]LogModuleManager: Shutting down and abandoning module AddContentDialog (213)
[2016.08.22-21.43.34:301][924]LogModuleManager: Shutting down and abandoning module GameplayTags (212)
[2016.08.22-21.43.34:301][924]LogModuleManager: Shutting down and abandoning module EditorWidgets (211)
[2016.08.22-21.43.34:301][924]LogModuleManager: Shutting down and abandoning module CollectionManager (210)
[2016.08.22-21.43.34:301][924]LogModuleManager: Shutting down and abandoning module SceneOutliner (209)
[2016.08.22-21.43.34:301][924]LogModuleManager: Shutting down and abandoning module StatsViewer (208)
[2016.08.22-21.43.34:301][924]LogModuleManager: Shutting down and abandoning module FoliageEdit (207)
[2016.08.22-21.43.34:301][924]LogModuleManager: Shutting down and abandoning module LandscapeEditor (206)
[2016.08.22-21.43.34:301][924]LogModuleManager: Shutting down and abandoning module SceneDepthPickerMode (205)
[2016.08.22-21.43.34:301][924]LogModuleManager: Shutting down and abandoning module ActorPickerMode (204)
[2016.08.22-21.43.34:301][924]LogModuleManager: Shutting down and abandoning module GeometryMode (203)
[2016.08.22-21.43.34:301][924]LogModuleManager: Shutting down and abandoning module TextureAlignMode (202)
[2016.08.22-21.43.34:301][924]LogModuleManager: Shutting down and abandoning module BspMode (201)
[2016.08.22-21.43.34:301][924]LogModuleManager: Shutting down and abandoning module HardwareSurvey (200)
[2016.08.22-21.43.34:301][924]LogModuleManager: Shutting down and abandoning module SequenceRecorderSections (199)
[2016.08.22-21.43.34:301][924]LogModuleManager: Shutting down and abandoning module SequenceRecorder (198)
[2016.08.22-21.43.34:301][924]LogModuleManager: Shutting down and abandoning module AutomationWorker (197)
[2016.08.22-21.43.34:301][924]LogModuleManager: Shutting down and abandoning module MatineeToLevelSequence (196)
[2016.08.22-21.43.34:301][924]LogModuleManager: Shutting down and abandoning module PlacementMode (195)
[2016.08.22-21.43.34:301][924]LogModuleManager: Shutting down and abandoning module LevelSequenceEditor (194)
[2016.08.22-21.43.34:301][924]LogModuleManager: Shutting down and abandoning module CharacterAI (193)
[2016.08.22-21.43.34:301][924]LogModuleManager: Shutting down and abandoning module SmartSnapping (192)
[2016.08.22-21.43.34:301][924]LogModuleManager: Shutting down and abandoning module SessionServices (191)
[2016.08.22-21.43.34:301][924]LogModuleManager: Shutting down and abandoning module ViewportSnapping (190)
[2016.08.22-21.43.34:301][924]LogModuleManager: Shutting down and abandoning module LogVisualizer (189)
[2016.08.22-21.43.34:302][924]LogModuleManager: Shutting down and abandoning module GameProjectGeneration (188)
[2016.08.22-21.43.34:302][924]LogModuleManager: Shutting down and abandoning module IntroTutorials (187)
[2016.08.22-21.43.34:302][924]LogModuleManager: Shutting down and abandoning module EditorLiveStreaming (186)
[2016.08.22-21.43.34:302][924]LogModuleManager: Shutting down and abandoning module IOSPlatformEditor (185)
[2016.08.22-21.43.34:302][924]LogModuleManager: Shutting down and abandoning module HTML5PlatformEditor (184)
[2016.08.22-21.43.34:302][924]LogModuleManager: Shutting down and abandoning module AndroidDeviceDetection (183)
[2016.08.22-21.43.34:768][924]LogModuleManager: Shutting down and abandoning module AndroidPlatformEditor (182)
[2016.08.22-21.43.34:768][924]LogModuleManager: Shutting down and abandoning module IOSRuntimeSettings (181)
[2016.08.22-21.43.34:768][924]LogModuleManager: Shutting down and abandoning module AndroidRuntimeSettings (180)
[2016.08.22-21.43.34:768][924]LogModuleManager: Shutting down and abandoning module MergeActors (179)
[2016.08.22-21.43.34:768][924]LogModuleManager: Shutting down and abandoning module SizeMap (178)
[2016.08.22-21.43.34:768][924]LogModuleManager: Shutting down and abandoning module TreeMap (177)
[2016.08.22-21.43.34:768][924]LogModuleManager: Shutting down and abandoning module ReferenceViewer (176)
[2016.08.22-21.43.34:768][924]LogModuleManager: Shutting down and abandoning module LocalizationService (175)
[2016.08.22-21.43.34:768][924]LogModuleManager: Shutting down and abandoning module LocalizationDashboard (174)
[2016.08.22-21.43.34:768][924]LogModuleManager: Shutting down and abandoning module HardwareTargeting (173)
[2016.08.22-21.43.34:768][924]LogModuleManager: Shutting down and abandoning module DeviceProfileEditor (172)
[2016.08.22-21.43.34:768][924]LogModuleManager: Shutting down and abandoning module UndoHistory (171)
[2016.08.22-21.43.34:768][924]LogModuleManager: Shutting down and abandoning module UserFeedback (170)
[2016.08.22-21.43.34:768][924]LogModuleManager: Shutting down and abandoning module XmlParser (169)
[2016.08.22-21.43.34:768][924]LogModuleManager: Shutting down and abandoning module Blutility (168)
[2016.08.22-21.43.34:768][924]LogModuleManager: Shutting down and abandoning module ProjectTargetPlatformEditor (167)
[2016.08.22-21.43.34:768][924]LogModuleManager: Shutting down and abandoning module ProjectSettingsViewer (166)
[2016.08.22-21.43.34:768][924]LogModuleManager: Shutting down and abandoning module InputBindingEditor (165)
[2016.08.22-21.43.34:768][924]LogModuleManager: Shutting down and abandoning module EditorSettingsViewer (164)
[2016.08.22-21.43.34:768][924]LogModuleManager: Shutting down and abandoning module SettingsEditor (163)
[2016.08.22-21.43.34:768][924]LogModuleManager: Shutting down and abandoning module ProjectLauncher (162)
[2016.08.22-21.43.34:768][924]LogModuleManager: Shutting down and abandoning module SessionFrontend (161)
[2016.08.22-21.43.34:768][924]LogModuleManager: Shutting down and abandoning module ProfilerClient (160)
[2016.08.22-21.43.34:768][924]LogModuleManager: Shutting down and abandoning module TargetDeviceServices (159)
[2016.08.22-21.43.34:768][924]LogModuleManager: Shutting down and abandoning module DeviceManager (158)
[2016.08.22-21.43.34:819][924]LogModuleManager: Shutting down and abandoning module AutomationController (157)
[2016.08.22-21.43.34:819][924]LogModuleManager: Shutting down and abandoning module AutomationWindow (156)
[2016.08.22-21.43.34:819][924]LogModuleManager: Shutting down and abandoning module Layers (155)
[2016.08.22-21.43.34:819][924]LogModuleManager: Shutting down and abandoning module ComponentVisualizers (154)
[2016.08.22-21.43.34:819][924]LogModuleManager: Shutting down and abandoning module DetailCustomizations (153)
[2016.08.22-21.43.34:819][924]LogModuleManager: Shutting down and abandoning module PackagesDialog (152)
[2016.08.22-21.43.34:819][924]LogModuleManager: Shutting down and abandoning module Persona (151)
[2016.08.22-21.43.34:819][924]LogModuleManager: Shutting down and abandoning module Kismet (150)
[2016.08.22-21.43.34:819][924]LogModuleManager: Shutting down and abandoning module GraphEditor (149)
[2016.08.22-21.43.34:819][924]LogModuleManager: Shutting down and abandoning module ClassViewer (148)
[2016.08.22-21.43.34:819][924]LogModuleManager: Shutting down and abandoning module Toolbox (147)
[2016.08.22-21.43.34:819][924]LogModuleManager: Shutting down and abandoning module ModuleUI (146)
[2016.08.22-21.43.34:819][924]LogModuleManager: Shutting down and abandoning module MovieSceneTools (145)
[2016.08.22-21.43.34:819][924]LogModuleManager: Shutting down and abandoning module OutputLog (144)
[2016.08.22-21.43.34:819][924]LogModuleManager: Shutting down and abandoning module GammaUI (143)
[2016.08.22-21.43.34:819][924]LogModuleManager: Shutting down and abandoning module Documentation (142)
[2016.08.22-21.43.34:819][924]LogModuleManager: Shutting down and abandoning module StreamingPauseRendering (141)
[2016.08.22-21.43.34:819][924]LogModuleManager: Shutting down and abandoning module AnalyticsET (140)
[2016.08.22-21.43.34:819][924]LogModuleManager: Shutting down and abandoning module Analytics (139)
[2016.08.22-21.43.34:819][924]LogModuleManager: Shutting down and abandoning module PortalServices (138)
[2016.08.22-21.43.34:819][924]LogModuleManager: Shutting down and abandoning module PortalRpc (137)
[2016.08.22-21.43.34:819][924]LogModuleManager: Shutting down and abandoning module MessagingRpc (136)
[2016.08.22-21.43.34:819][924]LogModuleManager: Shutting down and abandoning module GameplayDebugger (135)
[2016.08.22-21.43.34:819][924]LogModuleManager: Shutting down and abandoning module AITestSuite (134)
[2016.08.22-21.43.34:819][924]LogModuleManager: Shutting down and abandoning module AIModule (133)
[2016.08.22-21.43.34:819][924]LogModuleManager: Shutting down and abandoning module ProfilerService (132)
[2016.08.22-21.43.34:961][924]LogModuleManager: Shutting down and abandoning module TaskGraph (131)
[2016.08.22-21.43.34:961][924]LogModuleManager: Shutting down and abandoning module SubstanceEditor (130)
[2016.08.22-21.43.34:961][924]LogModuleManager: Shutting down and abandoning module SlateRemote (129)
[2016.08.22-21.43.34:961][924]LogModuleManager: Shutting down and abandoning module SteamVRController (128)
[2016.08.22-21.43.34:961][924]LogModuleManager: Shutting down and abandoning module SteamVR (127)
[2016.08.22-21.43.34:961][924]LogModuleManager: Shutting down and abandoning module ProceduralMeshComponent (126)
[2016.08.22-21.43.34:961][924]LogModuleManager: Shutting down and abandoning module OculusLibrary (125)
[2016.08.22-21.43.34:961][924]LogModuleManager: Shutting down and abandoning module OculusInput (124)
[2016.08.22-21.43.34:961][924]LogModuleManager: Shutting down and abandoning module CustomMeshComponent (123)
[2016.08.22-21.43.34:961][924]LogModuleManager: Shutting down and abandoning module CableComponent (122)
[2016.08.22-21.43.34:961][924]LogModuleManager: Shutting down and abandoning module ArchVisCharacter (121)
[2016.08.22-21.43.34:961][924]LogModuleManager: Shutting down and abandoning module MediaPlayerEditor (120)
[2016.08.22-21.43.34:961][924]LogModuleManager: Shutting down and abandoning module HTML5Networking (119)
[2016.08.22-21.43.34:961][924]LogModuleManager: Shutting down and abandoning module SuperSearch (118)
[2016.08.22-21.43.34:961][924]LogModuleManager: Shutting down and abandoning module SuperSearchEditor (117)
[2016.08.22-21.43.34:961][924]LogModuleManager: Shutting down and abandoning module SpeedTreeImporter (116)
[2016.08.22-21.43.34:961][924]LogModuleManager: Shutting down and abandoning module PluginBrowser (115)
[2016.08.22-21.43.34:961][924]LogModuleManager: Shutting down and abandoning module EpicSurvey (114)
[2016.08.22-21.43.34:961][924]LogModuleManager: Shutting down and abandoning module DesktopPlatform (113)
[2016.08.22-21.43.34:961][924]LogModuleManager: Shutting down and abandoning module VisualStudioSourceCodeAccess (112)
[2016.08.22-21.43.34:961][924]LogModuleManager: Shutting down and abandoning module UObjectPlugin (111)
[2016.08.22-21.43.34:961][924]LogModuleManager: Shutting down and abandoning module SubversionSourceControl (110)
[2016.08.22-21.43.34:961][924]LogModuleManager: Shutting down and abandoning module PerforceSourceControl (109)
[2016.08.22-21.43.34:961][924]LogModuleManager: Shutting down and abandoning module SourceControl (108)
[2016.08.22-21.43.34:961][924]LogModuleManager: Shutting down and abandoning module GitSourceControl (107)
[2016.08.22-21.43.34:961][924]LogModuleManager: Shutting down and abandoning module LightPropagationVolumeEditor (106)
[2016.08.22-21.43.34:961][924]LogModuleManager: Shutting down and abandoning module PaperTiledImporter (105)
[2016.08.22-21.43.34:961][924]LogModuleManager: Shutting down and abandoning module PaperSpriteSheetImporter (104)
[2016.08.22-21.43.34:961][924]LogModuleManager: Shutting down and abandoning module MeshPaint (103)
[2016.08.22-21.43.34:961][924]LogModuleManager: Shutting down and abandoning module PixelInspectorModule (102)
[2016.08.22-21.43.34:961][924]LogModuleManager: Shutting down and abandoning module HotReload (101)
[2016.08.22-21.43.34:962][924]LogModuleManager: Shutting down and abandoning module MainFrame (100)
[2016.08.22-21.43.34:962][924]LogModuleManager: Shutting down and abandoning module LevelEditor (99)
[2016.08.22-21.43.34:962][924]LogModuleManager: Shutting down and abandoning module ContentBrowser (98)
[2016.08.22-21.43.34:963][924]LogModuleManager: Shutting down and abandoning module Paper2DEditor (97)
[2016.08.22-21.43.34:963][924]LogModuleManager: Shutting down and abandoning module BuildingEscape (96)
[2016.08.22-21.43.34:963][924]LogModuleManager: Shutting down and abandoning module UdpMessaging (95)
[2016.08.22-21.43.35:064][924]LogModuleManager: Shutting down and abandoning module SubstanceCore (94)
[2016.08.22-21.43.35:064][924]LogModuleManager: Shutting down and abandoning module LightPropagationVolumeRuntime (93)
[2016.08.22-21.43.35:064][924]LogModuleManager: Shutting down and abandoning module Paper2D (92)
[2016.08.22-21.43.35:064][924]LogModuleManager: Shutting down and abandoning module WindowsMoviePlayer (91)
[2016.08.22-21.43.35:064][924]LogModuleManager: Shutting down and abandoning module Media (90)
[2016.08.22-21.43.35:064][924]LogModuleManager: Shutting down and abandoning module WmfMedia (89)
[2016.08.22-21.43.35:064][924]LogModuleManager: Shutting down and abandoning module MediaAssets (88)
[2016.08.22-21.43.35:064][924]LogModuleManager: Shutting down and abandoning module GameLiveStreaming (87)
[2016.08.22-21.43.35:064][924]LogModuleManager: Shutting down and abandoning module GameplayTagsEditor (86)
[2016.08.22-21.43.35:064][924]LogModuleManager: Shutting down and abandoning module OnlineBlueprintSupport (85)
[2016.08.22-21.43.35:064][924]LogModuleManager: Shutting down and abandoning module VREditor (84)
[2016.08.22-21.43.35:064][924]LogModuleManager: Shutting down and abandoning module GameplayTasksEditor (83)
[2016.08.22-21.43.35:064][924]LogModuleManager: Shutting down and abandoning module PropertyEditor (82)
[2016.08.22-21.43.35:064][924]LogModuleManager: Shutting down and abandoning module BehaviorTreeEditor (81)
[2016.08.22-21.43.35:064][924]LogModuleManager: Shutting down and abandoning module FunctionalTesting (80)
[2016.08.22-21.43.35:064][924]LogModuleManager: Shutting down and abandoning module CollisionAnalyzer (79)
[2016.08.22-21.43.35:064][924]LogModuleManager: Shutting down and abandoning module Sequencer (78)
[2016.08.22-21.43.35:064][924]LogModuleManager: Shutting down and abandoning module WorkspaceMenuStructure (77)
[2016.08.22-21.43.35:064][924]LogModuleManager: Shutting down and abandoning module MessageLog (76)
[2016.08.22-21.43.35:064][924]LogModuleManager: Shutting down and abandoning module AssetTools (75)
[2016.08.22-21.43.35:064][924]LogModuleManager: Shutting down and abandoning module UMGEditor (74)
[2016.08.22-21.43.35:064][924]LogModuleManager: Shutting down and abandoning module UMG (73)
[2016.08.22-21.43.35:064][924]LogModuleManager: Shutting down and abandoning module SlateReflector (72)
[2016.08.22-21.43.35:064][924]LogModuleManager: Shutting down and abandoning module Slate (71)
[2016.08.22-21.43.35:064][924]LogModuleManager: Shutting down and abandoning module EditorStyle (70)
[2016.08.22-21.43.35:066][924]LogModuleManager: Shutting down and abandoning module SourceCodeAccess (69)
[2016.08.22-21.43.35:066][924]LogModuleManager: Shutting down and abandoning module HeadMountedDisplay (68)
[2016.08.22-21.43.35:066][924]LogModuleManager: Shutting down and abandoning module XAudio2 (67)
[2016.08.22-21.43.35:066][924]LogModuleManager: Shutting down and abandoning module Networking (65)
[2016.08.22-21.43.35:066][924]LogModuleManager: Shutting down and abandoning module Core (64)
[2016.08.22-21.43.35:066][924]LogModuleManager: Shutting down and abandoning module DirectoryWatcher (63)
[2016.08.22-21.43.35:067][924]LogModuleManager: Shutting down and abandoning module AssetRegistry (62)
[2016.08.22-21.43.35:154][924]LogModuleManager: Shutting down and abandoning module KismetCompiler (61)
[2016.08.22-21.43.35:154][924]LogModuleManager: Shutting down and abandoning module PhysXFormats (60)
[2016.08.22-21.43.35:154][924]LogModuleManager: Shutting down and abandoning module MeshUtilities (59)
[2016.08.22-21.43.35:154][924]LogModuleManager: Shutting down and abandoning module DerivedDataCache (58)
[2016.08.22-21.43.35:350][924]LogDerivedDataCache: Shutdown
[2016.08.22-21.43.35:350][924]LogModuleManager: Shutting down and abandoning module VulkanShaderFormat (57)
[2016.08.22-21.43.35:350][924]LogModuleManager: Shutting down and abandoning module ShaderFormatOpenGL (56)
[2016.08.22-21.43.35:350][924]LogModuleManager: Shutting down and abandoning module ShaderFormatD3D (55)
[2016.08.22-21.43.35:350][924]LogModuleManager: Shutting down and abandoning module MetalShaderFormat (54)
[2016.08.22-21.43.35:350][924]LogModuleManager: Shutting down and abandoning module TextureFormatUncompressed (53)
[2016.08.22-21.43.35:350][924]LogModuleManager: Shutting down and abandoning module TextureFormatPVR (52)
[2016.08.22-21.43.35:350][924]LogModuleManager: Shutting down and abandoning module TextureFormatIntelISPCTexComp (51)
[2016.08.22-21.43.35:350][924]LogModuleManager: Shutting down and abandoning module TextureFormatDXT (50)
[2016.08.22-21.43.35:350][924]LogModuleManager: Shutting down and abandoning module ImageWrapper (49)
[2016.08.22-21.43.35:350][924]LogModuleManager: Shutting down and abandoning module TextureFormatASTC (48)
[2016.08.22-21.43.35:350][924]LogModuleManager: Shutting down and abandoning module TextureFormatAndroid (47)
[2016.08.22-21.43.35:350][924]LogModuleManager: Shutting down and abandoning module AudioFormatOpus (46)
[2016.08.22-21.43.35:350][924]LogModuleManager: Shutting down and abandoning module AudioFormatOgg (45)
[2016.08.22-21.43.35:350][924]LogModuleManager: Shutting down and abandoning module AudioFormatADPCM (44)
[2016.08.22-21.43.35:350][924]LogModuleManager: Shutting down and abandoning module LinuxTargetPlatform (43)
[2016.08.22-21.43.35:350][924]LogModuleManager: Shutting down and abandoning module LinuxServerTargetPlatform (42)
[2016.08.22-21.43.35:350][924]LogModuleManager: Shutting down and abandoning module LinuxNoEditorTargetPlatform (41)
[2016.08.22-21.43.35:350][924]LogModuleManager: Shutting down and abandoning module TVOSTargetPlatform (40)
[2016.08.22-21.43.35:350][924]LogModuleManager: Shutting down and abandoning module Messaging (39)
[2016.08.22-21.43.35:350][924]LogModuleManager: Shutting down and abandoning module IOSTargetPlatform (38)
[2016.08.22-21.43.35:350][924]LogModuleManager: Shutting down and abandoning module HTML5TargetPlatform (37)
[2016.08.22-21.43.35:350][924]LogModuleManager: Shutting down and abandoning module Android_PVRTCTargetPlatform (36)
[2016.08.22-21.43.35:350][924]LogModuleManager: Shutting down and abandoning module Android_MultiTargetPlatform (35)
[2016.08.22-21.43.35:350][924]LogModuleManager: Shutting down and abandoning module Android_ETC2TargetPlatform (34)
[2016.08.22-21.43.35:350][924]LogModuleManager: Shutting down and abandoning module Android_ETC1TargetPlatform (33)
[2016.08.22-21.43.35:350][924]LogModuleManager: Shutting down and abandoning module Android_DXTTargetPlatform (32)
[2016.08.22-21.43.35:350][924]LogModuleManager: Shutting down and abandoning module Android_ATCTargetPlatform (31)
[2016.08.22-21.43.35:350][924]LogModuleManager: Shutting down and abandoning module Android_ASTCTargetPlatform (30)
[2016.08.22-21.43.35:350][924]LogModuleManager: Shutting down and abandoning module AndroidTargetPlatform (29)
[2016.08.22-21.43.35:350][924]LogModuleManager: Shutting down and abandoning module WindowsTargetPlatform (28)
[2016.08.22-21.43.35:350][924]LogModuleManager: Shutting down and abandoning module WindowsServerTargetPlatform (27)
[2016.08.22-21.43.35:350][924]LogModuleManager: Shutting down and abandoning module WindowsNoEditorTargetPlatform (26)
[2016.08.22-21.43.35:350][924]LogModuleManager: Shutting down and abandoning module WindowsClientTargetPlatform (25)
[2016.08.22-21.43.35:350][924]LogModuleManager: Shutting down and abandoning module AllDesktopTargetPlatform (24)
[2016.08.22-21.43.35:350][924]LogModuleManager: Shutting down and abandoning module TargetPlatform (23)
[2016.08.22-21.43.35:350][924]LogModuleManager: Shutting down and abandoning module InputCore (22)
[2016.08.22-21.43.35:350][924]LogModuleManager: Shutting down and abandoning module Settings (21)
[2016.08.22-21.43.35:350][924]LogModuleManager: Shutting down and abandoning module OnlineSubsystem (19)
[2016.08.22-21.43.35:350][924]LogModuleManager: Shutting down and abandoning module HTTP (18)
[2016.08.22-21.43.39:861][924]LogModuleManager: Shutting down and abandoning module XMPP (17)
[2016.08.22-21.43.39:861][924]LogModuleManager: Shutting down and abandoning module OculusRift (16)
[2016.08.22-21.43.39:862][924]LogHMD: Oculus shutdown.
[2016.08.22-21.43.39:862][924]LogModuleManager: Shutting down and abandoning module ExampleDeviceProfileSelector (15)
[2016.08.22-21.43.39:862][924]LogModuleManager: Shutting down and abandoning module TextureCompressor (14)
[2016.08.22-21.43.39:862][924]LogModuleManager: Shutting down and abandoning module ShaderCore (13)
[2016.08.22-21.43.39:862][924]LogModuleManager: Shutting down and abandoning module Landscape (12)
[2016.08.22-21.43.39:862][924]LogModuleManager: Shutting down and abandoning module SlateRHIRenderer (11)
[2016.08.22-21.43.39:862][924]LogModuleManager: Shutting down and abandoning module OpenGLDrv (10)
[2016.08.22-21.43.39:862][924]LogModuleManager: Shutting down and abandoning module D3D11RHI (9)
[2016.08.22-21.43.39:862][924]LogModuleManager: Shutting down and abandoning module AnimGraphRuntime (8)
[2016.08.22-21.43.39:862][924]LogModuleManager: Shutting down and abandoning module Renderer (7)
[2016.08.22-21.43.39:862][924]LogModuleManager: Shutting down and abandoning module Engine (6)
[2016.08.22-21.43.39:862][924]LogModuleManager: Shutting down and abandoning module CoreUObject (5)
[2016.08.22-21.43.39:862][924]LogModuleManager: Shutting down and abandoning module NetworkFile (4)
[2016.08.22-21.43.39:862][924]LogModuleManager: Shutting down and abandoning module StreamingFile (3)
[2016.08.22-21.43.39:862][924]LogModuleManager: Shutting down and abandoning module SandboxFile (2)
[2016.08.22-21.43.39:862][924]LogModuleManager: Shutting down and abandoning module PakFile (1)
[2016.08.22-21.43.39:863][924]LogExit: Exiting.
[2016.08.22-21.43.39:865][924]Log file closed, 08/22/16 17:43:39
