Log file open, 08/22/16 21:34:58
LogInit:Display: Running engine for game: BuildingEscape
LogPlatformFile: Not using cached read wrapper
LogInit:Display: RandInit(230763749) SRandInit(230763750).
LogTaskGraph: Started task graph with 4 named threads and 7 total threads with 1 sets of task threads.
LogStats: Stats thread started at 0.068992
OCULUS: Info: [CAPI] LibOVR module is located at D:\Oculus\Support\oculus-runtime\LibOVRRT64_1.dll
OCULUS: Debug: Connected to the server running version (prod = 1).1.7.0(build = 262766) feature version = 0. Client runs version (prod = 1).1.7.0(build = 262766) feature version = 0
OCULUS: Debug: [HMDState] Using default profile default
OCULUS: Info: IAD changed to 65.7mm
OCULUS: Debug: [SharedMemory] Creating factory
LogInit: Version: 4.12.5-3039270+++UE4+Release-4.12
LogInit: API Version: 2992821
LogInit: Net Version: 3039270
LogDevObjectVersion: Number of dev versions registered: 13
LogDevObjectVersion:   Dev-Blueprints (B0D832E4-1F89-4F0D-ACCF-7EB736FD4AA2): 3
LogDevObjectVersion:   Dev-Build (E1C64328-A22C-4D53-A36C-8E866417BD8C): 0
LogDevObjectVersion:   Dev-Core (375EC13C-06E4-48FB-B500-84F0262A717E): 1
LogDevObjectVersion:   Dev-Editor (E4B068ED-F494-42E9-A231-DA0B2E46BB41): 2
LogDevObjectVersion:   Dev-Framework (CFFC743F-43B0-4480-9391-14DF171D2073): 6
LogDevObjectVersion:   Dev-Mobile (B02B49B5-BB20-44E9-A304-32B752E40360): 0
LogDevObjectVersion:   Dev-Networking (A4E4105C-59A1-49B5-A7C5-40C4547EDFEE): 0
LogDevObjectVersion:   Dev-Online (39C831C9-5AE6-47DC-9A44-9C173E1C8E7C): 0
LogDevObjectVersion:   Dev-Physics (78F01B33-EBEA-4F98-B9B4-84EACCB95AA2): 0
LogDevObjectVersion:   Dev-Platform (6631380F-2D4D-43E0-8009-CF276956A95A): 0
LogDevObjectVersion:   Dev-Rendering (12F88B9F-8875-4AFC-A67C-D90C383ABD29): 2
LogDevObjectVersion:   Dev-Sequencer (7B5AE74C-D270-4C10-A958-57980B212A5A): 0
LogDevObjectVersion:   Dev-VR (D7296918-1DD6-4BDD-9DE2-64A83CC13884): 0
LogInit: Compiled (64-bit): Jul  6 2016 09:09:46
LogInit: Compiled with Visual C++: 19.00.23026.00
LogInit: Build Configuration: Development
LogInit: Branch Name: ++UE4+Release-4.12
LogInit: Command line: 
LogInit: Base directory: C:/Program Files (x86)/Epic Games/4.12/Engine/Binaries/Win64/
LogInit: Installed Engine Build: 1
LogInit: Using libcurl 7.41.0
LogInit:  - built for x86_64-pc-win32
LogInit:  - supports SSL with WinSSL
LogInit:  - other features:
LogInit:      CURL_VERSION_SSL
LogInit:      CURL_VERSION_IPV6
LogInit:      CURL_VERSION_ASYNCHDNS
LogInit:      CURL_VERSION_LARGEFILE
LogInit:      CURL_VERSION_IDN
LogInit:  CurlRequestOptions (configurable via config and command line):
LogInit:  - bVerifyPeer = true  - Libcurl will verify peer certificate
LogInit:  - bUseHttpProxy = false  - Libcurl will NOT use HTTP proxy
LogInit:  - bDontReuseConnections = false  - Libcurl will reuse connections
LogInit:  - CertBundlePath = nullptr  - Libcurl will use whatever was configured at build time.
LogInit: Presizing for max 8388607 objects, including 0 objects not considered by GC, pre-allocating 0 bytes for permanent pool.
LogInit: Object subsystem initialized
[2016.08.23-01.34.58:812][  0]LogInit: Selected Device Profile: [Windows]
[2016.08.23-01.34.58:812][  0]LogInit: Applying CVar settings loaded from the selected device profile: [Windows]
[2016.08.23-01.34.58:817][  0]LogInit: Computer: RYANJSMITH_PC
[2016.08.23-01.34.58:817][  0]LogInit: User: RyanJSmith
[2016.08.23-01.34.58:817][  0]LogInit: CPU Page size=65536, Cores=4
[2016.08.23-01.34.58:817][  0]LogInit: High frequency timer resolution =3.906247 MHz
[2016.08.23-01.34.58:817][  0]LogMemory: Memory total: Physical=15.9GB (16GB approx)
[2016.08.23-01.34.58:817][  0]LogMemory: Platform Memory Stats for Windows
[2016.08.23-01.34.58:817][  0]LogMemory: Process Physical Memory: 192.93 MB used, 192.93 MB peak
[2016.08.23-01.34.58:817][  0]LogMemory: Process Virtual Memory: 197.53 MB used, 197.53 MB peak
[2016.08.23-01.34.58:817][  0]LogMemory: Physical Memory: 3630.48 MB used, 16326.53 MB total
[2016.08.23-01.34.58:817][  0]LogMemory: Virtual Memory: 583.08 MB used, 134217728.00 MB total
[2016.08.23-01.34.58:839][  0]LogTextLocalizationManager: No specific translations for ('en-US') exist, so ('en') translations will be used.
[2016.08.23-01.34.59:127][  0]LogD3D11RHI: D3D11 adapters:
[2016.08.23-01.34.59:169][  0]LogD3D11RHI:    0. 'NVIDIA GeForce GTX 970' (Feature Level 11_0)
[2016.08.23-01.34.59:169][  0]LogD3D11RHI:       3975/0/8163 MB DedicatedVideo/DedicatedSystem/SharedSystem, Outputs:2, VendorId:0x10de
[2016.08.23-01.34.59:169][  0]LogD3D11RHI:    1. 'Microsoft Basic Render Driver' (Feature Level 11_0)
[2016.08.23-01.34.59:169][  0]LogD3D11RHI:       0/0/256 MB DedicatedVideo/DedicatedSystem/SharedSystem, Outputs:0, VendorId:0x1414
[2016.08.23-01.34.59:169][  0]LogD3D11RHI: Chosen D3D11 Adapter: 0
[2016.08.23-01.34.59:172][  0]LogD3D11RHI: Creating new Direct3DDevice
[2016.08.23-01.34.59:172][  0]LogD3D11RHI:     GPU DeviceId: 0x13c2 (for the marketing name, search the web for "GPU Device Id")
[2016.08.23-01.34.59:172][  0]LogWindows: EnumDisplayDevices:
[2016.08.23-01.34.59:172][  0]LogWindows:    0. 'NVIDIA GeForce GTX 970' (P:0 D:1)
[2016.08.23-01.34.59:172][  0]LogWindows:    1. 'NVIDIA GeForce GTX 970' (P:1 D:1)
[2016.08.23-01.34.59:172][  0]LogWindows:    2. 'NVIDIA GeForce GTX 970' (P:0 D:0)
[2016.08.23-01.34.59:172][  0]LogWindows:    3. 'NVIDIA GeForce GTX 970' (P:0 D:0)
[2016.08.23-01.34.59:172][  0]LogWindows: DebugString: FoundDriverCount:4 
[2016.08.23-01.34.59:172][  0]LogD3D11RHI:     Adapter Name: NVIDIA GeForce GTX 970
[2016.08.23-01.34.59:172][  0]LogD3D11RHI:   Driver Version: 372.54 (internal:21.21.13.7254, unified:372.54)
[2016.08.23-01.34.59:172][  0]LogD3D11RHI:      Driver Date: 8-11-2016
[2016.08.23-01.34.59:172][  0]LogRHI: Texture pool is 1361 MB (70% of 1945 MB)
[2016.08.23-01.34.59:180][  0]LogD3D11RHI: Async texture creation enabled
[2016.08.23-01.34.59:196][  0]LogD3D11RHI: GPU Timing Frequency: 1000.000000 (Debug: 2 2)
[2016.08.23-01.34.59:196][  0]LogShaderCompilers: Guid format shader working directory is -35 characters bigger than the processId version (../../../../../../Users/RyanJSmith/repo_main/repo_main/BuildingEscape/BuildingEscape/Intermediate/Shaders/WorkingDirectory/7372/).
[2016.08.23-01.34.59:196][  0]LogShaderCompilers: Cleaned the shader compiler working directory 'C:/Users/RYANJS~1/AppData/Local/Temp/UnrealShaderWorkingDir/81FD53704647E5CA1D7E6ABE3F0EEF7E/'.
[2016.08.23-01.34.59:196][  0]LogShaderCompilers:Display: Using Local Shader Compiler.
[2016.08.23-01.34.59:887][  0]LogTemp:Display: Loaded TP AllDesktopTargetPlatform
[2016.08.23-01.34.59:893][  0]LogTemp:Display: Loaded TP WindowsClientTargetPlatform
[2016.08.23-01.34.59:901][  0]LogTemp:Display: Loaded TP WindowsNoEditorTargetPlatform
[2016.08.23-01.34.59:909][  0]LogTemp:Display: Loaded TP WindowsServerTargetPlatform
[2016.08.23-01.34.59:915][  0]LogTemp:Display: Loaded TP WindowsTargetPlatform
[2016.08.23-01.34.59:922][  0]LogTemp:Display: Loaded TP AndroidTargetPlatform
[2016.08.23-01.34.59:929][  0]LogTemp:Display: Loaded TP Android_ASTCTargetPlatform
[2016.08.23-01.34.59:934][  0]LogTemp:Display: Loaded TP Android_ATCTargetPlatform
[2016.08.23-01.34.59:940][  0]LogTemp:Display: Loaded TP Android_DXTTargetPlatform
[2016.08.23-01.34.59:945][  0]LogTemp:Display: Loaded TP Android_ETC1TargetPlatform
[2016.08.23-01.34.59:951][  0]LogTemp:Display: Loaded TP Android_ETC2TargetPlatform
[2016.08.23-01.34.59:963][  0]LogTemp:Display: Loaded TP Android_MultiTargetPlatform
[2016.08.23-01.34.59:963][  0]LogTemp:Display: Loaded TP Android_PVRTCTargetPlatform
[2016.08.23-01.34.59:965][  0]LogTemp:Display: Loaded TP HTML5TargetPlatform
[2016.08.23-01.34.59:984][  0]LogTemp:Display: Loaded TP IOSTargetPlatform
[2016.08.23-01.34.59:989][  0]LogTemp:Display: Loaded TP TVOSTargetPlatform
[2016.08.23-01.34.59:998][  0]LogTemp:Display: Loaded TP LinuxNoEditorTargetPlatform
[2016.08.23-01.35.00:006][  0]LogTemp:Display: Loaded TP LinuxServerTargetPlatform
[2016.08.23-01.35.00:012][  0]LogTemp:Display: Loaded TP LinuxTargetPlatform
[2016.08.23-01.35.00:012][  0]LogTargetPlatformManager:Display: Building Assets For Windows
[2016.08.23-01.35.00:068][  0]LogDerivedDataCache:Display: Max Cache Size: 512 MB
[2016.08.23-01.35.00:105][  0]LogDerivedDataCache: Loaded boot cache 0.04s 48MB C:/Users/RyanJSmith/AppData/Local/UnrealEngine/4.12/DerivedDataCache/Boot.ddc.
[2016.08.23-01.35.00:105][  0]LogDerivedDataCache:Display: Loaded Boot cache: C:/Users/RyanJSmith/AppData/Local/UnrealEngine/4.12/DerivedDataCache/Boot.ddc
[2016.08.23-01.35.00:105][  0]LogDerivedDataCache: FDerivedDataBackendGraph:  Pak pak cache file ../../../../../../Users/RyanJSmith/repo_main/repo_main/BuildingEscape/BuildingEscape/DerivedDataCache/DDC.ddp not found, will not use a pak cache.
[2016.08.23-01.35.00:105][  0]LogDerivedDataCache: Unable to find inner node Pak for hierarchical cache Hierarchy.
[2016.08.23-01.35.00:105][  0]LogDerivedDataCache: FDerivedDataBackendGraph:  CompressedPak pak cache file ../../../../../../Users/RyanJSmith/repo_main/repo_main/BuildingEscape/BuildingEscape/DerivedDataCache/Compressed.ddp not found, will not use a pak cache.
[2016.08.23-01.35.00:105][  0]LogDerivedDataCache: Unable to find inner node CompressedPak for hierarchical cache Hierarchy.
[2016.08.23-01.35.00:117][  0]LogDerivedDataCache:Display: Pak cache opened for reading ../../../Engine/DerivedDataCache/Compressed.ddp.
[2016.08.23-01.35.00:129][  0]LogDerivedDataCache: Using Local data cache path C:/Users/RyanJSmith/AppData/Local/UnrealEngine/Common/DerivedDataCache: Writable
[2016.08.23-01.35.00:250][  0]LogInit: Selected Device Profile: [Windows]
[2016.08.23-01.35.00:250][  0]LogContentStreaming: Texture pool size is 0.00 MB
[2016.08.23-01.35.00:364][  0]LogMeshUtilities: No automatic mesh reduction module available
[2016.08.23-01.35.00:364][  0]LogMeshUtilities: No automatic mesh merging module available
[2016.08.23-01.35.00:364][  0]LogMeshUtilities: No distributed automatic mesh merging module available
[2016.08.23-01.35.00:544][  0]LogAssetRegistry: FAssetRegistry took 0.0217 seconds to start up
[2016.08.23-01.35.00:560][  0]LogPackageLocalizationCache: Processed 3 localized package path(s) for 2 prioritized culture(s) in 0.013458 seconds
[2016.08.23-01.35.00:563][  0]LogUObjectArray: 28739 objects as part of root set at end of initial load.
[2016.08.23-01.35.00:563][  0]LogUObjectAllocator: 5855624 out of 0 bytes used by permanent object pool.
[2016.08.23-01.35.00:563][  0]LogUObjectArray: CloseDisregardForGC: 0/0 objects in disregard for GC pool
[2016.08.23-01.35.00:569][  0]LogInit: WinSock: version 1.1 (2.2), MaxSocks=32767, MaxUdp=65467
[2016.08.23-01.35.00:689][  0]LogSlate: SlateFontCache - WITH_FREETYPE: 1, WITH_HARFBUZZ: 1
[2016.08.23-01.35.00:689][  0]LogSlate: SlateFontCache - WITH_FREETYPE: 1, WITH_HARFBUZZ: 1
[2016.08.23-01.35.01:098][  0]LogSubstanceCoreModule: Substance CPU Engine Loaded, Max Texture Size 2048
[2016.08.23-01.35.01:103][  0]LogUdpMessaging: Initializing bridge on interface 0.0.0.0:0 to multicast group 230.0.0.1:6666.
[2016.08.23-01.35.01:272][  0]SourceControl: Info Source control is disabled
[2016.08.23-01.35.01:287][  0]SourceControl: Info Source control is disabled
[2016.08.23-01.35.01:294][  0]SourceControl: Info Source control is disabled
[2016.08.23-01.35.01:300][  0]SourceControl: Info Source control is disabled
[2016.08.23-01.35.01:449][  0]LogEngine: Initializing Engine...
[2016.08.23-01.35.06:469][  0]OCULUS: Info: [HMDState] Requested to SetForegroundWindow(80156ll)
[2016.08.23-01.35.06:469][  0]LogHMD: SteamVR failed to initialize.  Err: 308
[2016.08.23-01.35.11:494][  0]LogHMD: SteamVR failed to initialize.  Err: 308
[2016.08.23-01.35.11:494][  0]LogHMD: Oculus plugin initialized. Version: 4.12.5-3039270+++UE4+Release-4.12, LibOVR: 1.7.0, SDK: 1.3.2, built Jul  6 2016, 09:11:15
[2016.08.23-01.35.11:495][  0]OCULUS: Debug: [HMDState] Using default profile default
[2016.08.23-01.35.11:495][  0]OCULUS: Info: IAD changed to 65.7mm
[2016.08.23-01.35.11:495][  0]OCULUS: Info: [HMDState] Requested to SetForegroundWindow(80156ll)
[2016.08.23-01.35.11:587][  0]LogAIModule: Creating AISystem for world NewWorld
[2016.08.23-01.35.11:594][  0]LogInit: XAudio2 using 'Speakers (Realtek High Definition Audio)' : 2 channels at 48 kHz using 32 bits per sample (channel mask 0x3)
[2016.08.23-01.35.11:613][  0]LogInit: FAudioDevice initialized.
[2016.08.23-01.35.11:631][  0]LogDerivedDataCache: Saved boot cache 0.02s 48MB C:/Users/RyanJSmith/AppData/Local/UnrealEngine/4.12/DerivedDataCache/Boot.ddc.
[2016.08.23-01.35.11:635][  0]LogInit: Texture streaming: Enabled
[2016.08.23-01.35.11:652][  0]LogInit: Transaction tracking system initialized
[2016.08.23-01.35.11:668][  0]BlueprintLog: New page: Editor Load
[2016.08.23-01.35.11:718][  0]LocalizationService: Info Localization service is disabled
[2016.08.23-01.35.11:763][  0]LogConsoleResponse:Display: 
[2016.08.23-01.35.11:831][  0]LogCook:Display: Max memory allowance for cook 8192mb
[2016.08.23-01.35.11:831][  0]LogCook:Display: Mobile HDR setting 1
[2016.08.23-01.35.11:892][  0]LogFileCache: Scanning file cache for directory 'C:/Users/RyanJSmith/repo_main/repo_main/BuildingEscape/BuildingEscape/Content/' took 0.01s
[2016.08.23-01.35.11:892][  0]SourceControl: Info Source control is disabled
[2016.08.23-01.35.11:892][  0]Cmd: MAP LOAD FILE="../../../../../../Users/RyanJSmith/repo_main/repo_main/BuildingEscape/BuildingEscape/Content/Level1.umap" TEMPLATE=0 SHOWPROGRESS=1 FEATURELEVEL=3
[2016.08.23-01.35.11:896][  0]LightingResults: New page: Lighting Build
[2016.08.23-01.35.11:898][  0]MapCheck: New page: Map Check
[2016.08.23-01.35.11:898][  0]LightingResults: New page: Lighting Build
[2016.08.23-01.35.12:195][  0]LogAIModule: Creating AISystem for world Level1
[2016.08.23-01.35.12:264][  0]LogEditorServer: Finished looking for orphan Actors (0.000 secs)
[2016.08.23-01.35.12:264][  0]Cmd: MAP CHECKDEP NOCLEARLOG
[2016.08.23-01.35.12:287][  0]MapCheck: Info Map check complete: 0 Error(s), 0 Warning(s), took 22.854ms to complete.
[2016.08.23-01.35.12:287][  0]LogFileHelpers: Loading map 'Level1' took 0.394
[2016.08.23-01.35.12:394][  0]LogCollectionManager: Loaded 1 collections in 0.001904 seconds
[2016.08.23-01.35.12:448][  0]LogFileCache: Scanning file cache for directory 'C:/Users/RyanJSmith/repo_main/repo_main/BuildingEscape/BuildingEscape/Saved/Collections/' took 0.01s
[2016.08.23-01.35.12:448][  0]LogFileCache: Scanning file cache for directory 'C:/Users/RyanJSmith/repo_main/repo_main/BuildingEscape/BuildingEscape/Content/Developers/RyanJSmith/Collections/' took 0.01s
[2016.08.23-01.35.12:448][  0]LogFileCache: Scanning file cache for directory 'C:/Users/RyanJSmith/repo_main/repo_main/BuildingEscape/BuildingEscape/Content/Collections/' took 0.01s
[2016.08.23-01.35.12:448][  0]LogCollectionManager: Rebuilt the GUID cache for 1 collections in 0.000005 seconds
[2016.08.23-01.35.12:448][  0]LogCollectionManager: Rebuilt the hierarchy cache for 1 collections in 0.000000 seconds
[2016.08.23-01.35.12:456][  0]LogContentBrowser: Native class hierarchy populated in 0.0066 seconds. Added 2067 classes and 379 folders.
[2016.08.23-01.35.12:461][  0]LogStats: UGameplayTagsManager::ConstructGameplayTagTree: Construct from data asset -  0.000 s
[2016.08.23-01.35.12:461][  0]LogStats: UGameplayTagsManager::ConstructGameplayTagTree: GameplayTagTreeChangedEvent.Broadcast -  0.000 s
[2016.08.23-01.35.12:462][  0]LogContentBrowser: Native class hierarchy updated for 'GameplayTags' in 0.0008 seconds. Added 12 classes and 0 folders.
[2016.08.23-01.35.12:469][  0]LogContentBrowser: Native class hierarchy updated for 'WidgetCarousel' in 0.0007 seconds. Added 0 classes and 0 folders.
[2016.08.23-01.35.12:543][  0]LogContentBrowser: Native class hierarchy updated for 'AddContentDialog' in 0.0007 seconds. Added 0 classes and 0 folders.
[2016.08.23-01.35.12:703][  0]LogCrashTracker: Crashtracker disabled due to settings.
[2016.08.23-01.35.12:712][  0]LogUObjectGlobals:Warning: Failed to find object 'Class None.'
[2016.08.23-01.35.12:738][  0]LogContentBrowser: Native class hierarchy updated for 'HierarchicalLODOutliner' in 0.0010 seconds. Added 1 classes and 2 folders.
[2016.08.23-01.35.12:738][  0]LogLoad: Full Startup: 14.53 seconds (BP compile: 0.03 seconds)
[2016.08.23-01.35.12:738][  0]LogExternalProfiler: Found external profiler: VSPerf
[2016.08.23-01.35.12:738][  0]LogExternalProfiler: Using external profiler: VSPerf
[2016.08.23-01.35.12:747][  0]LogOcInput: OculusInput pre-init called
[2016.08.23-01.35.12:754][  0]LogOcInput: OculusInput is initialized. Init status 0. Runtime version: 1.7.0
[2016.08.23-01.35.12:775][  0]LogContentStreaming: Texture pool size now 700 MB
[2016.08.23-01.35.12:885][  1]Cmd: UpdateLandscapeEditorData -warnings
[2016.08.23-01.35.12:894][  1]LogAssetRegistry: Asset discovery search completed in 12.3730 seconds
[2016.08.23-01.35.12:895][  1]LogCollectionManager: Rebuilt the object cache for 1 collections in 0.000003 seconds (found 0 objects)
[2016.08.23-01.35.12:895][  1]LogCollectionManager: Fixed up redirectors for 1 collections in 0.000081 seconds (updated 0 objects)
[2016.08.23-01.35.12:910][  2]LogRenderer: Reallocating scene render targets to support 932x620 (Frame:2).
[2016.08.23-01.35.15:485][186]LogRenderer: Reallocating scene render targets to support 1180x688 (Frame:189).
[2016.08.23-01.35.17:844][465]LogPlayLevel: PlayLevel: No blueprints needed recompiling
[2016.08.23-01.35.17:844][465]OCULUS: Debug: [HMDState] Using default profile default
[2016.08.23-01.35.17:844][465]OCULUS: Info: IAD changed to 65.7mm
[2016.08.23-01.35.17:844][465]LogHMD: New ovr session is created
[2016.08.23-01.35.17:845][465]LogHMD: HMD Oculus Rift CV1, res = 2160 x 1200
[2016.08.23-01.35.17:845][465]LogApp: UseVRFocus has changed to 1
[2016.08.23-01.35.17:845][465]LogApp: HasVRFocus has changed to 1
[2016.08.23-01.35.17:845][465]LogApp: UseVRFocus has changed to 0
[2016.08.23-01.35.17:845][465]LogApp: HasVRFocus has changed to 0
[2016.08.23-01.35.17:849][465]PIE: New page: PIE session: Level1 (Aug 22, 2016, 4:35:17 PM)
[2016.08.23-01.35.17:849][465]LogPlayLevel: Creating play world package: /Game/UEDPIE_0_Level1
[2016.08.23-01.35.17:861][465]LogPlayLevel: PIE: StaticDuplicateObject took: (0.011872s)
[2016.08.23-01.35.17:862][465]LogAIModule: Creating AISystem for world Level1
[2016.08.23-01.35.17:862][465]LogPlayLevel: PIE: World Init took: (0.000935s)
[2016.08.23-01.35.17:863][465]LogPlayLevel: PIE: Created PIE world by copying editor world from /Game/Level1.Level1 to /Game/UEDPIE_0_Level1.Level1 (0.013600s)
[2016.08.23-01.35.17:874][465]LogApp: UseVRFocus has changed to 1
[2016.08.23-01.35.17:874][465]LogApp: HasVRFocus has changed to 1
[2016.08.23-01.35.17:874][465]LogApp: UseVRFocus has changed to 0
[2016.08.23-01.35.17:874][465]LogApp: HasVRFocus has changed to 0
[2016.08.23-01.35.17:880][465]LogInit: XAudio2 using 'Speakers (Realtek High Definition Audio)' : 2 channels at 48 kHz using 32 bits per sample (channel mask 0x3)
[2016.08.23-01.35.17:891][465]LogInit: FAudioDevice initialized.
[2016.08.23-01.35.17:969][465]LogWorld: Game class is 'BP_MyGameMode_C'
[2016.08.23-01.35.17:977][465]LogWorld: Bringing World /Game/UEDPIE_0_Level1.Level1 up for play (max tick rate 0) at 2016.08.22-21.35.17
[2016.08.23-01.35.17:979][465]LogWorld: Bringing up level for play took: 0.008620
[2016.08.23-01.35.17:985][465]LogContentBrowser: Native class hierarchy updated for 'MovieSceneCapture' in 0.0008 seconds. Added 11 classes and 0 folders.
[2016.08.23-01.35.17:987][465]PIE: Info Play in editor start time for /Game/UEDPIE_0_Level1 0.824
[2016.08.23-01.35.17:988][465]LogTemp:Warning:  0x0.0005a5da73e80p-1022nd the 
[2016.08.23-01.35.17:988][465]LogTemp:Warning: Testing
[2016.08.23-01.35.18:021][466]LogTemp:Warning:  0x0.0005a5da71c00p-1022nd the 
[2016.08.23-01.35.18:021][466]LogTemp:Warning: Testing
[2016.08.23-01.35.18:028][467]LogTemp:Warning:  0x0.0005a5da71c80p-1022nd the 
[2016.08.23-01.35.18:028][467]LogTemp:Warning: Testing
[2016.08.23-01.35.18:036][468]LogTemp:Warning:  0x0.0005a5da71c80p-1022nd the 
[2016.08.23-01.35.18:036][468]LogTemp:Warning: Testing
[2016.08.23-01.35.18:045][469]LogTemp:Warning:  0x0.0005a5da71c00p-1022nd the 
[2016.08.23-01.35.18:045][469]LogTemp:Warning: Testing
[2016.08.23-01.35.18:053][470]LogTemp:Warning:  0x0.0005a5da71c00p-1022nd the 
[2016.08.23-01.35.18:053][470]LogTemp:Warning: Testing
[2016.08.23-01.35.18:061][471]LogTemp:Warning:  0x0.0005a5da71c00p-1022nd the 
[2016.08.23-01.35.18:061][471]LogTemp:Warning: Testing
[2016.08.23-01.35.18:069][472]LogTemp:Warning:  0x0.0005a5da71c00p-1022nd the 
[2016.08.23-01.35.18:070][472]LogTemp:Warning: Testing
[2016.08.23-01.35.18:078][473]LogTemp:Warning:  0x0.0005a5da71c00p-1022nd the 
[2016.08.23-01.35.18:078][473]LogTemp:Warning: Testing
[2016.08.23-01.35.18:086][474]LogTemp:Warning:  0x0.0005a5da71c00p-1022nd the 
[2016.08.23-01.35.18:086][474]LogTemp:Warning: Testing
[2016.08.23-01.35.18:094][475]LogTemp:Warning:  0x0.0005a5da71c00p-1022nd the 
[2016.08.23-01.35.18:094][475]LogTemp:Warning: Testing
[2016.08.23-01.35.18:103][476]LogTemp:Warning:  0x0.0005a5da71c00p-1022nd the 
[2016.08.23-01.35.18:103][476]LogTemp:Warning: Testing
[2016.08.23-01.35.18:111][477]LogTemp:Warning:  0x0.0005a5da71c00p-1022nd the 
[2016.08.23-01.35.18:111][477]LogTemp:Warning: Testing
[2016.08.23-01.35.18:119][478]LogTemp:Warning:  0x0.0005a5da71c00p-1022nd the 
[2016.08.23-01.35.18:119][478]LogTemp:Warning: Testing
[2016.08.23-01.35.18:128][479]LogTemp:Warning:  0x0.0005a5da71c00p-1022nd the 
[2016.08.23-01.35.18:128][479]LogTemp:Warning: Testing
[2016.08.23-01.35.18:136][480]LogTemp:Warning:  0x0.0005a5da71c00p-1022nd the 
[2016.08.23-01.35.18:136][480]LogTemp:Warning: Testing
[2016.08.23-01.35.18:144][481]LogTemp:Warning:  0x0.0005a5da71c00p-1022nd the 
[2016.08.23-01.35.18:145][481]LogTemp:Warning: Testing
[2016.08.23-01.35.18:153][482]LogTemp:Warning:  0x0.0005a5da71c00p-1022nd the 
[2016.08.23-01.35.18:153][482]LogTemp:Warning: Testing
[2016.08.23-01.35.18:161][483]LogTemp:Warning:  0x0.0005a5da71c00p-1022nd the 
[2016.08.23-01.35.18:161][483]LogTemp:Warning: Testing
[2016.08.23-01.35.18:169][484]LogTemp:Warning:  0x0.0005a5da71c00p-1022nd the 
[2016.08.23-01.35.18:170][484]LogTemp:Warning: Testing
[2016.08.23-01.35.18:178][485]LogTemp:Warning:  0x0.0005a5da71c00p-1022nd the 
[2016.08.23-01.35.18:178][485]LogTemp:Warning: Testing
[2016.08.23-01.35.18:186][486]LogTemp:Warning:  0x0.0005a5da71c00p-1022nd the 
[2016.08.23-01.35.18:186][486]LogTemp:Warning: Testing
[2016.08.23-01.35.18:194][487]LogTemp:Warning:  0x0.0005a5da71c00p-1022nd the 
[2016.08.23-01.35.18:195][487]LogTemp:Warning: Testing
[2016.08.23-01.35.18:203][488]LogTemp:Warning:  0x0.0005a5da71c00p-1022nd the 
[2016.08.23-01.35.18:203][488]LogTemp:Warning: Testing
[2016.08.23-01.35.18:211][489]LogTemp:Warning:  0x0.0005a5da71c00p-1022nd the 
[2016.08.23-01.35.18:211][489]LogTemp:Warning: Testing
[2016.08.23-01.35.18:219][490]LogTemp:Warning:  0x0.0005a5da71c00p-1022nd the 
[2016.08.23-01.35.18:219][490]LogTemp:Warning: Testing
[2016.08.23-01.35.18:228][491]LogTemp:Warning:  0x0.0005a5da71c00p-1022nd the 
[2016.08.23-01.35.18:228][491]LogTemp:Warning: Testing
[2016.08.23-01.35.18:236][492]LogTemp:Warning:  0x0.0005a5da71c00p-1022nd the 
[2016.08.23-01.35.18:236][492]LogTemp:Warning: Testing
[2016.08.23-01.35.18:244][493]LogTemp:Warning:  0x0.0005a5da71c00p-1022nd the 
[2016.08.23-01.35.18:244][493]LogTemp:Warning: Testing
[2016.08.23-01.35.18:253][494]LogTemp:Warning:  0x0.0005a5da71c00p-1022nd the 
[2016.08.23-01.35.18:253][494]LogTemp:Warning: Testing
[2016.08.23-01.35.18:261][495]LogTemp:Warning:  0x0.0005a5da71c00p-1022nd the 
[2016.08.23-01.35.18:261][495]LogTemp:Warning: Testing
[2016.08.23-01.35.18:269][496]LogTemp:Warning:  0x0.0005a5da71c00p-1022nd the 
[2016.08.23-01.35.18:269][496]LogTemp:Warning: Testing
[2016.08.23-01.35.18:278][497]LogTemp:Warning:  0x0.0005a5da71c00p-1022nd the 
[2016.08.23-01.35.18:278][497]LogTemp:Warning: Testing
[2016.08.23-01.35.18:286][498]LogTemp:Warning:  0x0.0005a5da71c00p-1022nd the 
[2016.08.23-01.35.18:286][498]LogTemp:Warning: Testing
[2016.08.23-01.35.18:294][499]LogTemp:Warning:  0x0.0005a5da71c00p-1022nd the 
[2016.08.23-01.35.18:294][499]LogTemp:Warning: Testing
[2016.08.23-01.35.18:303][500]LogTemp:Warning:  0x0.0005a5da71c00p-1022nd the 
[2016.08.23-01.35.18:303][500]LogTemp:Warning: Testing
[2016.08.23-01.35.18:311][501]LogTemp:Warning:  0x0.0005a5da71c00p-1022nd the 
[2016.08.23-01.35.18:311][501]LogTemp:Warning: Testing
[2016.08.23-01.35.18:319][502]LogTemp:Warning:  0x0.0005a5da71c00p-1022nd the 
[2016.08.23-01.35.18:319][502]LogTemp:Warning: Testing
[2016.08.23-01.35.18:328][503]LogTemp:Warning:  0x0.0005a5da71c00p-1022nd the 
[2016.08.23-01.35.18:328][503]LogTemp:Warning: Testing
[2016.08.23-01.35.18:336][504]LogTemp:Warning:  0x0.0005a5da71c00p-1022nd the 
[2016.08.23-01.35.18:336][504]LogTemp:Warning: Testing
[2016.08.23-01.35.18:344][505]LogTemp:Warning:  0x0.0005a5da71c00p-1022nd the 
[2016.08.23-01.35.18:344][505]LogTemp:Warning: Testing
[2016.08.23-01.35.18:353][506]LogTemp:Warning:  0x0.0005a5da71c00p-1022nd the 
[2016.08.23-01.35.18:353][506]LogTemp:Warning: Testing
[2016.08.23-01.35.18:361][507]LogTemp:Warning:  0x0.0005a5da71c00p-1022nd the 
[2016.08.23-01.35.18:361][507]LogTemp:Warning: Testing
[2016.08.23-01.35.18:369][508]LogTemp:Warning:  0x0.0005a5da71c00p-1022nd the 
[2016.08.23-01.35.18:369][508]LogTemp:Warning: Testing
[2016.08.23-01.35.18:378][509]LogTemp:Warning:  0x0.0005a5da71c00p-1022nd the 
[2016.08.23-01.35.18:378][509]LogTemp:Warning: Testing
[2016.08.23-01.35.18:386][510]LogTemp:Warning:  0x0.0005a5da71c00p-1022nd the 
[2016.08.23-01.35.18:386][510]LogTemp:Warning: Testing
[2016.08.23-01.35.18:394][511]LogTemp:Warning:  0x0.0005a5da71c00p-1022nd the 
[2016.08.23-01.35.18:394][511]LogTemp:Warning: Testing
[2016.08.23-01.35.18:403][512]LogTemp:Warning:  0x0.0005a5da71c00p-1022nd the 
[2016.08.23-01.35.18:403][512]LogTemp:Warning: Testing
[2016.08.23-01.35.18:411][513]LogTemp:Warning:  0x0.0005a5da71c00p-1022nd the 
[2016.08.23-01.35.18:411][513]LogTemp:Warning: Testing
[2016.08.23-01.35.18:419][514]LogTemp:Warning:  0x0.0005a5da71c00p-1022nd the 
[2016.08.23-01.35.18:419][514]LogTemp:Warning: Testing
[2016.08.23-01.35.18:427][515]LogTemp:Warning:  0x0.0005a5da71c00p-1022nd the 
[2016.08.23-01.35.18:428][515]LogTemp:Warning: Testing
[2016.08.23-01.35.18:436][516]LogTemp:Warning:  0x0.0005a5da71c00p-1022nd the 
[2016.08.23-01.35.18:436][516]LogTemp:Warning: Testing
[2016.08.23-01.35.18:444][517]LogTemp:Warning:  0x0.0005a5da71c00p-1022nd the 
[2016.08.23-01.35.18:444][517]LogTemp:Warning: Testing
[2016.08.23-01.35.18:452][518]LogTemp:Warning:  0x0.0005a5da71c00p-1022nd the 
[2016.08.23-01.35.18:453][518]LogTemp:Warning: Testing
[2016.08.23-01.35.18:461][519]LogTemp:Warning:  0x0.0005a5da71c00p-1022nd the 
[2016.08.23-01.35.18:461][519]LogTemp:Warning: Testing
[2016.08.23-01.35.18:469][520]LogTemp:Warning:  0x0.0005a5da71c00p-1022nd the 
[2016.08.23-01.35.18:469][520]LogTemp:Warning: Testing
[2016.08.23-01.35.18:477][521]LogTemp:Warning:  0x0.0005a5da71c00p-1022nd the 
[2016.08.23-01.35.18:478][521]LogTemp:Warning: Testing
[2016.08.23-01.35.18:486][522]LogTemp:Warning:  0x0.0005a5da71c00p-1022nd the 
[2016.08.23-01.35.18:486][522]LogTemp:Warning: Testing
[2016.08.23-01.35.18:494][523]LogTemp:Warning:  0x0.0005a5da71c00p-1022nd the 
[2016.08.23-01.35.18:494][523]LogTemp:Warning: Testing
[2016.08.23-01.35.18:502][524]LogTemp:Warning:  0x0.0005a5da71c00p-1022nd the 
[2016.08.23-01.35.18:503][524]LogTemp:Warning: Testing
[2016.08.23-01.35.18:511][525]LogTemp:Warning:  0x0.0005a5da71c00p-1022nd the 
[2016.08.23-01.35.18:511][525]LogTemp:Warning: Testing
[2016.08.23-01.35.18:519][526]LogTemp:Warning:  0x0.0005a5da71c00p-1022nd the 
[2016.08.23-01.35.18:519][526]LogTemp:Warning: Testing
[2016.08.23-01.35.18:527][527]LogTemp:Warning:  0x0.0005a5da71c00p-1022nd the 
[2016.08.23-01.35.18:528][527]LogTemp:Warning: Testing
[2016.08.23-01.35.18:536][528]LogTemp:Warning:  0x0.0005a5da71c00p-1022nd the 
[2016.08.23-01.35.18:536][528]LogTemp:Warning: Testing
[2016.08.23-01.35.18:544][529]LogTemp:Warning:  0x0.0005a5da71c00p-1022nd the 
[2016.08.23-01.35.18:544][529]LogTemp:Warning: Testing
[2016.08.23-01.35.18:552][530]LogTemp:Warning:  0x0.0005a5da71c00p-1022nd the 
[2016.08.23-01.35.18:553][530]LogTemp:Warning: Testing
[2016.08.23-01.35.18:561][531]LogTemp:Warning:  0x0.0005a5da71c00p-1022nd the 
[2016.08.23-01.35.18:561][531]LogTemp:Warning: Testing
[2016.08.23-01.35.18:569][532]LogTemp:Warning:  0x0.0005a5da71c00p-1022nd the 
[2016.08.23-01.35.18:569][532]LogTemp:Warning: Testing
[2016.08.23-01.35.18:577][533]LogTemp:Warning:  0x0.0005a5da71c00p-1022nd the 
[2016.08.23-01.35.18:577][533]LogTemp:Warning: Testing
[2016.08.23-01.35.18:586][534]LogTemp:Warning:  0x0.0005a5da71c00p-1022nd the 
[2016.08.23-01.35.18:586][534]LogTemp:Warning: Testing
[2016.08.23-01.35.18:594][535]LogTemp:Warning:  0x0.0005a5da71c00p-1022nd the 
[2016.08.23-01.35.18:594][535]LogTemp:Warning: Testing
[2016.08.23-01.35.18:602][536]LogTemp:Warning:  0x0.0005a5da71c00p-1022nd the 
[2016.08.23-01.35.18:602][536]LogTemp:Warning: Testing
[2016.08.23-01.35.18:611][537]LogTemp:Warning:  0x0.0005a5da71c00p-1022nd the 
[2016.08.23-01.35.18:611][537]LogTemp:Warning: Testing
[2016.08.23-01.35.18:619][538]LogTemp:Warning:  0x0.0005a5da71c00p-1022nd the 
[2016.08.23-01.35.18:619][538]LogTemp:Warning: Testing
[2016.08.23-01.35.18:627][539]LogTemp:Warning:  0x0.0005a5da71c00p-1022nd the 
[2016.08.23-01.35.18:627][539]LogTemp:Warning: Testing
[2016.08.23-01.35.18:636][540]LogTemp:Warning:  0x0.0005a5da71c00p-1022nd the 
[2016.08.23-01.35.18:636][540]LogTemp:Warning: Testing
[2016.08.23-01.35.18:644][541]LogTemp:Warning:  0x0.0005a5da71c00p-1022nd the 
[2016.08.23-01.35.18:644][541]LogTemp:Warning: Testing
[2016.08.23-01.35.18:652][542]LogTemp:Warning:  0x0.0005a5da71c00p-1022nd the 
[2016.08.23-01.35.18:652][542]LogTemp:Warning: Testing
[2016.08.23-01.35.18:661][543]LogTemp:Warning:  0x0.0005a5da71c00p-1022nd the 
[2016.08.23-01.35.18:661][543]LogTemp:Warning: Testing
[2016.08.23-01.35.18:669][544]LogTemp:Warning:  0x0.0005a5da71c00p-1022nd the 
[2016.08.23-01.35.18:669][544]LogTemp:Warning: Testing
[2016.08.23-01.35.18:677][545]LogTemp:Warning:  0x0.0005a5da71c00p-1022nd the 
[2016.08.23-01.35.18:677][545]LogTemp:Warning: Testing
[2016.08.23-01.35.18:686][546]LogTemp:Warning:  0x0.0005a5da71c00p-1022nd the 
[2016.08.23-01.35.18:686][546]LogTemp:Warning: Testing
[2016.08.23-01.35.18:694][547]LogTemp:Warning:  0x0.0005a5da71c00p-1022nd the 
[2016.08.23-01.35.18:694][547]LogTemp:Warning: Testing
[2016.08.23-01.35.18:702][548]LogTemp:Warning:  0x0.0005a5da71c00p-1022nd the 
[2016.08.23-01.35.18:702][548]LogTemp:Warning: Testing
[2016.08.23-01.35.18:712][549]LogHMD: Destroying ovr session
[2016.08.23-01.35.18:716][549]OCULUS: Info: [HMDState] Requested to SetForegroundWindow(b035all)
[2016.08.23-01.35.49:979][966]LogVSAccessor:Warning: Couldn't goto line number '0' in 'C:/Users/RyanJSmith/repo_main/repo_main/BuildingEscape/BuildingEscape/Source/BuildingEscape/BuildingEscapeGameMode.h'
[2016.08.23-01.35.50:002][966]LogVSAccessor:Warning: Couldn't goto line number '0' in 'C:/Users/RyanJSmith/repo_main/repo_main/BuildingEscape/BuildingEscape/Source/BuildingEscape/BuildingEscapeGameMode.cpp'
[2016.08.23-01.37.21:238][282]LogEditorViewport: Clicking on Actor (LMB): StaticMeshActor (Floor)
[2016.08.23-01.37.37:658][113]LogWindowsTextInputMethodSystem:Display: IME system now deactivated.
[2016.08.23-01.37.37:814][114]Cmd: QUIT_EDITOR
[2016.08.23-01.37.38:096][114]LogExit: Preparing to exit.
[2016.08.23-01.37.38:357][114]LogExit: Editor shut down
[2016.08.23-01.37.38:358][114]LogExit: Transaction tracking system shut down
[2016.08.23-01.37.38:438][114]LogObj: Freed 0b from 0 cluster array pools.
[2016.08.23-01.37.38:438][114]LogExit: Object subsystem successfully closed.
[2016.08.23-01.37.38:448][114]LogD3D11RHI: Shutdown
[2016.08.23-01.37.38:449][114]LogD3D11RHI: CleanupD3DDevice
[2016.08.23-01.37.38:497][114]LogD3D11RHI: ~FD3D11DynamicRHI
[2016.08.23-01.37.38:505][114]LogModuleManager: Shutting down and abandoning module MovieSceneCapture (217)
[2016.08.23-01.37.38:505][114]LogModuleManager: Shutting down and abandoning module HierarchicalLODOutliner (216)
[2016.08.23-01.37.38:505][114]LogModuleManager: Shutting down and abandoning module CrashTracker (215)
[2016.08.23-01.37.38:505][114]LogModuleManager: Shutting down and abandoning module WidgetCarousel (214)
[2016.08.23-01.37.38:505][114]LogModuleManager: Shutting down and abandoning module AddContentDialog (213)
[2016.08.23-01.37.38:505][114]LogModuleManager: Shutting down and abandoning module GameplayTags (212)
[2016.08.23-01.37.38:505][114]LogModuleManager: Shutting down and abandoning module EditorWidgets (211)
[2016.08.23-01.37.38:505][114]LogModuleManager: Shutting down and abandoning module CollectionManager (210)
[2016.08.23-01.37.38:506][114]LogModuleManager: Shutting down and abandoning module SceneOutliner (209)
[2016.08.23-01.37.38:506][114]LogModuleManager: Shutting down and abandoning module StatsViewer (208)
[2016.08.23-01.37.38:506][114]LogModuleManager: Shutting down and abandoning module FoliageEdit (207)
[2016.08.23-01.37.38:506][114]LogModuleManager: Shutting down and abandoning module LandscapeEditor (206)
[2016.08.23-01.37.38:506][114]LogModuleManager: Shutting down and abandoning module SceneDepthPickerMode (205)
[2016.08.23-01.37.38:506][114]LogModuleManager: Shutting down and abandoning module ActorPickerMode (204)
[2016.08.23-01.37.38:506][114]LogModuleManager: Shutting down and abandoning module GeometryMode (203)
[2016.08.23-01.37.38:506][114]LogModuleManager: Shutting down and abandoning module TextureAlignMode (202)
[2016.08.23-01.37.38:506][114]LogModuleManager: Shutting down and abandoning module BspMode (201)
[2016.08.23-01.37.38:506][114]LogModuleManager: Shutting down and abandoning module HardwareSurvey (200)
[2016.08.23-01.37.38:506][114]LogModuleManager: Shutting down and abandoning module SequenceRecorderSections (199)
[2016.08.23-01.37.38:506][114]LogModuleManager: Shutting down and abandoning module SequenceRecorder (198)
[2016.08.23-01.37.38:506][114]LogModuleManager: Shutting down and abandoning module AutomationWorker (197)
[2016.08.23-01.37.38:506][114]LogModuleManager: Shutting down and abandoning module MatineeToLevelSequence (196)
[2016.08.23-01.37.38:506][114]LogModuleManager: Shutting down and abandoning module PlacementMode (195)
[2016.08.23-01.37.38:506][114]LogModuleManager: Shutting down and abandoning module LevelSequenceEditor (194)
[2016.08.23-01.37.38:506][114]LogModuleManager: Shutting down and abandoning module CharacterAI (193)
[2016.08.23-01.37.38:506][114]LogModuleManager: Shutting down and abandoning module SmartSnapping (192)
[2016.08.23-01.37.38:506][114]LogModuleManager: Shutting down and abandoning module SessionServices (191)
[2016.08.23-01.37.38:506][114]LogModuleManager: Shutting down and abandoning module ViewportSnapping (190)
[2016.08.23-01.37.38:506][114]LogModuleManager: Shutting down and abandoning module LogVisualizer (189)
[2016.08.23-01.37.38:506][114]LogModuleManager: Shutting down and abandoning module GameProjectGeneration (188)
[2016.08.23-01.37.38:506][114]LogModuleManager: Shutting down and abandoning module IntroTutorials (187)
[2016.08.23-01.37.38:506][114]LogModuleManager: Shutting down and abandoning module EditorLiveStreaming (186)
[2016.08.23-01.37.38:506][114]LogModuleManager: Shutting down and abandoning module IOSPlatformEditor (185)
[2016.08.23-01.37.38:506][114]LogModuleManager: Shutting down and abandoning module HTML5PlatformEditor (184)
[2016.08.23-01.37.38:506][114]LogModuleManager: Shutting down and abandoning module AndroidDeviceDetection (183)
[2016.08.23-01.37.38:868][114]LogModuleManager: Shutting down and abandoning module AndroidPlatformEditor (182)
[2016.08.23-01.37.38:868][114]LogModuleManager: Shutting down and abandoning module IOSRuntimeSettings (181)
[2016.08.23-01.37.38:868][114]LogModuleManager: Shutting down and abandoning module AndroidRuntimeSettings (180)
[2016.08.23-01.37.38:868][114]LogModuleManager: Shutting down and abandoning module MergeActors (179)
[2016.08.23-01.37.38:868][114]LogModuleManager: Shutting down and abandoning module SizeMap (178)
[2016.08.23-01.37.38:868][114]LogModuleManager: Shutting down and abandoning module TreeMap (177)
[2016.08.23-01.37.38:868][114]LogModuleManager: Shutting down and abandoning module ReferenceViewer (176)
[2016.08.23-01.37.38:868][114]LogModuleManager: Shutting down and abandoning module LocalizationService (175)
[2016.08.23-01.37.38:868][114]LogModuleManager: Shutting down and abandoning module LocalizationDashboard (174)
[2016.08.23-01.37.38:868][114]LogModuleManager: Shutting down and abandoning module HardwareTargeting (173)
[2016.08.23-01.37.38:868][114]LogModuleManager: Shutting down and abandoning module DeviceProfileEditor (172)
[2016.08.23-01.37.38:868][114]LogModuleManager: Shutting down and abandoning module UndoHistory (171)
[2016.08.23-01.37.38:868][114]LogModuleManager: Shutting down and abandoning module UserFeedback (170)
[2016.08.23-01.37.38:868][114]LogModuleManager: Shutting down and abandoning module XmlParser (169)
[2016.08.23-01.37.38:868][114]LogModuleManager: Shutting down and abandoning module Blutility (168)
[2016.08.23-01.37.38:868][114]LogModuleManager: Shutting down and abandoning module ProjectTargetPlatformEditor (167)
[2016.08.23-01.37.38:868][114]LogModuleManager: Shutting down and abandoning module ProjectSettingsViewer (166)
[2016.08.23-01.37.38:868][114]LogModuleManager: Shutting down and abandoning module InputBindingEditor (165)
[2016.08.23-01.37.38:868][114]LogModuleManager: Shutting down and abandoning module EditorSettingsViewer (164)
[2016.08.23-01.37.38:868][114]LogModuleManager: Shutting down and abandoning module SettingsEditor (163)
[2016.08.23-01.37.38:868][114]LogModuleManager: Shutting down and abandoning module ProjectLauncher (162)
[2016.08.23-01.37.38:868][114]LogModuleManager: Shutting down and abandoning module SessionFrontend (161)
[2016.08.23-01.37.38:868][114]LogModuleManager: Shutting down and abandoning module ProfilerClient (160)
[2016.08.23-01.37.38:868][114]LogModuleManager: Shutting down and abandoning module TargetDeviceServices (159)
[2016.08.23-01.37.38:868][114]LogModuleManager: Shutting down and abandoning module DeviceManager (158)
[2016.08.23-01.37.38:921][114]LogModuleManager: Shutting down and abandoning module AutomationController (157)
[2016.08.23-01.37.38:921][114]LogModuleManager: Shutting down and abandoning module AutomationWindow (156)
[2016.08.23-01.37.38:921][114]LogModuleManager: Shutting down and abandoning module Layers (155)
[2016.08.23-01.37.38:921][114]LogModuleManager: Shutting down and abandoning module ComponentVisualizers (154)
[2016.08.23-01.37.38:921][114]LogModuleManager: Shutting down and abandoning module DetailCustomizations (153)
[2016.08.23-01.37.38:921][114]LogModuleManager: Shutting down and abandoning module PackagesDialog (152)
[2016.08.23-01.37.38:921][114]LogModuleManager: Shutting down and abandoning module Persona (151)
[2016.08.23-01.37.38:921][114]LogModuleManager: Shutting down and abandoning module Kismet (150)
[2016.08.23-01.37.38:921][114]LogModuleManager: Shutting down and abandoning module GraphEditor (149)
[2016.08.23-01.37.38:921][114]LogModuleManager: Shutting down and abandoning module ClassViewer (148)
[2016.08.23-01.37.38:921][114]LogModuleManager: Shutting down and abandoning module Toolbox (147)
[2016.08.23-01.37.38:921][114]LogModuleManager: Shutting down and abandoning module ModuleUI (146)
[2016.08.23-01.37.38:921][114]LogModuleManager: Shutting down and abandoning module MovieSceneTools (145)
[2016.08.23-01.37.38:921][114]LogModuleManager: Shutting down and abandoning module OutputLog (144)
[2016.08.23-01.37.38:921][114]LogModuleManager: Shutting down and abandoning module GammaUI (143)
[2016.08.23-01.37.38:921][114]LogModuleManager: Shutting down and abandoning module Documentation (142)
[2016.08.23-01.37.38:921][114]LogModuleManager: Shutting down and abandoning module StreamingPauseRendering (141)
[2016.08.23-01.37.38:921][114]LogModuleManager: Shutting down and abandoning module AnalyticsET (140)
[2016.08.23-01.37.38:921][114]LogModuleManager: Shutting down and abandoning module Analytics (139)
[2016.08.23-01.37.38:921][114]LogModuleManager: Shutting down and abandoning module PortalServices (138)
[2016.08.23-01.37.38:921][114]LogModuleManager: Shutting down and abandoning module PortalRpc (137)
[2016.08.23-01.37.38:921][114]LogModuleManager: Shutting down and abandoning module MessagingRpc (136)
[2016.08.23-01.37.38:921][114]LogModuleManager: Shutting down and abandoning module GameplayDebugger (135)
[2016.08.23-01.37.38:921][114]LogModuleManager: Shutting down and abandoning module AITestSuite (134)
[2016.08.23-01.37.38:921][114]LogModuleManager: Shutting down and abandoning module AIModule (133)
[2016.08.23-01.37.38:921][114]LogModuleManager: Shutting down and abandoning module ProfilerService (132)
[2016.08.23-01.37.39:111][114]LogModuleManager: Shutting down and abandoning module TaskGraph (131)
[2016.08.23-01.37.39:111][114]LogModuleManager: Shutting down and abandoning module SubstanceEditor (130)
[2016.08.23-01.37.39:111][114]LogModuleManager: Shutting down and abandoning module SlateRemote (129)
[2016.08.23-01.37.39:111][114]LogModuleManager: Shutting down and abandoning module SteamVRController (128)
[2016.08.23-01.37.39:111][114]LogModuleManager: Shutting down and abandoning module SteamVR (127)
[2016.08.23-01.37.39:111][114]LogModuleManager: Shutting down and abandoning module ProceduralMeshComponent (126)
[2016.08.23-01.37.39:111][114]LogModuleManager: Shutting down and abandoning module OculusLibrary (125)
[2016.08.23-01.37.39:111][114]LogModuleManager: Shutting down and abandoning module OculusInput (124)
[2016.08.23-01.37.39:111][114]LogModuleManager: Shutting down and abandoning module CustomMeshComponent (123)
[2016.08.23-01.37.39:111][114]LogModuleManager: Shutting down and abandoning module CableComponent (122)
[2016.08.23-01.37.39:111][114]LogModuleManager: Shutting down and abandoning module ArchVisCharacter (121)
[2016.08.23-01.37.39:111][114]LogModuleManager: Shutting down and abandoning module MediaPlayerEditor (120)
[2016.08.23-01.37.39:111][114]LogModuleManager: Shutting down and abandoning module HTML5Networking (119)
[2016.08.23-01.37.39:111][114]LogModuleManager: Shutting down and abandoning module SuperSearch (118)
[2016.08.23-01.37.39:111][114]LogModuleManager: Shutting down and abandoning module SuperSearchEditor (117)
[2016.08.23-01.37.39:111][114]LogModuleManager: Shutting down and abandoning module SpeedTreeImporter (116)
[2016.08.23-01.37.39:111][114]LogModuleManager: Shutting down and abandoning module PluginBrowser (115)
[2016.08.23-01.37.39:111][114]LogModuleManager: Shutting down and abandoning module EpicSurvey (114)
[2016.08.23-01.37.39:111][114]LogModuleManager: Shutting down and abandoning module DesktopPlatform (113)
[2016.08.23-01.37.39:111][114]LogModuleManager: Shutting down and abandoning module VisualStudioSourceCodeAccess (112)
[2016.08.23-01.37.39:111][114]LogModuleManager: Shutting down and abandoning module UObjectPlugin (111)
[2016.08.23-01.37.39:111][114]LogModuleManager: Shutting down and abandoning module SubversionSourceControl (110)
[2016.08.23-01.37.39:111][114]LogModuleManager: Shutting down and abandoning module PerforceSourceControl (109)
[2016.08.23-01.37.39:111][114]LogModuleManager: Shutting down and abandoning module SourceControl (108)
[2016.08.23-01.37.39:111][114]LogModuleManager: Shutting down and abandoning module GitSourceControl (107)
[2016.08.23-01.37.39:111][114]LogModuleManager: Shutting down and abandoning module LightPropagationVolumeEditor (106)
[2016.08.23-01.37.39:111][114]LogModuleManager: Shutting down and abandoning module PaperTiledImporter (105)
[2016.08.23-01.37.39:111][114]LogModuleManager: Shutting down and abandoning module PaperSpriteSheetImporter (104)
[2016.08.23-01.37.39:111][114]LogModuleManager: Shutting down and abandoning module MeshPaint (103)
[2016.08.23-01.37.39:111][114]LogModuleManager: Shutting down and abandoning module PixelInspectorModule (102)
[2016.08.23-01.37.39:111][114]LogModuleManager: Shutting down and abandoning module HotReload (101)
[2016.08.23-01.37.39:112][114]LogModuleManager: Shutting down and abandoning module MainFrame (100)
[2016.08.23-01.37.39:112][114]LogModuleManager: Shutting down and abandoning module LevelEditor (99)
[2016.08.23-01.37.39:112][114]LogModuleManager: Shutting down and abandoning module ContentBrowser (98)
[2016.08.23-01.37.39:113][114]LogModuleManager: Shutting down and abandoning module Paper2DEditor (97)
[2016.08.23-01.37.39:113][114]LogModuleManager: Shutting down and abandoning module BuildingEscape (96)
[2016.08.23-01.37.39:113][114]LogModuleManager: Shutting down and abandoning module UdpMessaging (95)
[2016.08.23-01.37.39:214][114]LogModuleManager: Shutting down and abandoning module SubstanceCore (94)
[2016.08.23-01.37.39:214][114]LogModuleManager: Shutting down and abandoning module LightPropagationVolumeRuntime (93)
[2016.08.23-01.37.39:214][114]LogModuleManager: Shutting down and abandoning module Paper2D (92)
[2016.08.23-01.37.39:214][114]LogModuleManager: Shutting down and abandoning module WindowsMoviePlayer (91)
[2016.08.23-01.37.39:214][114]LogModuleManager: Shutting down and abandoning module Media (90)
[2016.08.23-01.37.39:214][114]LogModuleManager: Shutting down and abandoning module WmfMedia (89)
[2016.08.23-01.37.39:214][114]LogModuleManager: Shutting down and abandoning module MediaAssets (88)
[2016.08.23-01.37.39:214][114]LogModuleManager: Shutting down and abandoning module GameLiveStreaming (87)
[2016.08.23-01.37.39:214][114]LogModuleManager: Shutting down and abandoning module GameplayTagsEditor (86)
[2016.08.23-01.37.39:214][114]LogModuleManager: Shutting down and abandoning module OnlineBlueprintSupport (85)
[2016.08.23-01.37.39:214][114]LogModuleManager: Shutting down and abandoning module VREditor (84)
[2016.08.23-01.37.39:214][114]LogModuleManager: Shutting down and abandoning module GameplayTasksEditor (83)
[2016.08.23-01.37.39:214][114]LogModuleManager: Shutting down and abandoning module PropertyEditor (82)
[2016.08.23-01.37.39:214][114]LogModuleManager: Shutting down and abandoning module BehaviorTreeEditor (81)
[2016.08.23-01.37.39:214][114]LogModuleManager: Shutting down and abandoning module FunctionalTesting (80)
[2016.08.23-01.37.39:214][114]LogModuleManager: Shutting down and abandoning module CollisionAnalyzer (79)
[2016.08.23-01.37.39:214][114]LogModuleManager: Shutting down and abandoning module Sequencer (78)
[2016.08.23-01.37.39:214][114]LogModuleManager: Shutting down and abandoning module WorkspaceMenuStructure (77)
[2016.08.23-01.37.39:214][114]LogModuleManager: Shutting down and abandoning module MessageLog (76)
[2016.08.23-01.37.39:214][114]LogModuleManager: Shutting down and abandoning module AssetTools (75)
[2016.08.23-01.37.39:214][114]LogModuleManager: Shutting down and abandoning module UMGEditor (74)
[2016.08.23-01.37.39:214][114]LogModuleManager: Shutting down and abandoning module UMG (73)
[2016.08.23-01.37.39:214][114]LogModuleManager: Shutting down and abandoning module SlateReflector (72)
[2016.08.23-01.37.39:214][114]LogModuleManager: Shutting down and abandoning module Slate (71)
[2016.08.23-01.37.39:214][114]LogModuleManager: Shutting down and abandoning module EditorStyle (70)
[2016.08.23-01.37.39:216][114]LogModuleManager: Shutting down and abandoning module SourceCodeAccess (69)
[2016.08.23-01.37.39:216][114]LogModuleManager: Shutting down and abandoning module HeadMountedDisplay (68)
[2016.08.23-01.37.39:216][114]LogModuleManager: Shutting down and abandoning module XAudio2 (67)
[2016.08.23-01.37.39:216][114]LogModuleManager: Shutting down and abandoning module Networking (65)
[2016.08.23-01.37.39:216][114]LogModuleManager: Shutting down and abandoning module Core (64)
[2016.08.23-01.37.39:216][114]LogModuleManager: Shutting down and abandoning module DirectoryWatcher (63)
[2016.08.23-01.37.39:216][114]LogModuleManager: Shutting down and abandoning module AssetRegistry (62)
[2016.08.23-01.37.39:359][114]LogModuleManager: Shutting down and abandoning module KismetCompiler (61)
[2016.08.23-01.37.39:359][114]LogModuleManager: Shutting down and abandoning module PhysXFormats (60)
[2016.08.23-01.37.39:359][114]LogModuleManager: Shutting down and abandoning module MeshUtilities (59)
[2016.08.23-01.37.39:359][114]LogModuleManager: Shutting down and abandoning module DerivedDataCache (58)
[2016.08.23-01.37.39:368][114]LogDerivedDataCache: Shutdown
[2016.08.23-01.37.39:368][114]LogModuleManager: Shutting down and abandoning module VulkanShaderFormat (57)
[2016.08.23-01.37.39:368][114]LogModuleManager: Shutting down and abandoning module ShaderFormatOpenGL (56)
[2016.08.23-01.37.39:368][114]LogModuleManager: Shutting down and abandoning module ShaderFormatD3D (55)
[2016.08.23-01.37.39:368][114]LogModuleManager: Shutting down and abandoning module MetalShaderFormat (54)
[2016.08.23-01.37.39:368][114]LogModuleManager: Shutting down and abandoning module TextureFormatUncompressed (53)
[2016.08.23-01.37.39:368][114]LogModuleManager: Shutting down and abandoning module TextureFormatPVR (52)
[2016.08.23-01.37.39:368][114]LogModuleManager: Shutting down and abandoning module TextureFormatIntelISPCTexComp (51)
[2016.08.23-01.37.39:368][114]LogModuleManager: Shutting down and abandoning module TextureFormatDXT (50)
[2016.08.23-01.37.39:368][114]LogModuleManager: Shutting down and abandoning module ImageWrapper (49)
[2016.08.23-01.37.39:368][114]LogModuleManager: Shutting down and abandoning module TextureFormatASTC (48)
[2016.08.23-01.37.39:368][114]LogModuleManager: Shutting down and abandoning module TextureFormatAndroid (47)
[2016.08.23-01.37.39:368][114]LogModuleManager: Shutting down and abandoning module AudioFormatOpus (46)
[2016.08.23-01.37.39:368][114]LogModuleManager: Shutting down and abandoning module AudioFormatOgg (45)
[2016.08.23-01.37.39:368][114]LogModuleManager: Shutting down and abandoning module AudioFormatADPCM (44)
[2016.08.23-01.37.39:368][114]LogModuleManager: Shutting down and abandoning module LinuxTargetPlatform (43)
[2016.08.23-01.37.39:368][114]LogModuleManager: Shutting down and abandoning module LinuxServerTargetPlatform (42)
[2016.08.23-01.37.39:368][114]LogModuleManager: Shutting down and abandoning module LinuxNoEditorTargetPlatform (41)
[2016.08.23-01.37.39:368][114]LogModuleManager: Shutting down and abandoning module TVOSTargetPlatform (40)
[2016.08.23-01.37.39:368][114]LogModuleManager: Shutting down and abandoning module Messaging (39)
[2016.08.23-01.37.39:368][114]LogModuleManager: Shutting down and abandoning module IOSTargetPlatform (38)
[2016.08.23-01.37.39:368][114]LogModuleManager: Shutting down and abandoning module HTML5TargetPlatform (37)
[2016.08.23-01.37.39:368][114]LogModuleManager: Shutting down and abandoning module Android_PVRTCTargetPlatform (36)
[2016.08.23-01.37.39:368][114]LogModuleManager: Shutting down and abandoning module Android_MultiTargetPlatform (35)
[2016.08.23-01.37.39:368][114]LogModuleManager: Shutting down and abandoning module Android_ETC2TargetPlatform (34)
[2016.08.23-01.37.39:368][114]LogModuleManager: Shutting down and abandoning module Android_ETC1TargetPlatform (33)
[2016.08.23-01.37.39:368][114]LogModuleManager: Shutting down and abandoning module Android_DXTTargetPlatform (32)
[2016.08.23-01.37.39:368][114]LogModuleManager: Shutting down and abandoning module Android_ATCTargetPlatform (31)
[2016.08.23-01.37.39:368][114]LogModuleManager: Shutting down and abandoning module Android_ASTCTargetPlatform (30)
[2016.08.23-01.37.39:368][114]LogModuleManager: Shutting down and abandoning module AndroidTargetPlatform (29)
[2016.08.23-01.37.39:368][114]LogModuleManager: Shutting down and abandoning module WindowsTargetPlatform (28)
[2016.08.23-01.37.39:368][114]LogModuleManager: Shutting down and abandoning module WindowsServerTargetPlatform (27)
[2016.08.23-01.37.39:368][114]LogModuleManager: Shutting down and abandoning module WindowsNoEditorTargetPlatform (26)
[2016.08.23-01.37.39:368][114]LogModuleManager: Shutting down and abandoning module WindowsClientTargetPlatform (25)
[2016.08.23-01.37.39:368][114]LogModuleManager: Shutting down and abandoning module AllDesktopTargetPlatform (24)
[2016.08.23-01.37.39:368][114]LogModuleManager: Shutting down and abandoning module TargetPlatform (23)
[2016.08.23-01.37.39:368][114]LogModuleManager: Shutting down and abandoning module InputCore (22)
[2016.08.23-01.37.39:368][114]LogModuleManager: Shutting down and abandoning module Settings (21)
[2016.08.23-01.37.39:368][114]LogModuleManager: Shutting down and abandoning module OnlineSubsystem (19)
[2016.08.23-01.37.39:368][114]LogModuleManager: Shutting down and abandoning module HTTP (18)
[2016.08.23-01.37.43:879][114]LogModuleManager: Shutting down and abandoning module XMPP (17)
[2016.08.23-01.37.43:879][114]LogModuleManager: Shutting down and abandoning module OculusRift (16)
[2016.08.23-01.37.43:880][114]LogHMD: Oculus shutdown.
[2016.08.23-01.37.43:880][114]LogModuleManager: Shutting down and abandoning module ExampleDeviceProfileSelector (15)
[2016.08.23-01.37.43:880][114]LogModuleManager: Shutting down and abandoning module TextureCompressor (14)
[2016.08.23-01.37.43:880][114]LogModuleManager: Shutting down and abandoning module ShaderCore (13)
[2016.08.23-01.37.43:880][114]LogModuleManager: Shutting down and abandoning module Landscape (12)
[2016.08.23-01.37.43:880][114]LogModuleManager: Shutting down and abandoning module SlateRHIRenderer (11)
[2016.08.23-01.37.43:880][114]LogModuleManager: Shutting down and abandoning module OpenGLDrv (10)
[2016.08.23-01.37.43:880][114]LogModuleManager: Shutting down and abandoning module D3D11RHI (9)
[2016.08.23-01.37.43:880][114]LogModuleManager: Shutting down and abandoning module AnimGraphRuntime (8)
[2016.08.23-01.37.43:880][114]LogModuleManager: Shutting down and abandoning module Renderer (7)
[2016.08.23-01.37.43:880][114]LogModuleManager: Shutting down and abandoning module Engine (6)
[2016.08.23-01.37.43:880][114]LogModuleManager: Shutting down and abandoning module CoreUObject (5)
[2016.08.23-01.37.43:880][114]LogModuleManager: Shutting down and abandoning module NetworkFile (4)
[2016.08.23-01.37.43:880][114]LogModuleManager: Shutting down and abandoning module StreamingFile (3)
[2016.08.23-01.37.43:880][114]LogModuleManager: Shutting down and abandoning module SandboxFile (2)
[2016.08.23-01.37.43:881][114]LogModuleManager: Shutting down and abandoning module PakFile (1)
[2016.08.23-01.37.43:882][114]LogExit: Exiting.
[2016.08.23-01.37.43:884][114]Log file closed, 08/22/16 21:37:43
