[2015.09.28-22.46.54:248][  0]Log file open, 09/28/15 18:46:54
[2015.09.28-22.46.54:248][  0]LogInit:Display: Running engine for game: LightBouncy
[2015.09.28-22.46.54:248][  0]LogInit:Display: RandInit(1623359396) SRandInit(1623359397).
[2015.09.28-22.46.54:248][  0]LogTaskGraph: Started task graph with 4 named threads and 7 total threads.
[2015.09.28-22.46.54:248][  0]LogStats: Stats thread started at 0.075999
[2015.09.28-22.46.54:248][  0]LogInit: Version: 4.9.1-2689999+++depot+UE4-Releases+4.9
[2015.09.28-22.46.54:248][  0]LogInit: API Version: 2672455
[2015.09.28-22.46.54:248][  0]LogInit: Compiled (64-bit): Sep 14 2015 04:12:03
[2015.09.28-22.46.54:248][  0]LogInit: Compiled with Visual C++: 18.00.21005.01
[2015.09.28-22.46.54:248][  0]LogInit: Build Configuration: Development
[2015.09.28-22.46.54:248][  0]LogInit: Branch Name: ++depot+UE4-Releases+4.9
[2015.09.28-22.46.54:248][  0]LogInit: Command line:  
[2015.09.28-22.46.54:248][  0]LogInit: Base directory: C:/Program Files/Epic Games/4.9/Engine/Binaries/Win64/
[2015.09.28-22.46.54:248][  0]LogInit: Rocket: 1
[2015.09.28-22.46.54:262][  0]LogInit: Using libcurl 7.41.0
[2015.09.28-22.46.54:262][  0]LogInit:  - built for x86_64-pc-win32
[2015.09.28-22.46.54:262][  0]LogInit:  - supports SSL with WinSSL
[2015.09.28-22.46.54:262][  0]LogInit:  - other features:
[2015.09.28-22.46.54:262][  0]LogInit:      CURL_VERSION_SSL
[2015.09.28-22.46.54:262][  0]LogInit:      CURL_VERSION_IPV6
[2015.09.28-22.46.54:262][  0]LogInit:      CURL_VERSION_ASYNCHDNS
[2015.09.28-22.46.54:262][  0]LogInit:      CURL_VERSION_LARGEFILE
[2015.09.28-22.46.54:262][  0]LogInit:      CURL_VERSION_IDN
[2015.09.28-22.46.54:262][  0]LogInit:  CurlRequestOptions (configurable via config and command line):
[2015.09.28-22.46.54:262][  0]LogInit:  - bVerifyPeer = true  - Libcurl will verify peer certificate
[2015.09.28-22.46.54:262][  0]LogInit:  - bUseHttpProxy = false  - Libcurl will NOT use HTTP proxy
[2015.09.28-22.46.54:262][  0]LogInit:  - bDontReuseConnections = false  - Libcurl will reuse connections
[2015.09.28-22.46.54:262][  0]LogInit:  - CertBundlePath = nullptr  - Libcurl will use whatever was configured at build time.
[2015.09.28-22.46.54:273][  0]LogInit: Presizing for 0 objects not considered by GC, pre-allocating 0 bytes.
[2015.09.28-22.46.54:283][  0]LogInit: Object subsystem initialized
[2015.09.28-22.46.54:285][  0]LogInit: Selected Device Profile: [Windows]
[2015.09.28-22.46.54:285][  0]LogInit: Applying CVar settings loaded from the selected device profile: [Windows]
[2015.09.28-22.46.54:297][  0]LogInit: Computer: JONSLAPTOP
[2015.09.28-22.46.54:297][  0]LogInit: User: Jonathan
[2015.09.28-22.46.54:297][  0]LogInit: CPU Page size=4096, Cores=4
[2015.09.28-22.46.54:297][  0]LogInit: High frequency timer resolution =2.435768 MHz
[2015.09.28-22.46.54:297][  0]LogMemory: Memory total: Physical=23.8GB (24GB approx)
[2015.09.28-22.46.54:297][  0]LogMemory: Platform Memory Stats for Windows
[2015.09.28-22.46.54:297][  0]LogMemory: Process Physical Memory: 54.64 MB used, 54.64 MB peak
[2015.09.28-22.46.54:297][  0]LogMemory: Process Virtual Memory: 55.38 MB used, 55.38 MB peak
[2015.09.28-22.46.54:297][  0]LogMemory: Physical Memory: 7843.12 MB used, 24399.89 MB total
[2015.09.28-22.46.54:297][  0]LogMemory: Virtual Memory: 365.11 MB used, 134217728.00 MB total
[2015.09.28-22.46.54:332][  0]LogTextLocalizationManager: No specific translations for ('en-US') exist, so ('en') translations will be used.
[2015.09.28-22.46.55:303][  0]LogD3D11RHI: Found D3D11 adapter 0: NVIDIA GeForce GTX 860M     (Feature Level 11_0)
[2015.09.28-22.46.55:303][  0]LogD3D11RHI: Adapter has 1995MB of dedicated video memory, 0MB of dedicated system memory, and 12199MB of shared system memory, 1 output[s]
[2015.09.28-22.46.55:308][  0]LogD3D11RHI: Found D3D11 adapter 1: Intel(R) HD Graphics 4600 (Feature Level 11_0)
[2015.09.28-22.46.55:308][  0]LogD3D11RHI: Adapter has 112MB of dedicated video memory, 0MB of dedicated system memory, and 12199MB of shared system memory, 0 output[s]
[2015.09.28-22.46.55:310][  0]LogD3D11RHI: Found D3D11 adapter 2: Microsoft Basic Render Driver (Feature Level 11_0)
[2015.09.28-22.46.55:310][  0]LogD3D11RHI: Adapter has 0MB of dedicated video memory, 0MB of dedicated system memory, and 12199MB of shared system memory, 0 output[s]
[2015.09.28-22.46.55:310][  0]LogD3D11RHI: Chosen D3D11 Adapter Id = 0
[2015.09.28-22.46.55:315][  0]LogD3D11RHI: !Direct3DDevice
[2015.09.28-22.46.55:315][  0]LogRHI: Texture pool is 1361 MB (70% of 1945 MB)
[2015.09.28-22.46.55:326][  0]LogD3D11RHI: Async texture creation enabled
[2015.09.28-22.46.55:342][  0]LogShaderCompilers: Guid format shader working directory is 15 characters bigger than the processId version (../../../../../../Users/Jonathan/Desktop/LightBouncer/LightBouncy/Intermediate/Shaders/WorkingDirectory/6964/).
[2015.09.28-22.46.55:342][  0]LogShaderCompilers: Cleaned the shader compiler working directory '../../../../../../Users/Jonathan/Desktop/LightBouncer/LightBouncy/Intermediate/Shaders/tmp/509BBD8F4909A79E05F9C28C872D040F/'.
[2015.09.28-22.46.55:342][  0]LogShaderCompilers:Display: Using Local Shader Compiler.
[2015.09.28-22.46.56:371][  0]LogTemp:Display: Loaded TP AllDesktopTargetPlatform
[2015.09.28-22.46.56:376][  0]LogTemp:Display: Loaded TP WindowsClientTargetPlatform
[2015.09.28-22.46.56:381][  0]LogTemp:Display: Loaded TP WindowsNoEditorTargetPlatform
[2015.09.28-22.46.56:387][  0]LogTemp:Display: Loaded TP WindowsServerTargetPlatform
[2015.09.28-22.46.56:392][  0]LogTemp:Display: Loaded TP WindowsTargetPlatform
[2015.09.28-22.46.56:396][  0]LogTemp:Display: Loaded TP AndroidTargetPlatform
[2015.09.28-22.46.56:399][  0]LogTemp:Display: Loaded TP Android_ASTCTargetPlatform
[2015.09.28-22.46.56:403][  0]LogTemp:Display: Loaded TP Android_ATCTargetPlatform
[2015.09.28-22.46.56:406][  0]LogTemp:Display: Loaded TP Android_DXTTargetPlatform
[2015.09.28-22.46.56:410][  0]LogTemp:Display: Loaded TP Android_ETC1TargetPlatform
[2015.09.28-22.46.56:413][  0]LogTemp:Display: Loaded TP Android_ETC2TargetPlatform
[2015.09.28-22.46.56:416][  0]LogTemp:Display: Loaded TP Android_PVRTCTargetPlatform
[2015.09.28-22.46.56:417][  0]LogTemp:Display: Loaded TP HTML5TargetPlatform
[2015.09.28-22.46.56:434][  0]LogTemp:Display: Loaded TP IOSTargetPlatform
[2015.09.28-22.46.56:438][  0]LogTemp:Display: Loaded TP LinuxNoEditorTargetPlatform
[2015.09.28-22.46.56:441][  0]LogTemp:Display: Loaded TP LinuxServerTargetPlatform
[2015.09.28-22.46.56:445][  0]LogTemp:Display: Loaded TP LinuxTargetPlatform
[2015.09.28-22.46.56:445][  0]LogTargetPlatformManager:Display: Building Assets For Windows
[2015.09.28-22.46.56:540][  0]LogDerivedDataCache:Display: Max Cache Size: 512 MB
[2015.09.28-22.46.56:586][  0]LogDerivedDataCache: Loaded boot cache 0.05s 41MB C:/Users/Jonathan/AppData/Local/UnrealEngine/4.9/DerivedDataCache/Boot.ddc.
[2015.09.28-22.46.56:586][  0]LogDerivedDataCache:Display: Loaded Boot cache: C:/Users/Jonathan/AppData/Local/UnrealEngine/4.9/DerivedDataCache/Boot.ddc
[2015.09.28-22.46.56:586][  0]LogDerivedDataCache: FDerivedDataBackendGraph:  Pak pak cache file ../../../../../../Users/Jonathan/Desktop/LightBouncer/LightBouncy/DerivedDataCache/DDC.ddp not found, will not use a pak cache.
[2015.09.28-22.46.56:586][  0]LogDerivedDataCache: Unable to find inner node Pak for hierarchical cache Hierarchy.
[2015.09.28-22.46.56:586][  0]LogDerivedDataCache: FDerivedDataBackendGraph:  CompressedPak pak cache file ../../../../../../Users/Jonathan/Desktop/LightBouncer/LightBouncy/DerivedDataCache/Compressed.ddp not found, will not use a pak cache.
[2015.09.28-22.46.56:586][  0]LogDerivedDataCache: Unable to find inner node CompressedPak for hierarchical cache Hierarchy.
[2015.09.28-22.46.56:753][  0]LogDerivedDataCache:Display: Pak cache opened for reading ../../../Engine/DerivedDataCache/Compressed.ddp.
[2015.09.28-22.46.56:765][  0]LogDerivedDataCache: Using Local data cache path C:/Users/Jonathan/AppData/Local/UnrealEngine/Common/DerivedDataCache: Writable
[2015.09.28-22.46.56:940][  0]LogInit: Selected Device Profile: [Windows]
[2015.09.28-22.46.56:943][  0]LogContentStreaming: Texture pool size is 0.000000MB
[2015.09.28-22.46.57:066][  0]LogMeshUtilities: No automatic mesh reduction module available
[2015.09.28-22.46.57:066][  0]LogMeshUtilities: No automatic mesh merging module available
[2015.09.28-22.46.57:310][  0]LogInit: WinSock: version 1.1 (2.2), MaxSocks=32767, MaxUdp=65467
[2015.09.28-22.46.57:974][  0]UdpMessaging: Initializing bridge on interface 0.0.0.0:0 to multicast group 230.0.0.1:6666.
[2015.09.28-22.46.58:070][  0]LogAssetRegistry: FAssetRegistry took 0.0108 seconds to start up
[2015.09.28-22.46.58:247][  0]SourceControl: Info Source control is disabled
[2015.09.28-22.46.58:260][  0]SourceControl: Info Source control is disabled
[2015.09.28-22.46.58:271][  0]SourceControl: Info Source control is disabled
[2015.09.28-22.46.58:283][  0]SourceControl: Info Source control is disabled
[2015.09.28-22.46.58:422][  0]LogLinker:Warning: Asset '../../../Engine/Plugins/Runtime/LeapMotionController/Content/LM_PassthroughMaterial.uasset' has been saved with empty engine version. The asset will be loaded but may be incompatible.
[2015.09.28-22.46.58:511][  0]LogObj: 28361 objects as part of root set at end of initial load.
[2015.09.28-22.46.58:511][  0]LogUObjectAllocator: 6038872 out of 0 bytes used by permanent object pool.
[2015.09.28-22.46.58:578][  0]LogEngine: Initializing Engine...
[2015.09.28-22.46.58:581][  0]LogHMD: Can't find Oculus library dev build: is proper Runtime installed? Version: 0.7.0.0
[2015.09.28-22.46.58:581][  0]LogHMD: SteamVR failed to initialize.  Err: 110
[2015.09.28-22.46.58:731][  0]LogAIModule: Creating AISystem for world NewWorld
[2015.09.28-22.46.58:738][  0]LogInit: XAudio2 using 'Speakers (VIA HD Audio)' : 2 channels at 48 kHz using 32 bits per sample (channel mask 0x3)
[2015.09.28-22.46.58:766][  0]LogInit: FAudioDevice initialized.
[2015.09.28-22.46.58:787][  0]LogDerivedDataCache: Saved boot cache 0.02s 41MB C:/Users/Jonathan/AppData/Local/UnrealEngine/4.9/DerivedDataCache/Boot.ddc.
[2015.09.28-22.46.58:792][  0]LogInit: Texture streaming: Enabled
[2015.09.28-22.46.58:798][  0]LogAnalytics: Creating configured Analytics provider AnalyticsET
[2015.09.28-22.46.58:798][  0]LogAnalytics: [UEEditor.Rocket.Release] APIServer = http://et2.epicgames.com/ET2/. AppVersion = 4.9.1-2689999+++depot+UE4-Releases+4.9
[2015.09.28-22.46.58:798][  0]LogAnalytics: [UEEditor.Rocket.Release] SetUserId 22ad1e47406f95547afa3fa2bc7d5dbd|4b5374eb265344af95ac3e06951e80d2|bb745238-093b-412a-8a46-a3f6cfdbf673
[2015.09.28-22.46.58:798][  0]LogAnalytics: [UEEditor.Rocket.Release] AnalyticsET::StartSession
[2015.09.28-22.46.58:832][  0]LogInit: Transaction tracking system initialized
[2015.09.28-22.46.58:876][  0]BlueprintLog: New page: Editor Load
[2015.09.28-22.46.58:986][  0]LocalizationService: Info Localization service is disabled
[2015.09.28-22.46.59:102][  0]LogConsoleResponse:Display: 
[2015.09.28-22.46.59:294][  0]LogCook:Display: Done creating registry. It took  0.00s.
[2015.09.28-22.46.59:396][  0]LogFileCache: Scanning file cache for directory 'C:/Users/Jonathan/Desktop/LightBouncer/LightBouncy/Content/' took 0.01s
[2015.09.28-22.46.59:396][  0]SourceControl: Info Source control is disabled
[2015.09.28-22.46.59:396][  0]Cmd: MAP LOAD FILE="../../../../../../Users/Jonathan/Desktop/LightBouncer/LightBouncy/Content/StarterContent/Maps/Minimal_Default.umap" TEMPLATE=0 SHOWPROGRESS=1 FEATURELEVEL=3
[2015.09.28-22.46.59:396][  0]LogEditorServer:Warning: Can't find file '../../../../../../Users/Jonathan/Desktop/LightBouncer/LightBouncy/Content/StarterContent/Maps/Minimal_Default.umap'
[2015.09.28-22.46.59:397][  0]Cmd: MAP CHECKDEP NOCLEARLOG
[2015.09.28-22.46.59:446][  0]MapCheck: Info Map check complete: 0 Error(s), 0 Warning(s), took 49.033ms to complete.
[2015.09.28-22.46.59:446][  0]LogFileHelpers: Loading map 'Minimal_Default' took 0.049
[2015.09.28-22.46.59:630][  0]LogCrashTracker: Crashtracker disabled due to settings.
[2015.09.28-22.46.59:638][  0]LogUObjectGlobals:Warning: Failed to find object 'Class None.'
[2015.09.28-22.46.59:660][  0]LogLoad: Full Startup: 5.97 seconds (BP compile: 0.01 seconds)
[2015.09.28-22.46.59:726][  0]LogContentStreaming: Texture pool size now 1000 MB
[2015.09.28-22.46.59:880][  0]LogRenderer: Reallocating scene render targets to support 1108x892 (Frame:2).
[2015.09.28-22.47.00:034][  2]LogAssetRegistry: Asset discovery search completed in 1.9752 seconds
[2015.09.28-22.47.00:041][  2]LogCollectionManager: Loaded 0 collections in 0.003029 seconds
[2015.09.28-22.47.00:075][  2]LogFileCache: Scanning file cache for directory 'C:/Users/Jonathan/Desktop/LightBouncer/LightBouncy/Saved/Collections/' took 0.01s
[2015.09.28-22.47.00:075][  2]LogFileCache: Scanning file cache for directory 'C:/Users/Jonathan/Desktop/LightBouncer/LightBouncy/Content/Developers/Jonathan/Collections/' took 0.01s
[2015.09.28-22.47.00:075][  2]LogFileCache: Scanning file cache for directory 'C:/Users/Jonathan/Desktop/LightBouncer/LightBouncy/Content/Collections/' took 0.01s
[2015.09.28-22.47.00:075][  2]LogCollectionManager: Rebuilt the object cache for 0 collections in 0.000004 seconds (found 0 objects)
[2015.09.28-22.47.00:075][  2]LogCollectionManager: Fixed up redirectors for 0 collections in 0.000108 seconds (updated 0 objects)
[2015.09.28-22.47.05:597][319]Cmd: MAP LOAD FILE="C:/Users/Jonathan/Desktop/LightBouncer/LightBouncy/Content/Test.umap" TEMPLATE=0 SHOWPROGRESS=1 FEATURELEVEL=3
[2015.09.28-22.47.05:634][319]LightingResults: New page: Lighting Build
[2015.09.28-22.47.05:653][319]LoadErrors: New page: Loading map: Test.umap
[2015.09.28-22.47.05:654][319]MapCheck: New page: Map Check
[2015.09.28-22.47.05:654][319]LightingResults: New page: Lighting Build
[2015.09.28-22.47.05:667][319]LogParticles: Destroying 0 GPU particle simulations for FXSystem 0x00000015AEE7DE40
[2015.09.28-22.47.05:746][319]LogAIModule: Creating AISystem for world Test
[2015.09.28-22.47.05:800][319]LogEditorServer: Finished looking for orphan Actors (0.000 secs)
[2015.09.28-22.47.05:842][319]Cmd: MAP CHECKDEP NOCLEARLOG
[2015.09.28-22.47.05:908][319]MapCheck: Info Map check complete: 0 Error(s), 0 Warning(s), took 66.422ms to complete.
[2015.09.28-22.47.05:908][319]LogFileHelpers: Loading map 'Test' took 0.313
[2015.09.28-22.47.06:509][328]LogPlayLevel: PlayLevel: No blueprints needed recompiling
[2015.09.28-22.47.06:510][328]PIE: New page: SIE session: Test (Sep 28, 2015, 2:47:06 PM)
[2015.09.28-22.47.06:510][328]LogPlayLevel: Creating play world package: /Game/UEDPIE_0_Test
[2015.09.28-22.47.06:512][328]LogPlayLevel: PIE: StaticDuplicateObject took: (0.001740s)
[2015.09.28-22.47.06:513][328]LogAIModule: Creating AISystem for world Test
[2015.09.28-22.47.06:513][328]LogPlayLevel: PIE: World Init took: (0.000623s)
[2015.09.28-22.47.06:513][328]LogPlayLevel: PIE: Created PIE world by copying editor world from /Game/Test.Test to /Game/UEDPIE_0_Test.Test (0.002572s)
[2015.09.28-22.47.06:537][328]LogInit: XAudio2 using 'Speakers (VIA HD Audio)' : 2 channels at 48 kHz using 32 bits per sample (channel mask 0x3)
[2015.09.28-22.47.06:546][328]LogInit: FAudioDevice initialized.
[2015.09.28-22.47.06:605][328]LogWorld: Game class is 'GameMode'
[2015.09.28-22.47.06:608][328]LogWorld: Bringing World /Game/UEDPIE_0_Test.Test up for play (max tick rate 60) at 2015.09.28-18.47.06
[2015.09.28-22.47.06:608][328]LogActor:Warning: GameSession /Game/UEDPIE_0_Test.Test:PersistentLevel.GameSession_0 has natively added scene component(s), but none of them were set as the actor's RootComponent - picking one arbitrarily
[2015.09.28-22.47.06:608][328]LogActor:Warning: GameNetworkManager /Game/UEDPIE_0_Test.Test:PersistentLevel.GameNetworkManager_0 has natively added scene component(s), but none of them were set as the actor's RootComponent - picking one arbitrarily
[2015.09.28-22.47.06:608][328]LogWorld: Bringing up level for play took: 0.002094
[2015.09.28-22.47.06:610][328]PIE: Info Play in editor start time for /Game/UEDPIE_0_Test -0.249
[2015.09.28-22.47.07:608][382]LogParticles: Destroying 0 GPU particle simulations for FXSystem 0x000000159F3FB560
[2015.09.28-22.47.08:421][424]LogWindowsTextInputMethodSystem:Display: IME system now deactivated.
[2015.09.28-22.47.08:711][425]Cmd: QUIT_EDITOR
[2015.09.28-22.47.09:047][425]LogExit: Preparing to exit.
[2015.09.28-22.47.10:075][425]LogExit: Editor shut down
[2015.09.28-22.47.10:076][425]LogExit: Transaction tracking system shut down
[2015.09.28-22.47.10:076][425]LogParticles: Destroying 0 GPU particle simulations for FXSystem 0x000000159F40A5C0
[2015.09.28-22.47.10:077][425]LogParticles: Destroying 0 GPU particle simulations for FXSystem 0x00000015DBE1A700
[2015.09.28-22.47.10:264][425]LogExit: Object subsystem successfully closed.
[2015.09.28-22.47.10:275][425]LogD3D11RHI: Shutdown
[2015.09.28-22.47.10:275][425]LogD3D11RHI: CleanupD3DDevice
[2015.09.28-22.47.10:360][425]LogD3D11RHI: ~FD3D11DynamicRHI
[2015.09.28-22.47.10:390][425]LogModuleManager: Shutting down and abandoning module StatsViewer (194)
[2015.09.28-22.47.10:390][425]LogModuleManager: Shutting down and abandoning module CollectionManager (193)
[2015.09.28-22.47.10:390][425]LogModuleManager: Shutting down and abandoning module CrashTracker (192)
[2015.09.28-22.47.10:390][425]LogModuleManager: Shutting down and abandoning module SuperSearch (191)
[2015.09.28-22.47.10:390][425]LogModuleManager: Shutting down and abandoning module SceneOutliner (190)
[2015.09.28-22.47.10:390][425]LogModuleManager: Shutting down and abandoning module FoliageEdit (189)
[2015.09.28-22.47.10:390][425]LogModuleManager: Shutting down and abandoning module LandscapeEditor (188)
[2015.09.28-22.47.10:390][425]LogModuleManager: Shutting down and abandoning module ActorPickerMode (187)
[2015.09.28-22.47.10:390][425]LogModuleManager: Shutting down and abandoning module GeometryMode (186)
[2015.09.28-22.47.10:390][425]LogModuleManager: Shutting down and abandoning module TextureAlignMode (185)
[2015.09.28-22.47.10:390][425]LogModuleManager: Shutting down and abandoning module BspMode (184)
[2015.09.28-22.47.10:390][425]LogModuleManager: Shutting down and abandoning module PlacementMode (183)
[2015.09.28-22.47.10:390][425]LogModuleManager: Shutting down and abandoning module AutomationWorker (182)
[2015.09.28-22.47.10:391][425]LogModuleManager: Shutting down and abandoning module CharacterAI (181)
[2015.09.28-22.47.10:391][425]LogModuleManager: Shutting down and abandoning module SmartSnapping (180)
[2015.09.28-22.47.10:391][425]LogModuleManager: Shutting down and abandoning module ViewportSnapping (179)
[2015.09.28-22.47.10:391][425]LogModuleManager: Shutting down and abandoning module LogVisualizer (178)
[2015.09.28-22.47.10:391][425]LogModuleManager: Shutting down and abandoning module GameProjectGeneration (177)
[2015.09.28-22.47.10:391][425]LogModuleManager: Shutting down and abandoning module IntroTutorials (176)
[2015.09.28-22.47.10:391][425]LogModuleManager: Shutting down and abandoning module EditorLiveStreaming (175)
[2015.09.28-22.47.10:391][425]LogModuleManager: Shutting down and abandoning module IOSPlatformEditor (174)
[2015.09.28-22.47.10:391][425]LogModuleManager: Shutting down and abandoning module HTML5PlatformEditor (173)
[2015.09.28-22.47.10:391][425]LogModuleManager: Shutting down and abandoning module AndroidDeviceDetection (172)
[2015.09.28-22.47.11:039][425]LogModuleManager: Shutting down and abandoning module AndroidPlatformEditor (171)
[2015.09.28-22.47.11:039][425]LogModuleManager: Shutting down and abandoning module IOSRuntimeSettings (170)
[2015.09.28-22.47.11:039][425]LogModuleManager: Shutting down and abandoning module AndroidRuntimeSettings (169)
[2015.09.28-22.47.11:039][425]LogModuleManager: Shutting down and abandoning module MergeActors (168)
[2015.09.28-22.47.11:039][425]LogModuleManager: Shutting down and abandoning module SizeMap (167)
[2015.09.28-22.47.11:039][425]LogModuleManager: Shutting down and abandoning module TreeMap (166)
[2015.09.28-22.47.11:039][425]LogModuleManager: Shutting down and abandoning module ReferenceViewer (165)
[2015.09.28-22.47.11:039][425]LogModuleManager: Shutting down and abandoning module LocalizationService (164)
[2015.09.28-22.47.11:039][425]LogModuleManager: Shutting down and abandoning module LocalizationDashboard (163)
[2015.09.28-22.47.11:039][425]LogModuleManager: Shutting down and abandoning module HardwareTargeting (162)
[2015.09.28-22.47.11:039][425]LogModuleManager: Shutting down and abandoning module DeviceProfileEditor (161)
[2015.09.28-22.47.11:039][425]LogModuleManager: Shutting down and abandoning module UndoHistory (160)
[2015.09.28-22.47.11:039][425]LogModuleManager: Shutting down and abandoning module GameplayTagsEditor (159)
[2015.09.28-22.47.11:039][425]LogModuleManager: Shutting down and abandoning module UserFeedback (158)
[2015.09.28-22.47.11:039][425]LogModuleManager: Shutting down and abandoning module XmlParser (157)
[2015.09.28-22.47.11:039][425]LogModuleManager: Shutting down and abandoning module Blutility (156)
[2015.09.28-22.47.11:039][425]LogModuleManager: Shutting down and abandoning module ProjectTargetPlatformEditor (155)
[2015.09.28-22.47.11:040][425]LogModuleManager: Shutting down and abandoning module ProjectSettingsViewer (154)
[2015.09.28-22.47.11:040][425]LogModuleManager: Shutting down and abandoning module InputBindingEditor (153)
[2015.09.28-22.47.11:040][425]LogModuleManager: Shutting down and abandoning module EditorSettingsViewer (152)
[2015.09.28-22.47.11:040][425]LogModuleManager: Shutting down and abandoning module SettingsEditor (151)
[2015.09.28-22.47.11:040][425]LogModuleManager: Shutting down and abandoning module ProjectLauncher (150)
[2015.09.28-22.47.11:040][425]LogModuleManager: Shutting down and abandoning module SessionFrontend (149)
[2015.09.28-22.47.11:040][425]LogModuleManager: Shutting down and abandoning module ProfilerClient (148)
[2015.09.28-22.47.11:040][425]LogModuleManager: Shutting down and abandoning module TargetDeviceServices (147)
[2015.09.28-22.47.11:040][425]LogModuleManager: Shutting down and abandoning module DeviceManager (146)
[2015.09.28-22.47.11:040][425]LogModuleManager: Shutting down and abandoning module AutomationController (145)
[2015.09.28-22.47.11:040][425]LogModuleManager: Shutting down and abandoning module AutomationWindow (144)
[2015.09.28-22.47.11:040][425]LogModuleManager: Shutting down and abandoning module Layers (143)
[2015.09.28-22.47.11:040][425]LogModuleManager: Shutting down and abandoning module ComponentVisualizers (142)
[2015.09.28-22.47.11:040][425]LogModuleManager: Shutting down and abandoning module DetailCustomizations (141)
[2015.09.28-22.47.11:040][425]LogModuleManager: Shutting down and abandoning module PackagesDialog (140)
[2015.09.28-22.47.11:040][425]LogModuleManager: Shutting down and abandoning module Persona (139)
[2015.09.28-22.47.11:040][425]LogModuleManager: Shutting down and abandoning module Kismet (138)
[2015.09.28-22.47.11:040][425]LogModuleManager: Shutting down and abandoning module GraphEditor (137)
[2015.09.28-22.47.11:040][425]LogModuleManager: Shutting down and abandoning module ClassViewer (136)
[2015.09.28-22.47.11:040][425]LogModuleManager: Shutting down and abandoning module Toolbox (135)
[2015.09.28-22.47.11:040][425]LogModuleManager: Shutting down and abandoning module ModuleUI (134)
[2015.09.28-22.47.11:040][425]LogModuleManager: Shutting down and abandoning module MovieSceneTools (133)
[2015.09.28-22.47.11:040][425]LogModuleManager: Shutting down and abandoning module OutputLog (132)
[2015.09.28-22.47.11:040][425]LogModuleManager: Shutting down and abandoning module GammaUI (131)
[2015.09.28-22.47.11:040][425]LogModuleManager: Shutting down and abandoning module Documentation (130)
[2015.09.28-22.47.11:040][425]LogModuleManager: Shutting down and abandoning module GameLiveStreaming (129)
[2015.09.28-22.47.11:040][425]LogModuleManager: Shutting down and abandoning module StreamingPauseRendering (128)
[2015.09.28-22.47.11:040][425]LogModuleManager: Shutting down and abandoning module AnalyticsET (127)
[2015.09.28-22.47.11:040][425]LogModuleManager: Shutting down and abandoning module Analytics (126)
[2015.09.28-22.47.11:040][425]LogModuleManager: Shutting down and abandoning module AITestSuite (125)
[2015.09.28-22.47.11:040][425]LogModuleManager: Shutting down and abandoning module GameplayDebugger (124)
[2015.09.28-22.47.11:041][425]LogModuleManager: Shutting down and abandoning module AIModule (123)
[2015.09.28-22.47.11:041][425]LogModuleManager: Shutting down and abandoning module ProfilerService (122)
[2015.09.28-22.47.11:288][425]LogModuleManager: Shutting down and abandoning module TaskGraph (121)
[2015.09.28-22.47.11:288][425]LogModuleManager: Shutting down and abandoning module SlateRemote (120)
[2015.09.28-22.47.11:288][425]LogModuleManager: Shutting down and abandoning module SteamVRController (119)
[2015.09.28-22.47.11:288][425]LogModuleManager: Shutting down and abandoning module SteamVR (118)
[2015.09.28-22.47.11:288][425]LogModuleManager: Shutting down and abandoning module ProceduralMeshComponent (117)
[2015.09.28-22.47.11:288][425]LogModuleManager: Shutting down and abandoning module OculusRift (116)
[2015.09.28-22.47.11:288][425]LogModuleManager: Shutting down and abandoning module OculusLibrary (115)
[2015.09.28-22.47.11:288][425]LogModuleManager: Shutting down and abandoning module LeapMotionController (114)
[2015.09.28-22.47.11:309][425]LogModuleManager: Shutting down and abandoning module CustomMeshComponent (113)
[2015.09.28-22.47.11:309][425]LogModuleManager: Shutting down and abandoning module CableComponent (112)
[2015.09.28-22.47.11:309][425]LogModuleManager: Shutting down and abandoning module ArchVisCharacter (111)
[2015.09.28-22.47.11:309][425]LogModuleManager: Shutting down and abandoning module MessagingDebugger (110)
[2015.09.28-22.47.11:309][425]LogModuleManager: Shutting down and abandoning module MediaPlayerEditor (109)
[2015.09.28-22.47.11:309][425]LogModuleManager: Shutting down and abandoning module HTML5Networking (108)
[2015.09.28-22.47.11:309][425]LogModuleManager: Shutting down and abandoning module SpeedTreeImporter (107)
[2015.09.28-22.47.11:309][425]LogModuleManager: Shutting down and abandoning module PluginBrowser (106)
[2015.09.28-22.47.11:309][425]LogModuleManager: Shutting down and abandoning module EpicSurvey (105)
[2015.09.28-22.47.11:309][425]LogModuleManager: Shutting down and abandoning module DesktopPlatform (104)
[2015.09.28-22.47.11:309][425]LogModuleManager: Shutting down and abandoning module VisualStudioSourceCodeAccess (103)
[2015.09.28-22.47.11:309][425]LogModuleManager: Shutting down and abandoning module UObjectPlugin (102)
[2015.09.28-22.47.11:309][425]LogModuleManager: Shutting down and abandoning module SubversionSourceControl (101)
[2015.09.28-22.47.11:309][425]LogModuleManager: Shutting down and abandoning module PerforceSourceControl (100)
[2015.09.28-22.47.11:309][425]LogModuleManager: Shutting down and abandoning module SourceControl (99)
[2015.09.28-22.47.11:309][425]LogModuleManager: Shutting down and abandoning module GitSourceControl (98)
[2015.09.28-22.47.11:309][425]LogModuleManager: Shutting down and abandoning module LightPropagationVolumeEditor (97)
[2015.09.28-22.47.11:309][425]LogModuleManager: Shutting down and abandoning module PaperTiledImporter (96)
[2015.09.28-22.47.11:309][425]LogModuleManager: Shutting down and abandoning module PaperSpriteSheetImporter (95)
[2015.09.28-22.47.11:309][425]LogModuleManager: Shutting down and abandoning module MeshPaint (94)
[2015.09.28-22.47.11:309][425]LogModuleManager: Shutting down and abandoning module SlateReflector (93)
[2015.09.28-22.47.11:309][425]LogModuleManager: Shutting down and abandoning module HotReload (92)
[2015.09.28-22.47.11:309][425]LogModuleManager: Shutting down and abandoning module MainFrame (91)
[2015.09.28-22.47.11:309][425]LogModuleManager: Shutting down and abandoning module LevelEditor (90)
[2015.09.28-22.47.11:310][425]LogModuleManager: Shutting down and abandoning module DirectoryWatcher (89)
[2015.09.28-22.47.11:311][425]LogModuleManager: Shutting down and abandoning module AssetRegistry (88)
[2015.09.28-22.47.11:394][425]LogModuleManager: Shutting down and abandoning module ContentBrowser (87)
[2015.09.28-22.47.11:394][425]LogModuleManager: Shutting down and abandoning module Paper2DEditor (86)
[2015.09.28-22.47.11:394][425]LogModuleManager: Shutting down and abandoning module UdpMessaging (85)
[2015.09.28-22.47.11:495][425]LogModuleManager: Shutting down and abandoning module LightPropagationVolumeRuntime (84)
[2015.09.28-22.47.11:495][425]LogModuleManager: Shutting down and abandoning module Paper2D (83)
[2015.09.28-22.47.11:495][425]LogModuleManager: Shutting down and abandoning module WindowsMoviePlayer (82)
[2015.09.28-22.47.11:497][425]LogModuleManager: Shutting down and abandoning module Media (81)
[2015.09.28-22.47.11:497][425]LogModuleManager: Shutting down and abandoning module WmfMedia (80)
[2015.09.28-22.47.11:497][425]LogModuleManager: Shutting down and abandoning module OnlineBlueprintSupport (79)
[2015.09.28-22.47.11:497][425]LogModuleManager: Shutting down and abandoning module GameplayTasksEditor (78)
[2015.09.28-22.47.11:497][425]LogModuleManager: Shutting down and abandoning module PropertyEditor (77)
[2015.09.28-22.47.11:497][425]LogModuleManager: Shutting down and abandoning module BehaviorTreeEditor (76)
[2015.09.28-22.47.11:497][425]LogModuleManager: Shutting down and abandoning module FunctionalTesting (75)
[2015.09.28-22.47.11:497][425]LogModuleManager: Shutting down and abandoning module CollisionAnalyzer (74)
[2015.09.28-22.47.11:497][425]LogModuleManager: Shutting down and abandoning module WorkspaceMenuStructure (73)
[2015.09.28-22.47.11:497][425]LogModuleManager: Shutting down and abandoning module MessageLog (72)
[2015.09.28-22.47.11:497][425]LogModuleManager: Shutting down and abandoning module Sequencer (71)
[2015.09.28-22.47.11:497][425]LogModuleManager: Shutting down and abandoning module AssetTools (70)
[2015.09.28-22.47.11:497][425]LogModuleManager: Shutting down and abandoning module UMGEditor (69)
[2015.09.28-22.47.11:497][425]LogModuleManager: Shutting down and abandoning module UMG (68)
[2015.09.28-22.47.11:497][425]LogModuleManager: Shutting down and abandoning module Slate (67)
[2015.09.28-22.47.11:497][425]LogModuleManager: Shutting down and abandoning module EditorStyle (66)
[2015.09.28-22.47.11:499][425]LogModuleManager: Shutting down and abandoning module SessionServices (65)
[2015.09.28-22.47.11:499][425]LogModuleManager: Shutting down and abandoning module SourceCodeAccess (64)
[2015.09.28-22.47.11:499][425]LogModuleManager: Shutting down and abandoning module HeadMountedDisplay (63)
[2015.09.28-22.47.11:499][425]LogModuleManager: Shutting down and abandoning module XAudio2 (62)
[2015.09.28-22.47.11:499][425]LogModuleManager: Shutting down and abandoning module Networking (60)
[2015.09.28-22.47.11:499][425]LogModuleManager: Shutting down and abandoning module Core (59)
[2015.09.28-22.47.11:499][425]LogModuleManager: Shutting down and abandoning module KismetCompiler (58)
[2015.09.28-22.47.11:499][425]LogModuleManager: Shutting down and abandoning module PhysXFormats (57)
[2015.09.28-22.47.11:499][425]LogModuleManager: Shutting down and abandoning module MeshUtilities (56)
[2015.09.28-22.47.11:499][425]LogModuleManager: Shutting down and abandoning module CookingStats (55)
[2015.09.28-22.47.11:500][425]LogModuleManager: Shutting down and abandoning module DerivedDataCache (54)
[2015.09.28-22.47.11:782][425]LogDerivedDataCache: Shutdown
[2015.09.28-22.47.11:782][425]LogModuleManager: Shutting down and abandoning module ShaderFormatOpenGL (53)
[2015.09.28-22.47.11:782][425]LogModuleManager: Shutting down and abandoning module ShaderFormatD3D (52)
[2015.09.28-22.47.11:782][425]LogModuleManager: Shutting down and abandoning module MetalShaderFormat (51)
[2015.09.28-22.47.11:782][425]LogModuleManager: Shutting down and abandoning module TextureFormatUncompressed (50)
[2015.09.28-22.47.11:782][425]LogModuleManager: Shutting down and abandoning module TextureFormatPVR (49)
[2015.09.28-22.47.11:782][425]LogModuleManager: Shutting down and abandoning module TextureFormatIntelISPCTexComp (48)
[2015.09.28-22.47.11:782][425]LogModuleManager: Shutting down and abandoning module TextureFormatDXT (47)
[2015.09.28-22.47.11:782][425]LogModuleManager: Shutting down and abandoning module ImageWrapper (46)
[2015.09.28-22.47.11:782][425]LogModuleManager: Shutting down and abandoning module TextureFormatASTC (45)
[2015.09.28-22.47.11:782][425]LogModuleManager: Shutting down and abandoning module TextureFormatAndroid (44)
[2015.09.28-22.47.11:782][425]LogModuleManager: Shutting down and abandoning module AudioFormatOpus (43)
[2015.09.28-22.47.11:782][425]LogModuleManager: Shutting down and abandoning module AudioFormatOgg (42)
[2015.09.28-22.47.11:782][425]LogModuleManager: Shutting down and abandoning module AudioFormatADPCM (41)
[2015.09.28-22.47.11:782][425]LogModuleManager: Shutting down and abandoning module LinuxTargetPlatform (40)
[2015.09.28-22.47.11:782][425]LogModuleManager: Shutting down and abandoning module LinuxServerTargetPlatform (39)
[2015.09.28-22.47.11:782][425]LogModuleManager: Shutting down and abandoning module LinuxNoEditorTargetPlatform (38)
[2015.09.28-22.47.11:782][425]LogModuleManager: Shutting down and abandoning module Messaging (37)
[2015.09.28-22.47.11:782][425]LogModuleManager: Shutting down and abandoning module IOSTargetPlatform (36)
[2015.09.28-22.47.11:782][425]LogModuleManager: Shutting down and abandoning module HTML5TargetPlatform (35)
[2015.09.28-22.47.11:782][425]LogModuleManager: Shutting down and abandoning module Android_PVRTCTargetPlatform (34)
[2015.09.28-22.47.11:782][425]LogModuleManager: Shutting down and abandoning module Android_ETC2TargetPlatform (33)
[2015.09.28-22.47.11:782][425]LogModuleManager: Shutting down and abandoning module Android_ETC1TargetPlatform (32)
[2015.09.28-22.47.11:782][425]LogModuleManager: Shutting down and abandoning module Android_DXTTargetPlatform (31)
[2015.09.28-22.47.11:782][425]LogModuleManager: Shutting down and abandoning module Android_ATCTargetPlatform (30)
[2015.09.28-22.47.11:782][425]LogModuleManager: Shutting down and abandoning module Android_ASTCTargetPlatform (29)
[2015.09.28-22.47.11:782][425]LogModuleManager: Shutting down and abandoning module AndroidTargetPlatform (28)
[2015.09.28-22.47.11:782][425]LogModuleManager: Shutting down and abandoning module WindowsTargetPlatform (27)
[2015.09.28-22.47.11:782][425]LogModuleManager: Shutting down and abandoning module WindowsServerTargetPlatform (26)
[2015.09.28-22.47.11:782][425]LogModuleManager: Shutting down and abandoning module WindowsNoEditorTargetPlatform (25)
[2015.09.28-22.47.11:782][425]LogModuleManager: Shutting down and abandoning module WindowsClientTargetPlatform (24)
[2015.09.28-22.47.11:782][425]LogModuleManager: Shutting down and abandoning module AllDesktopTargetPlatform (23)
[2015.09.28-22.47.11:782][425]LogModuleManager: Shutting down and abandoning module TargetPlatform (22)
[2015.09.28-22.47.11:782][425]LogModuleManager: Shutting down and abandoning module InputCore (21)
[2015.09.28-22.47.11:782][425]LogModuleManager: Shutting down and abandoning module Settings (20)
[2015.09.28-22.47.11:782][425]LogModuleManager: Shutting down and abandoning module OnlineSubsystem (18)
[2015.09.28-22.47.11:782][425]LogModuleManager: Shutting down and abandoning module HTTP (17)
[2015.09.28-22.47.14:284][425]LogModuleManager: Shutting down and abandoning module XMPP (16)
[2015.09.28-22.47.14:284][425]LogModuleManager: Shutting down and abandoning module ExampleDeviceProfileSelector (15)
[2015.09.28-22.47.14:284][425]LogModuleManager: Shutting down and abandoning module TextureCompressor (14)
[2015.09.28-22.47.14:284][425]LogModuleManager: Shutting down and abandoning module ShaderCore (13)
[2015.09.28-22.47.14:284][425]LogModuleManager: Shutting down and abandoning module Landscape (12)
[2015.09.28-22.47.14:284][425]LogModuleManager: Shutting down and abandoning module SlateRHIRenderer (11)
[2015.09.28-22.47.14:284][425]LogModuleManager: Shutting down and abandoning module OpenGLDrv (10)
[2015.09.28-22.47.14:284][425]LogModuleManager: Shutting down and abandoning module D3D11RHI (9)
[2015.09.28-22.47.14:284][425]LogModuleManager: Shutting down and abandoning module AnimGraphRuntime (8)
[2015.09.28-22.47.14:284][425]LogModuleManager: Shutting down and abandoning module Renderer (7)
[2015.09.28-22.47.14:284][425]LogModuleManager: Shutting down and abandoning module Engine (6)
[2015.09.28-22.47.14:285][425]LogModuleManager: Shutting down and abandoning module CoreUObject (5)
[2015.09.28-22.47.14:285][425]LogModuleManager: Shutting down and abandoning module NetworkFile (4)
[2015.09.28-22.47.14:285][425]LogModuleManager: Shutting down and abandoning module StreamingFile (3)
[2015.09.28-22.47.14:285][425]LogModuleManager: Shutting down and abandoning module SandboxFile (2)
[2015.09.28-22.47.14:285][425]LogModuleManager: Shutting down and abandoning module PakFile (1)
[2015.09.28-22.47.14:285][425]LogExit: Exiting.
[2015.09.28-22.47.14:299][425]Log file closed, 09/28/15 18:47:14
