[2015.09.28-23.37.40:834][  0]Log file open, 09/28/15 19:37:40
[2015.09.28-23.37.40:834][  0]LogInit:Display: Running engine for game: LightBouncy
[2015.09.28-23.37.40:834][  0]LogInit:Display: RandInit(918827936) SRandInit(918827937).
[2015.09.28-23.37.40:834][  0]LogTaskGraph: Started task graph with 4 named threads and 7 total threads.
[2015.09.28-23.37.40:834][  0]LogStats: Stats thread started at 0.074561
[2015.09.28-23.37.40:834][  0]LogInit: Version: 4.9.1-2689999+++depot+UE4-Releases+4.9
[2015.09.28-23.37.40:834][  0]LogInit: API Version: 2672455
[2015.09.28-23.37.40:834][  0]LogInit: Compiled (64-bit): Sep 14 2015 04:12:03
[2015.09.28-23.37.40:834][  0]LogInit: Compiled with Visual C++: 18.00.21005.01
[2015.09.28-23.37.40:834][  0]LogInit: Build Configuration: Development
[2015.09.28-23.37.40:834][  0]LogInit: Branch Name: ++depot+UE4-Releases+4.9
[2015.09.28-23.37.40:834][  0]LogInit: Command line:  
[2015.09.28-23.37.40:834][  0]LogInit: Base directory: C:/Program Files/Epic Games/4.9/Engine/Binaries/Win64/
[2015.09.28-23.37.40:834][  0]LogInit: Rocket: 1
[2015.09.28-23.37.40:841][  0]LogInit: Using libcurl 7.41.0
[2015.09.28-23.37.40:841][  0]LogInit:  - built for x86_64-pc-win32
[2015.09.28-23.37.40:841][  0]LogInit:  - supports SSL with WinSSL
[2015.09.28-23.37.40:841][  0]LogInit:  - other features:
[2015.09.28-23.37.40:841][  0]LogInit:      CURL_VERSION_SSL
[2015.09.28-23.37.40:841][  0]LogInit:      CURL_VERSION_IPV6
[2015.09.28-23.37.40:841][  0]LogInit:      CURL_VERSION_ASYNCHDNS
[2015.09.28-23.37.40:841][  0]LogInit:      CURL_VERSION_LARGEFILE
[2015.09.28-23.37.40:841][  0]LogInit:      CURL_VERSION_IDN
[2015.09.28-23.37.40:841][  0]LogInit:  CurlRequestOptions (configurable via config and command line):
[2015.09.28-23.37.40:841][  0]LogInit:  - bVerifyPeer = true  - Libcurl will verify peer certificate
[2015.09.28-23.37.40:841][  0]LogInit:  - bUseHttpProxy = false  - Libcurl will NOT use HTTP proxy
[2015.09.28-23.37.40:841][  0]LogInit:  - bDontReuseConnections = false  - Libcurl will reuse connections
[2015.09.28-23.37.40:841][  0]LogInit:  - CertBundlePath = nullptr  - Libcurl will use whatever was configured at build time.
[2015.09.28-23.37.40:847][  0]LogInit: Presizing for 0 objects not considered by GC, pre-allocating 0 bytes.
[2015.09.28-23.37.40:854][  0]LogInit: Object subsystem initialized
[2015.09.28-23.37.40:856][  0]LogInit: Selected Device Profile: [Windows]
[2015.09.28-23.37.40:856][  0]LogInit: Applying CVar settings loaded from the selected device profile: [Windows]
[2015.09.28-23.37.40:865][  0]LogInit: Computer: DESKTOP_PC
[2015.09.28-23.37.40:865][  0]LogInit: User: Ryan
[2015.09.28-23.37.40:865][  0]LogInit: CPU Page size=4096, Cores=4
[2015.09.28-23.37.40:865][  0]LogInit: High frequency timer resolution =3.312793 MHz
[2015.09.28-23.37.40:865][  0]LogMemory: Memory total: Physical=15.9GB (16GB approx)
[2015.09.28-23.37.40:865][  0]LogMemory: Platform Memory Stats for Windows
[2015.09.28-23.37.40:865][  0]LogMemory: Process Physical Memory: 52.35 MB used, 52.35 MB peak
[2015.09.28-23.37.40:865][  0]LogMemory: Process Virtual Memory: 57.03 MB used, 57.03 MB peak
[2015.09.28-23.37.40:865][  0]LogMemory: Physical Memory: 3208.11 MB used, 16296.57 MB total
[2015.09.28-23.37.40:865][  0]LogMemory: Virtual Memory: 352.84 MB used, 134217728.00 MB total
[2015.09.28-23.37.40:895][  0]LogTextLocalizationManager: No specific translations for ('en-US') exist, so ('en') translations will be used.
[2015.09.28-23.37.41:577][  0]LogD3D11RHI: Found D3D11 adapter 0: NVIDIA GeForce GTX 970 (Feature Level 11_0)
[2015.09.28-23.37.41:578][  0]LogD3D11RHI: Adapter has 3976MB of dedicated video memory, 0MB of dedicated system memory, and 8148MB of shared system memory, 1 output[s]
[2015.09.28-23.37.41:580][  0]LogD3D11RHI: Found D3D11 adapter 1: Intel(R) HD Graphics (Feature Level 10_0)
[2015.09.28-23.37.41:580][  0]LogD3D11RHI: Adapter has 32MB of dedicated video memory, 0MB of dedicated system memory, and 1632MB of shared system memory, 0 output[s]
[2015.09.28-23.37.41:581][  0]LogD3D11RHI: Found D3D11 adapter 2: Microsoft Basic Render Driver (Feature Level 11_0)
[2015.09.28-23.37.41:581][  0]LogD3D11RHI: Adapter has 0MB of dedicated video memory, 0MB of dedicated system memory, and 256MB of shared system memory, 0 output[s]
[2015.09.28-23.37.41:581][  0]LogD3D11RHI: Chosen D3D11 Adapter Id = 0
[2015.09.28-23.37.41:584][  0]LogD3D11RHI: !Direct3DDevice
[2015.09.28-23.37.41:584][  0]LogRHI: Texture pool is 1361 MB (70% of 1945 MB)
[2015.09.28-23.37.41:595][  0]LogD3D11RHI: Async texture creation enabled
[2015.09.28-23.37.41:610][  0]LogShaderCompilers: Guid format shader working directory is 15 characters bigger than the processId version (../../../../../../Users/Ryan/Desktop/BluePrint Templates/LightBouncer/LightBouncy/Intermediate/Shaders/WorkingDirectory/2748/).
[2015.09.28-23.37.41:611][  0]LogShaderCompilers: Cleaned the shader compiler working directory '../../../../../../Users/Ryan/Desktop/BluePrint Templates/LightBouncer/LightBouncy/Intermediate/Shaders/tmp/A58F54E44A8B8C50B54578A7503E3669/'.
[2015.09.28-23.37.41:611][  0]LogShaderCompilers:Display: Using Local Shader Compiler.
[2015.09.28-23.37.42:692][  0]LogTemp:Display: Loaded TP AllDesktopTargetPlatform
[2015.09.28-23.37.42:697][  0]LogTemp:Display: Loaded TP WindowsClientTargetPlatform
[2015.09.28-23.37.42:702][  0]LogTemp:Display: Loaded TP WindowsNoEditorTargetPlatform
[2015.09.28-23.37.42:707][  0]LogTemp:Display: Loaded TP WindowsServerTargetPlatform
[2015.09.28-23.37.42:712][  0]LogTemp:Display: Loaded TP WindowsTargetPlatform
[2015.09.28-23.37.42:715][  0]LogTemp:Display: Loaded TP AndroidTargetPlatform
[2015.09.28-23.37.42:719][  0]LogTemp:Display: Loaded TP Android_ASTCTargetPlatform
[2015.09.28-23.37.42:722][  0]LogTemp:Display: Loaded TP Android_ATCTargetPlatform
[2015.09.28-23.37.42:725][  0]LogTemp:Display: Loaded TP Android_DXTTargetPlatform
[2015.09.28-23.37.42:728][  0]LogTemp:Display: Loaded TP Android_ETC1TargetPlatform
[2015.09.28-23.37.42:731][  0]LogTemp:Display: Loaded TP Android_ETC2TargetPlatform
[2015.09.28-23.37.42:735][  0]LogTemp:Display: Loaded TP Android_PVRTCTargetPlatform
[2015.09.28-23.37.42:735][  0]LogTemp:Display: Loaded TP HTML5TargetPlatform
[2015.09.28-23.37.42:752][  0]LogTemp:Display: Loaded TP IOSTargetPlatform
[2015.09.28-23.37.42:755][  0]LogTemp:Display: Loaded TP LinuxNoEditorTargetPlatform
[2015.09.28-23.37.42:758][  0]LogTemp:Display: Loaded TP LinuxServerTargetPlatform
[2015.09.28-23.37.42:761][  0]LogTemp:Display: Loaded TP LinuxTargetPlatform
[2015.09.28-23.37.42:761][  0]LogTargetPlatformManager:Display: Building Assets For Windows
[2015.09.28-23.37.42:838][  0]LogDerivedDataCache:Display: Max Cache Size: 512 MB
[2015.09.28-23.37.42:878][  0]LogDerivedDataCache: Loaded boot cache 0.04s 41MB C:/Users/Ryan/AppData/Local/UnrealEngine/4.9/DerivedDataCache/Boot.ddc.
[2015.09.28-23.37.42:878][  0]LogDerivedDataCache:Display: Loaded Boot cache: C:/Users/Ryan/AppData/Local/UnrealEngine/4.9/DerivedDataCache/Boot.ddc
[2015.09.28-23.37.42:878][  0]LogDerivedDataCache: FDerivedDataBackendGraph:  Pak pak cache file ../../../../../../Users/Ryan/Desktop/BluePrint Templates/LightBouncer/LightBouncy/DerivedDataCache/DDC.ddp not found, will not use a pak cache.
[2015.09.28-23.37.42:878][  0]LogDerivedDataCache: Unable to find inner node Pak for hierarchical cache Hierarchy.
[2015.09.28-23.37.42:878][  0]LogDerivedDataCache: FDerivedDataBackendGraph:  CompressedPak pak cache file ../../../../../../Users/Ryan/Desktop/BluePrint Templates/LightBouncer/LightBouncy/DerivedDataCache/Compressed.ddp not found, will not use a pak cache.
[2015.09.28-23.37.42:878][  0]LogDerivedDataCache: Unable to find inner node CompressedPak for hierarchical cache Hierarchy.
[2015.09.28-23.37.43:012][  0]LogDerivedDataCache:Display: Pak cache opened for reading ../../../Engine/DerivedDataCache/Compressed.ddp.
[2015.09.28-23.37.43:025][  0]LogDerivedDataCache: Using Local data cache path C:/Users/Ryan/AppData/Local/UnrealEngine/Common/DerivedDataCache: Writable
[2015.09.28-23.37.43:200][  0]LogInit: Selected Device Profile: [Windows]
[2015.09.28-23.37.43:203][  0]LogContentStreaming: Texture pool size is 0.000000MB
[2015.09.28-23.37.43:320][  0]LogMeshUtilities: No automatic mesh reduction module available
[2015.09.28-23.37.43:320][  0]LogMeshUtilities: No automatic mesh merging module available
[2015.09.28-23.37.43:542][  0]LogInit: WinSock: version 1.1 (2.2), MaxSocks=32767, MaxUdp=65467
[2015.09.28-23.37.44:220][  0]UdpMessaging: Initializing bridge on interface 0.0.0.0:0 to multicast group 230.0.0.1:6666.
[2015.09.28-23.37.44:315][  0]LogAssetRegistry: FAssetRegistry took 0.0107 seconds to start up
[2015.09.28-23.37.44:468][  0]SourceControl: Info Source control is disabled
[2015.09.28-23.37.44:468][  0]SourceControl: Info Source control is disabled
[2015.09.28-23.37.44:478][  0]SourceControl: Info Source control is disabled
[2015.09.28-23.37.44:488][  0]SourceControl: Info Source control is disabled
[2015.09.28-23.37.44:620][  0]LogLinker:Warning: Asset '../../../Engine/Plugins/Runtime/LeapMotionController/Content/LM_PassthroughMaterial.uasset' has been saved with empty engine version. The asset will be loaded but may be incompatible.
[2015.09.28-23.37.44:694][  0]LogObj: 28361 objects as part of root set at end of initial load.
[2015.09.28-23.37.44:694][  0]LogUObjectAllocator: 6038864 out of 0 bytes used by permanent object pool.
[2015.09.28-23.37.44:749][  0]LogEngine: Initializing Engine...
[2015.09.28-23.37.44:751][  0]LogHMD: Can't find Oculus library dev build: is proper Runtime installed? Version: 0.7.0.0
[2015.09.28-23.37.44:751][  0]LogHMD: SteamVR failed to initialize.  Err: 110
[2015.09.28-23.37.44:868][  0]LogAIModule: Creating AISystem for world NewWorld
[2015.09.28-23.37.44:874][  0]LogInit: XAudio2 using 'Speakers (Creative SB X-Fi)' : 2 channels at 48 kHz using 32 bits per sample (channel mask 0x3)
[2015.09.28-23.37.44:882][  0]LogInit: FAudioDevice initialized.
[2015.09.28-23.37.44:899][  0]LogDerivedDataCache: Saved boot cache 0.02s 41MB C:/Users/Ryan/AppData/Local/UnrealEngine/4.9/DerivedDataCache/Boot.ddc.
[2015.09.28-23.37.44:905][  0]LogInit: Texture streaming: Enabled
[2015.09.28-23.37.44:910][  0]LogAnalytics: Creating configured Analytics provider AnalyticsET
[2015.09.28-23.37.44:910][  0]LogAnalytics: [UEEditor.Rocket.Release] APIServer = http://et2.epicgames.com/ET2/. AppVersion = 4.9.1-2689999+++depot+UE4-Releases+4.9
[2015.09.28-23.37.44:910][  0]LogAnalytics: [UEEditor.Rocket.Release] SetUserId 99aae68d4b3aeadca68e559168f2d74b|e724d1945ec04a24956c9303fbb0afd1|9de06816-fbe0-4f3b-9ea5-d55e0bee6037
[2015.09.28-23.37.44:910][  0]LogAnalytics: [UEEditor.Rocket.Release] AnalyticsET::StartSession
[2015.09.28-23.37.44:919][  0]LogWindowsTextInputMethodSystem:Display: IME system now deactivated.
[2015.09.28-23.37.44:919][  0]LogWindowsTextInputMethodSystem:Display: IME system now deactivated.
[2015.09.28-23.37.44:932][  0]LogInit: Transaction tracking system initialized
[2015.09.28-23.37.44:958][  0]BlueprintLog: New page: Editor Load
[2015.09.28-23.37.45:029][  0]LocalizationService: Info Localization service is disabled
[2015.09.28-23.37.45:093][  0]LogConsoleResponse:Display: 
[2015.09.28-23.37.45:199][  0]LogCook:Display: Done creating registry. It took  0.00s.
[2015.09.28-23.37.45:251][  0]LogFileCache: Scanning file cache for directory 'C:/Users/Ryan/Desktop/BluePrint Templates/LightBouncer/LightBouncy/Content/' took 0.01s
[2015.09.28-23.37.45:251][  0]SourceControl: Info Source control is disabled
[2015.09.28-23.37.45:251][  0]Cmd: MAP LOAD FILE="../../../../../../Users/Ryan/Desktop/BluePrint Templates/LightBouncer/LightBouncy/Content/StarterContent/Maps/Minimal_Default.umap" TEMPLATE=0 SHOWPROGRESS=1 FEATURELEVEL=3
[2015.09.28-23.37.45:251][  0]LogEditorServer:Warning: Can't find file '../../../../../../Users/Ryan/Desktop/BluePrint Templates/LightBouncer/LightBouncy/Content/StarterContent/Maps/Minimal_Default.umap'
[2015.09.28-23.37.45:251][  0]Cmd: MAP CHECKDEP NOCLEARLOG
[2015.09.28-23.37.45:289][  0]MapCheck: Info Map check complete: 0 Error(s), 0 Warning(s), took 37.509ms to complete.
[2015.09.28-23.37.45:289][  0]LogFileHelpers: Loading map 'Minimal_Default' took 0.038
[2015.09.28-23.37.45:406][  0]LogCollectionManager: Loaded 0 collections in 0.001941 seconds
[2015.09.28-23.37.45:448][  0]LogFileCache: Scanning file cache for directory 'C:/Users/Ryan/Desktop/BluePrint Templates/LightBouncer/LightBouncy/Saved/Collections/' took 0.01s
[2015.09.28-23.37.45:448][  0]LogFileCache: Scanning file cache for directory 'C:/Users/Ryan/Desktop/BluePrint Templates/LightBouncer/LightBouncy/Content/Developers/Ryan/Collections/' took 0.01s
[2015.09.28-23.37.45:448][  0]LogFileCache: Scanning file cache for directory 'C:/Users/Ryan/Desktop/BluePrint Templates/LightBouncer/LightBouncy/Content/Collections/' took 0.01s
[2015.09.28-23.37.45:448][  0]LogContentBrowser: Native class hierarchy populated in 0.0069 seconds. Added 1868 classes and 335 folders.
[2015.09.28-23.37.45:453][  0]LogCollectionManager: Rebuilt the GUID cache for 0 collections in 0.000002 seconds
[2015.09.28-23.37.45:459][  0]LogContentBrowser: Native class hierarchy updated for 'WidgetCarousel' in 0.0003 seconds. Added 0 classes and 0 folders.
[2015.09.28-23.37.45:499][  0]LogContentBrowser: Native class hierarchy updated for 'AddContentDialog' in 0.0003 seconds. Added 0 classes and 0 folders.
[2015.09.28-23.37.45:503][  0]LogCrashTracker: Crashtracker disabled due to settings.
[2015.09.28-23.37.45:507][  0]LogUObjectGlobals:Warning: Failed to find object 'Class None.'
[2015.09.28-23.37.45:529][  0]LogLoad: Full Startup: 5.20 seconds (BP compile: 0.00 seconds)
[2015.09.28-23.37.45:576][  0]LogContentStreaming: Texture pool size now 1000 MB
[2015.09.28-23.37.45:709][  0]LogRenderer: Reallocating scene render targets to support 988x924 (Frame:2).
[2015.09.28-23.37.45:844][  3]LogAssetRegistry: Asset discovery search completed in 1.5396 seconds
[2015.09.28-23.37.45:844][  3]LogCollectionManager: Rebuilt the object cache for 0 collections in 0.000001 seconds (found 0 objects)
[2015.09.28-23.37.45:844][  3]LogCollectionManager: Fixed up redirectors for 0 collections in 0.000023 seconds (updated 0 objects)
[2015.09.28-23.38.05:278][526]LogLinker:Warning: Asset '../../../Engine/Content/ArtTools/RenderToTexture/Macros/RenderToTextureMacros.uasset' has been saved with empty engine version. The asset will be loaded but may be incompatible.
[2015.09.28-23.38.05:804][526]LogContentBrowser: Native class hierarchy updated for 'BlueprintGraph' in 0.0007 seconds. Added 107 classes and 0 folders.
[2015.09.28-23.38.34:125][827]LogRenderer: Reallocating scene render targets to support 1232x924 (Frame:1751).
[2015.09.28-23.47.46:235][519]LogFileHelpers: Editor autosave (incl. sublevels) for '/Temp/Untitled_0' took 0.034
[2015.09.28-23.47.46:240][519]OBJ SavePackage: Generating thumbnails for [0] asset(s) in package [/Game/BP/LightBouncy] ([1] browsable assets)...
[2015.09.28-23.47.46:240][519]OBJ SavePackage: Finished generating thumbnails for package [/Game/BP/LightBouncy]
[2015.09.28-23.47.46:280][519]LogSavePackage: Save=35.006714ms
[2015.09.28-23.47.46:280][519]LogSavePackage: Moving '../../../../../../Users/Ryan/Desktop/BluePrint Templates/LightBouncer/LightBouncy/Saved/LightBouncy_Auto175A4F96C441305457876F59BC5C3526F.tmp' to '../../../../../../Users/Ryan/Desktop/BluePrint Templates/LightBouncer/LightBouncy/Saved/Autosaves/Game/BP/LightBouncy_Auto1.uasset'
[2015.09.28-23.47.46:282][519]LogSavePackage: Total save time: 40.915929ms
[2015.09.28-23.47.46:282][519]LogSavePackage:Warning: Finished SavePackage ../../../../../../Users/Ryan/Desktop/BluePrint Templates/LightBouncer/LightBouncy/Saved/Autosaves/Game/BP/LightBouncy_Auto1.uasset
[2015.09.28-23.47.46:282][519]LogFileHelpers: Auto-saving content packages took 0.047
[2015.09.29-00.14.48:822][459]LogRenderer: Reallocating scene render targets to support 1680x924 (Frame:16035).
[2015.09.29-00.14.51:421][765]Cmd: OBJ SAVEPACKAGE PACKAGE="/Game/BP/LightBouncy" FILE="../../../../../../Users/Ryan/Desktop/BluePrint Templates/LightBouncer/LightBouncy/Content/BP/LightBouncy.uasset" SILENT=true
[2015.09.29-00.14.51:456][765]LogSavePackage: Save=29.562668ms
[2015.09.29-00.14.51:456][765]LogSavePackage: Moving '../../../../../../Users/Ryan/Desktop/BluePrint Templates/LightBouncer/LightBouncy/Saved/LightBouncy3C715A974DE3B936B8752EAA02459F27.tmp' to '../../../../../../Users/Ryan/Desktop/BluePrint Templates/LightBouncer/LightBouncy/Content/BP/LightBouncy.uasset'
[2015.09.29-00.14.51:459][765]LogSavePackage: Total save time: 36.385007ms
[2015.09.29-00.14.51:459][765]LogSavePackage:Warning: Finished SavePackage ../../../../../../Users/Ryan/Desktop/BluePrint Templates/LightBouncer/LightBouncy/Content/BP/LightBouncy.uasset
[2015.09.29-00.26.08:031][934]LogActorComponent: UnregisterComponent: (/Engine/Transient.EditorFloorComp) Not registered. Aborting.
[2015.09.29-00.26.08:345][935]Cmd: QUIT_EDITOR
[2015.09.29-00.26.08:474][935]LogWindowsTextInputMethodSystem:Display: IME system now deactivated.
[2015.09.29-00.26.08:474][935]LogWindowsTextInputMethodSystem:Display: IME system now deactivated.
[2015.09.29-00.26.08:597][935]LogExit: Preparing to exit.
[2015.09.29-00.26.09:120][935]LogExit: Editor shut down
[2015.09.29-00.26.09:120][935]LogParticles: Destroying 0 GPU particle simulations for FXSystem 0x000000968176E160
[2015.09.29-00.26.09:121][935]LogExit: Transaction tracking system shut down
[2015.09.29-00.26.09:121][935]LogParticles: Destroying 0 GPU particle simulations for FXSystem 0x00000096EE134A40
[2015.09.29-00.26.09:121][935]LogParticles: Destroying 0 GPU particle simulations for FXSystem 0x00000096A2226980
[2015.09.29-00.26.09:124][935]LogParticles: Destroying 0 GPU particle simulations for FXSystem 0x00000096AB535B20
[2015.09.29-00.26.09:126][935]LogParticles: Destroying 0 GPU particle simulations for FXSystem 0x00000096B0D028E0
[2015.09.29-00.26.09:126][935]LogParticles: Destroying 0 GPU particle simulations for FXSystem 0x000000968E33C4A0
[2015.09.29-00.26.09:274][935]LogExit: Object subsystem successfully closed.
[2015.09.29-00.26.09:289][935]LogD3D11RHI: Shutdown
[2015.09.29-00.26.09:289][935]LogD3D11RHI: CleanupD3DDevice
[2015.09.29-00.26.09:334][935]LogD3D11RHI: ~FD3D11DynamicRHI
[2015.09.29-00.26.09:350][935]LogModuleManager: Shutting down and abandoning module BlueprintGraph (197)
[2015.09.29-00.26.09:350][935]LogModuleManager: Shutting down and abandoning module CrashTracker (196)
[2015.09.29-00.26.09:350][935]LogModuleManager: Shutting down and abandoning module SuperSearch (195)
[2015.09.29-00.26.09:351][935]LogModuleManager: Shutting down and abandoning module WidgetCarousel (194)
[2015.09.29-00.26.09:351][935]LogModuleManager: Shutting down and abandoning module AddContentDialog (193)
[2015.09.29-00.26.09:351][935]LogModuleManager: Shutting down and abandoning module EditorWidgets (192)
[2015.09.29-00.26.09:351][935]LogModuleManager: Shutting down and abandoning module CollectionManager (191)
[2015.09.29-00.26.09:352][935]LogModuleManager: Shutting down and abandoning module SceneOutliner (190)
[2015.09.29-00.26.09:352][935]LogModuleManager: Shutting down and abandoning module FoliageEdit (189)
[2015.09.29-00.26.09:352][935]LogModuleManager: Shutting down and abandoning module LandscapeEditor (188)
[2015.09.29-00.26.09:352][935]LogModuleManager: Shutting down and abandoning module ActorPickerMode (187)
[2015.09.29-00.26.09:352][935]LogModuleManager: Shutting down and abandoning module GeometryMode (186)
[2015.09.29-00.26.09:352][935]LogModuleManager: Shutting down and abandoning module TextureAlignMode (185)
[2015.09.29-00.26.09:352][935]LogModuleManager: Shutting down and abandoning module BspMode (184)
[2015.09.29-00.26.09:352][935]LogModuleManager: Shutting down and abandoning module PlacementMode (183)
[2015.09.29-00.26.09:352][935]LogModuleManager: Shutting down and abandoning module AutomationWorker (182)
[2015.09.29-00.26.09:352][935]LogModuleManager: Shutting down and abandoning module CharacterAI (181)
[2015.09.29-00.26.09:352][935]LogModuleManager: Shutting down and abandoning module SmartSnapping (180)
[2015.09.29-00.26.09:352][935]LogModuleManager: Shutting down and abandoning module ViewportSnapping (179)
[2015.09.29-00.26.09:352][935]LogModuleManager: Shutting down and abandoning module LogVisualizer (178)
[2015.09.29-00.26.09:352][935]LogModuleManager: Shutting down and abandoning module GameProjectGeneration (177)
[2015.09.29-00.26.09:352][935]LogModuleManager: Shutting down and abandoning module IntroTutorials (176)
[2015.09.29-00.26.09:352][935]LogModuleManager: Shutting down and abandoning module EditorLiveStreaming (175)
[2015.09.29-00.26.09:352][935]LogModuleManager: Shutting down and abandoning module IOSPlatformEditor (174)
[2015.09.29-00.26.09:352][935]LogModuleManager: Shutting down and abandoning module HTML5PlatformEditor (173)
[2015.09.29-00.26.09:352][935]LogModuleManager: Shutting down and abandoning module AndroidDeviceDetection (172)
[2015.09.29-00.26.09:901][935]LogModuleManager: Shutting down and abandoning module AndroidPlatformEditor (171)
[2015.09.29-00.26.09:901][935]LogModuleManager: Shutting down and abandoning module IOSRuntimeSettings (170)
[2015.09.29-00.26.09:901][935]LogModuleManager: Shutting down and abandoning module AndroidRuntimeSettings (169)
[2015.09.29-00.26.09:901][935]LogModuleManager: Shutting down and abandoning module MergeActors (168)
[2015.09.29-00.26.09:901][935]LogModuleManager: Shutting down and abandoning module SizeMap (167)
[2015.09.29-00.26.09:901][935]LogModuleManager: Shutting down and abandoning module TreeMap (166)
[2015.09.29-00.26.09:901][935]LogModuleManager: Shutting down and abandoning module ReferenceViewer (165)
[2015.09.29-00.26.09:901][935]LogModuleManager: Shutting down and abandoning module LocalizationService (164)
[2015.09.29-00.26.09:901][935]LogModuleManager: Shutting down and abandoning module LocalizationDashboard (163)
[2015.09.29-00.26.09:901][935]LogModuleManager: Shutting down and abandoning module HardwareTargeting (162)
[2015.09.29-00.26.09:901][935]LogModuleManager: Shutting down and abandoning module DeviceProfileEditor (161)
[2015.09.29-00.26.09:901][935]LogModuleManager: Shutting down and abandoning module UndoHistory (160)
[2015.09.29-00.26.09:901][935]LogModuleManager: Shutting down and abandoning module GameplayTagsEditor (159)
[2015.09.29-00.26.09:901][935]LogModuleManager: Shutting down and abandoning module UserFeedback (158)
[2015.09.29-00.26.09:901][935]LogModuleManager: Shutting down and abandoning module XmlParser (157)
[2015.09.29-00.26.09:901][935]LogModuleManager: Shutting down and abandoning module Blutility (156)
[2015.09.29-00.26.09:901][935]LogModuleManager: Shutting down and abandoning module ProjectTargetPlatformEditor (155)
[2015.09.29-00.26.09:901][935]LogModuleManager: Shutting down and abandoning module ProjectSettingsViewer (154)
[2015.09.29-00.26.09:901][935]LogModuleManager: Shutting down and abandoning module InputBindingEditor (153)
[2015.09.29-00.26.09:901][935]LogModuleManager: Shutting down and abandoning module EditorSettingsViewer (152)
[2015.09.29-00.26.09:901][935]LogModuleManager: Shutting down and abandoning module SettingsEditor (151)
[2015.09.29-00.26.09:901][935]LogModuleManager: Shutting down and abandoning module ProjectLauncher (150)
[2015.09.29-00.26.09:901][935]LogModuleManager: Shutting down and abandoning module SessionFrontend (149)
[2015.09.29-00.26.09:901][935]LogModuleManager: Shutting down and abandoning module ProfilerClient (148)
[2015.09.29-00.26.09:901][935]LogModuleManager: Shutting down and abandoning module TargetDeviceServices (147)
[2015.09.29-00.26.09:901][935]LogModuleManager: Shutting down and abandoning module DeviceManager (146)
[2015.09.29-00.26.09:901][935]LogModuleManager: Shutting down and abandoning module AutomationController (145)
[2015.09.29-00.26.09:901][935]LogModuleManager: Shutting down and abandoning module AutomationWindow (144)
[2015.09.29-00.26.09:901][935]LogModuleManager: Shutting down and abandoning module Layers (143)
[2015.09.29-00.26.09:901][935]LogModuleManager: Shutting down and abandoning module ComponentVisualizers (142)
[2015.09.29-00.26.09:901][935]LogModuleManager: Shutting down and abandoning module DetailCustomizations (141)
[2015.09.29-00.26.09:901][935]LogModuleManager: Shutting down and abandoning module PackagesDialog (140)
[2015.09.29-00.26.09:902][935]LogModuleManager: Shutting down and abandoning module Persona (139)
[2015.09.29-00.26.09:902][935]LogModuleManager: Shutting down and abandoning module Kismet (138)
[2015.09.29-00.26.09:902][935]LogModuleManager: Shutting down and abandoning module GraphEditor (137)
[2015.09.29-00.26.09:902][935]LogModuleManager: Shutting down and abandoning module ClassViewer (136)
[2015.09.29-00.26.09:902][935]LogModuleManager: Shutting down and abandoning module Toolbox (135)
[2015.09.29-00.26.09:902][935]LogModuleManager: Shutting down and abandoning module ModuleUI (134)
[2015.09.29-00.26.09:902][935]LogModuleManager: Shutting down and abandoning module MovieSceneTools (133)
[2015.09.29-00.26.09:902][935]LogModuleManager: Shutting down and abandoning module OutputLog (132)
[2015.09.29-00.26.09:902][935]LogModuleManager: Shutting down and abandoning module GammaUI (131)
[2015.09.29-00.26.09:902][935]LogModuleManager: Shutting down and abandoning module Documentation (130)
[2015.09.29-00.26.09:902][935]LogModuleManager: Shutting down and abandoning module GameLiveStreaming (129)
[2015.09.29-00.26.09:902][935]LogModuleManager: Shutting down and abandoning module StreamingPauseRendering (128)
[2015.09.29-00.26.09:902][935]LogModuleManager: Shutting down and abandoning module AnalyticsET (127)
[2015.09.29-00.26.09:902][935]LogModuleManager: Shutting down and abandoning module Analytics (126)
[2015.09.29-00.26.09:902][935]LogModuleManager: Shutting down and abandoning module AITestSuite (125)
[2015.09.29-00.26.09:902][935]LogModuleManager: Shutting down and abandoning module GameplayDebugger (124)
[2015.09.29-00.26.09:902][935]LogModuleManager: Shutting down and abandoning module AIModule (123)
[2015.09.29-00.26.09:902][935]LogModuleManager: Shutting down and abandoning module ProfilerService (122)
[2015.09.29-00.26.10:153][935]LogModuleManager: Shutting down and abandoning module TaskGraph (121)
[2015.09.29-00.26.10:153][935]LogModuleManager: Shutting down and abandoning module SlateRemote (120)
[2015.09.29-00.26.10:153][935]LogModuleManager: Shutting down and abandoning module SteamVRController (119)
[2015.09.29-00.26.10:153][935]LogModuleManager: Shutting down and abandoning module SteamVR (118)
[2015.09.29-00.26.10:153][935]LogModuleManager: Shutting down and abandoning module ProceduralMeshComponent (117)
[2015.09.29-00.26.10:153][935]LogModuleManager: Shutting down and abandoning module OculusRift (116)
[2015.09.29-00.26.10:153][935]LogModuleManager: Shutting down and abandoning module OculusLibrary (115)
[2015.09.29-00.26.10:153][935]LogModuleManager: Shutting down and abandoning module LeapMotionController (114)
[2015.09.29-00.26.10:169][935]LogModuleManager: Shutting down and abandoning module CustomMeshComponent (113)
[2015.09.29-00.26.10:169][935]LogModuleManager: Shutting down and abandoning module CableComponent (112)
[2015.09.29-00.26.10:169][935]LogModuleManager: Shutting down and abandoning module ArchVisCharacter (111)
[2015.09.29-00.26.10:169][935]LogModuleManager: Shutting down and abandoning module MessagingDebugger (110)
[2015.09.29-00.26.10:169][935]LogModuleManager: Shutting down and abandoning module MediaPlayerEditor (109)
[2015.09.29-00.26.10:169][935]LogModuleManager: Shutting down and abandoning module HTML5Networking (108)
[2015.09.29-00.26.10:169][935]LogModuleManager: Shutting down and abandoning module SpeedTreeImporter (107)
[2015.09.29-00.26.10:169][935]LogModuleManager: Shutting down and abandoning module PluginBrowser (106)
[2015.09.29-00.26.10:169][935]LogModuleManager: Shutting down and abandoning module EpicSurvey (105)
[2015.09.29-00.26.10:169][935]LogModuleManager: Shutting down and abandoning module DesktopPlatform (104)
[2015.09.29-00.26.10:169][935]LogModuleManager: Shutting down and abandoning module VisualStudioSourceCodeAccess (103)
[2015.09.29-00.26.10:169][935]LogModuleManager: Shutting down and abandoning module UObjectPlugin (102)
[2015.09.29-00.26.10:169][935]LogModuleManager: Shutting down and abandoning module SubversionSourceControl (101)
[2015.09.29-00.26.10:169][935]LogModuleManager: Shutting down and abandoning module PerforceSourceControl (100)
[2015.09.29-00.26.10:169][935]LogModuleManager: Shutting down and abandoning module SourceControl (99)
[2015.09.29-00.26.10:169][935]LogModuleManager: Shutting down and abandoning module GitSourceControl (98)
[2015.09.29-00.26.10:169][935]LogModuleManager: Shutting down and abandoning module LightPropagationVolumeEditor (97)
[2015.09.29-00.26.10:169][935]LogModuleManager: Shutting down and abandoning module PaperTiledImporter (96)
[2015.09.29-00.26.10:169][935]LogModuleManager: Shutting down and abandoning module PaperSpriteSheetImporter (95)
[2015.09.29-00.26.10:170][935]LogModuleManager: Shutting down and abandoning module MeshPaint (94)
[2015.09.29-00.26.10:170][935]LogModuleManager: Shutting down and abandoning module SlateReflector (93)
[2015.09.29-00.26.10:170][935]LogModuleManager: Shutting down and abandoning module HotReload (92)
[2015.09.29-00.26.10:170][935]LogModuleManager: Shutting down and abandoning module MainFrame (91)
[2015.09.29-00.26.10:170][935]LogModuleManager: Shutting down and abandoning module LevelEditor (90)
[2015.09.29-00.26.10:171][935]LogModuleManager: Shutting down and abandoning module DirectoryWatcher (89)
[2015.09.29-00.26.10:172][935]LogModuleManager: Shutting down and abandoning module AssetRegistry (88)
[2015.09.29-00.26.10:287][935]LogModuleManager: Shutting down and abandoning module ContentBrowser (87)
[2015.09.29-00.26.10:288][935]LogModuleManager: Shutting down and abandoning module Paper2DEditor (86)
[2015.09.29-00.26.10:288][935]LogModuleManager: Shutting down and abandoning module UdpMessaging (85)
[2015.09.29-00.26.10:389][935]LogModuleManager: Shutting down and abandoning module LightPropagationVolumeRuntime (84)
[2015.09.29-00.26.10:389][935]LogModuleManager: Shutting down and abandoning module Paper2D (83)
[2015.09.29-00.26.10:389][935]LogModuleManager: Shutting down and abandoning module WindowsMoviePlayer (82)
[2015.09.29-00.26.10:391][935]LogModuleManager: Shutting down and abandoning module Media (81)
[2015.09.29-00.26.10:391][935]LogModuleManager: Shutting down and abandoning module WmfMedia (80)
[2015.09.29-00.26.10:391][935]LogModuleManager: Shutting down and abandoning module OnlineBlueprintSupport (79)
[2015.09.29-00.26.10:391][935]LogModuleManager: Shutting down and abandoning module GameplayTasksEditor (78)
[2015.09.29-00.26.10:391][935]LogModuleManager: Shutting down and abandoning module PropertyEditor (77)
[2015.09.29-00.26.10:391][935]LogModuleManager: Shutting down and abandoning module BehaviorTreeEditor (76)
[2015.09.29-00.26.10:391][935]LogModuleManager: Shutting down and abandoning module FunctionalTesting (75)
[2015.09.29-00.26.10:391][935]LogModuleManager: Shutting down and abandoning module CollisionAnalyzer (74)
[2015.09.29-00.26.10:391][935]LogModuleManager: Shutting down and abandoning module WorkspaceMenuStructure (73)
[2015.09.29-00.26.10:391][935]LogModuleManager: Shutting down and abandoning module MessageLog (72)
[2015.09.29-00.26.10:391][935]LogModuleManager: Shutting down and abandoning module Sequencer (71)
[2015.09.29-00.26.10:391][935]LogModuleManager: Shutting down and abandoning module AssetTools (70)
[2015.09.29-00.26.10:391][935]LogModuleManager: Shutting down and abandoning module UMGEditor (69)
[2015.09.29-00.26.10:391][935]LogModuleManager: Shutting down and abandoning module UMG (68)
[2015.09.29-00.26.10:391][935]LogModuleManager: Shutting down and abandoning module Slate (67)
[2015.09.29-00.26.10:391][935]LogModuleManager: Shutting down and abandoning module EditorStyle (66)
[2015.09.29-00.26.10:393][935]LogModuleManager: Shutting down and abandoning module SessionServices (65)
[2015.09.29-00.26.10:393][935]LogModuleManager: Shutting down and abandoning module SourceCodeAccess (64)
[2015.09.29-00.26.10:393][935]LogModuleManager: Shutting down and abandoning module HeadMountedDisplay (63)
[2015.09.29-00.26.10:393][935]LogModuleManager: Shutting down and abandoning module XAudio2 (62)
[2015.09.29-00.26.10:393][935]LogModuleManager: Shutting down and abandoning module Networking (60)
[2015.09.29-00.26.10:393][935]LogModuleManager: Shutting down and abandoning module Core (59)
[2015.09.29-00.26.10:393][935]LogModuleManager: Shutting down and abandoning module KismetCompiler (58)
[2015.09.29-00.26.10:393][935]LogModuleManager: Shutting down and abandoning module PhysXFormats (57)
[2015.09.29-00.26.10:393][935]LogModuleManager: Shutting down and abandoning module MeshUtilities (56)
[2015.09.29-00.26.10:393][935]LogModuleManager: Shutting down and abandoning module CookingStats (55)
[2015.09.29-00.26.10:394][935]LogModuleManager: Shutting down and abandoning module DerivedDataCache (54)
[2015.09.29-00.26.10:456][935]LogDerivedDataCache: Shutdown
[2015.09.29-00.26.10:456][935]LogModuleManager: Shutting down and abandoning module ShaderFormatOpenGL (53)
[2015.09.29-00.26.10:456][935]LogModuleManager: Shutting down and abandoning module ShaderFormatD3D (52)
[2015.09.29-00.26.10:456][935]LogModuleManager: Shutting down and abandoning module MetalShaderFormat (51)
[2015.09.29-00.26.10:456][935]LogModuleManager: Shutting down and abandoning module TextureFormatUncompressed (50)
[2015.09.29-00.26.10:456][935]LogModuleManager: Shutting down and abandoning module TextureFormatPVR (49)
[2015.09.29-00.26.10:456][935]LogModuleManager: Shutting down and abandoning module TextureFormatIntelISPCTexComp (48)
[2015.09.29-00.26.10:456][935]LogModuleManager: Shutting down and abandoning module TextureFormatDXT (47)
[2015.09.29-00.26.10:456][935]LogModuleManager: Shutting down and abandoning module ImageWrapper (46)
[2015.09.29-00.26.10:456][935]LogModuleManager: Shutting down and abandoning module TextureFormatASTC (45)
[2015.09.29-00.26.10:456][935]LogModuleManager: Shutting down and abandoning module TextureFormatAndroid (44)
[2015.09.29-00.26.10:456][935]LogModuleManager: Shutting down and abandoning module AudioFormatOpus (43)
[2015.09.29-00.26.10:456][935]LogModuleManager: Shutting down and abandoning module AudioFormatOgg (42)
[2015.09.29-00.26.10:456][935]LogModuleManager: Shutting down and abandoning module AudioFormatADPCM (41)
[2015.09.29-00.26.10:456][935]LogModuleManager: Shutting down and abandoning module LinuxTargetPlatform (40)
[2015.09.29-00.26.10:456][935]LogModuleManager: Shutting down and abandoning module LinuxServerTargetPlatform (39)
[2015.09.29-00.26.10:456][935]LogModuleManager: Shutting down and abandoning module LinuxNoEditorTargetPlatform (38)
[2015.09.29-00.26.10:456][935]LogModuleManager: Shutting down and abandoning module Messaging (37)
[2015.09.29-00.26.10:456][935]LogModuleManager: Shutting down and abandoning module IOSTargetPlatform (36)
[2015.09.29-00.26.10:456][935]LogModuleManager: Shutting down and abandoning module HTML5TargetPlatform (35)
[2015.09.29-00.26.10:456][935]LogModuleManager: Shutting down and abandoning module Android_PVRTCTargetPlatform (34)
[2015.09.29-00.26.10:456][935]LogModuleManager: Shutting down and abandoning module Android_ETC2TargetPlatform (33)
[2015.09.29-00.26.10:456][935]LogModuleManager: Shutting down and abandoning module Android_ETC1TargetPlatform (32)
[2015.09.29-00.26.10:456][935]LogModuleManager: Shutting down and abandoning module Android_DXTTargetPlatform (31)
[2015.09.29-00.26.10:456][935]LogModuleManager: Shutting down and abandoning module Android_ATCTargetPlatform (30)
[2015.09.29-00.26.10:456][935]LogModuleManager: Shutting down and abandoning module Android_ASTCTargetPlatform (29)
[2015.09.29-00.26.10:456][935]LogModuleManager: Shutting down and abandoning module AndroidTargetPlatform (28)
[2015.09.29-00.26.10:456][935]LogModuleManager: Shutting down and abandoning module WindowsTargetPlatform (27)
[2015.09.29-00.26.10:456][935]LogModuleManager: Shutting down and abandoning module WindowsServerTargetPlatform (26)
[2015.09.29-00.26.10:457][935]LogModuleManager: Shutting down and abandoning module WindowsNoEditorTargetPlatform (25)
[2015.09.29-00.26.10:457][935]LogModuleManager: Shutting down and abandoning module WindowsClientTargetPlatform (24)
[2015.09.29-00.26.10:457][935]LogModuleManager: Shutting down and abandoning module AllDesktopTargetPlatform (23)
[2015.09.29-00.26.10:457][935]LogModuleManager: Shutting down and abandoning module TargetPlatform (22)
[2015.09.29-00.26.10:457][935]LogModuleManager: Shutting down and abandoning module InputCore (21)
[2015.09.29-00.26.10:457][935]LogModuleManager: Shutting down and abandoning module Settings (20)
[2015.09.29-00.26.10:457][935]LogModuleManager: Shutting down and abandoning module OnlineSubsystem (18)
[2015.09.29-00.26.10:457][935]LogModuleManager: Shutting down and abandoning module HTTP (17)
[2015.09.29-00.26.12:460][935]LogModuleManager: Shutting down and abandoning module XMPP (16)
[2015.09.29-00.26.12:460][935]LogModuleManager: Shutting down and abandoning module ExampleDeviceProfileSelector (15)
[2015.09.29-00.26.12:460][935]LogModuleManager: Shutting down and abandoning module TextureCompressor (14)
[2015.09.29-00.26.12:460][935]LogModuleManager: Shutting down and abandoning module ShaderCore (13)
[2015.09.29-00.26.12:460][935]LogModuleManager: Shutting down and abandoning module Landscape (12)
[2015.09.29-00.26.12:460][935]LogModuleManager: Shutting down and abandoning module SlateRHIRenderer (11)
[2015.09.29-00.26.12:461][935]LogModuleManager: Shutting down and abandoning module OpenGLDrv (10)
[2015.09.29-00.26.12:461][935]LogModuleManager: Shutting down and abandoning module D3D11RHI (9)
[2015.09.29-00.26.12:461][935]LogModuleManager: Shutting down and abandoning module AnimGraphRuntime (8)
[2015.09.29-00.26.12:461][935]LogModuleManager: Shutting down and abandoning module Renderer (7)
[2015.09.29-00.26.12:461][935]LogModuleManager: Shutting down and abandoning module Engine (6)
[2015.09.29-00.26.12:461][935]LogModuleManager: Shutting down and abandoning module CoreUObject (5)
[2015.09.29-00.26.12:461][935]LogModuleManager: Shutting down and abandoning module NetworkFile (4)
[2015.09.29-00.26.12:462][935]LogModuleManager: Shutting down and abandoning module StreamingFile (3)
[2015.09.29-00.26.12:462][935]LogModuleManager: Shutting down and abandoning module SandboxFile (2)
[2015.09.29-00.26.12:462][935]LogModuleManager: Shutting down and abandoning module PakFile (1)
[2015.09.29-00.26.12:462][935]LogExit: Exiting.
[2015.09.29-00.26.12:463][935]Log file closed, 09/28/15 20:26:12
