"../../../BluePrint_Tutorial/Content/ExampleContent/Blueprint_Communication/Textures/T_Battery_M.uasset" 0
"../../../BluePrint_Tutorial/Content/ExampleContent/Blueprint_Communication/Materials/M_Battery.uasset" 1
"../../../BluePrint_Tutorial/Content/ExampleContent/Blueprint_Communication/Meshes/SM_Battery_Big.uasset" 2
"../../../BluePrint_Tutorial/Content/ExampleContent/Blueprint_Communication/Meshes/SM_Battery_Medium.uasset" 3
"../../../BluePrint_Tutorial/Content/FirstPerson/Audio/FirstPersonTemplateWeaponFire02.uasset" 4
"../../../BluePrint_Tutorial/Content/FirstPerson/FPWeapon/Materials/MaterialLayers/ML_Plastic_Shiny_Beige_LOGO.uasset" 5
"../../../BluePrint_Tutorial/Content/FirstPerson/FPWeapon/Materials/MaterialLayers/T_ML_FineRubber.uasset" 6
"../../../BluePrint_Tutorial/Content/FirstPerson/FPWeapon/Mesh/SK_FPGun_PhysicsAsset.uasset" 7
"../../../BluePrint_Tutorial/Content/FirstPerson/Character/Mesh/SK_Mannequin_Arms_Skeleton.uasset" 8
"../../../BluePrint_Tutorial/Content/FirstPerson/Animations/FirstPerson_Idle.uasset" 9
"../../../BluePrint_Tutorial/Content/FirstPerson/Animations/FirstPerson_JumpEnd.uasset" 10
"../../../BluePrint_Tutorial/Content/FirstPerson/Animations/FirstPerson_JumpLoop.uasset" 11
"../../../BluePrint_Tutorial/Content/FirstPerson/Animations/FirstPerson_JumpStart.uasset" 12
"../../../BluePrint_Tutorial/Content/FirstPerson/Animations/FirstPerson_Run.uasset" 13
"../../../Engine/Content/EditorBlueprintResources/StandardMacros.uasset" 14
"../../../BluePrint_Tutorial/Content/FirstPerson/Animations/FirstPerson_AnimBP.uasset" 15
"../../../BluePrint_Tutorial/Content/FirstPerson/Animations/FirstPerson_Fire.uasset" 16
"../../../BluePrint_Tutorial/Content/FirstPerson/Animations/FirstPersonFire_Montage.uasset" 17
"../../../BluePrint_Tutorial/Content/My_BPs/GUI/My_GameInstance.uasset" 18
"../../../BluePrint_Tutorial/Content/FirstPerson/Textures/FirstPersonCrosshair.uasset" 19
"../../../BluePrint_Tutorial/Content/My_BPs/GUI/My_HUD.uasset" 20
"../../../BluePrint_Tutorial/Content/My_BPs/Interfaces/Inventory_Interface.uasset" 21
"../../../BluePrint_Tutorial/Content/My_BPs/GUI/InventorySlot_WBP.uasset" 22
"../../../BluePrint_Tutorial/Content/My_BPs/GUI/Inventory_Struct.uasset" 23
"../../../BluePrint_Tutorial/Content/My_BPs/GUI/MainGUI.uasset" 24
"../../../BluePrint_Tutorial/Content/DemoRoom/Materials/M_Button.uasset" 25
"../../../BluePrint_Tutorial/Content/FirstPerson/Meshes/BaseMaterial.uasset" 26
"../../../BluePrint_Tutorial/Content/FirstPerson/Meshes/FirstPersonProjectileMaterial.uasset" 27
"../../../BluePrint_Tutorial/Content/FirstPerson/Meshes/FirstPersonProjectileMesh.uasset" 28
"../../../BluePrint_Tutorial/Content/FirstPersonBP/Blueprints/FirstPersonProjectile.uasset" 29
"../../../BluePrint_Tutorial/Content/DemoRoom/Materials/M_DemoWall.uasset" 30
"../../../BluePrint_Tutorial/Content/ExampleContent/Audio/Physical_Materials/Rubber.uasset" 31
"../../../BluePrint_Tutorial/Content/DemoRoom/Materials/M_DemoWall_Inst.uasset" 32
"../../../BluePrint_Tutorial/Content/ExampleContent/Audio/Physical_Materials/Metal.uasset" 33
"../../../BluePrint_Tutorial/Content/DemoRoom/Materials/M_DemoWall_Inst_3.uasset" 34
"../../../BluePrint_Tutorial/Content/DemoRoom/Textures/T_UE4_Logo_M.uasset" 35
"../../../BluePrint_Tutorial/Content/DemoRoom/Materials/M_UE4_Logo_Doors.uasset" 36
"../../../BluePrint_Tutorial/Content/DemoRoom/Materials/M_UE4_Logo_Door.uasset" 37
"../../../BluePrint_Tutorial/Content/DemoRoom/Meshes/SM_DoorLock.uasset" 38
"../../../BluePrint_Tutorial/Content/My_BPs/Dispatcher/MoveActor_Using_DSP_BP.uasset" 39
"../../../BluePrint_Tutorial/Content/My_BPs/Interfaces/RightClick_RayCast_Interface.uasset" 40
"../../../Engine/Content/Functions/Engine_MaterialFunctions02/Utility/BlendAngleCorrectedNormals.uasset" 41
"../../../Engine/Content/Functions/MaterialLayerFunctions/MatLayerBlend_NormalBlend.uasset" 42
"../../../Engine/Content/Functions/MaterialLayerFunctions/MatLayerBlend_Simple.uasset" 43
"../../../BluePrint_Tutorial/Content/FirstPerson/Character/Materials/MaterialLayers/T_ML_Rubber_Blue_01_D.uasset" 44
"../../../BluePrint_Tutorial/Content/FirstPerson/Character/Materials/MaterialLayers/T_ML_Rubber_Blue_01_N.uasset" 45
"../../../BluePrint_Tutorial/Content/FirstPerson/Character/Materials/MaterialLayers/ML_GlossyBlack_Latex_UE4.uasset" 46
"../../../BluePrint_Tutorial/Content/FirstPerson/Character/Materials/MaterialLayers/ML_Plastic_Shiny_Beige.uasset" 47
"../../../BluePrint_Tutorial/Content/FirstPerson/Character/Textures/UE4_LOGO_CARD.uasset" 48
"../../../BluePrint_Tutorial/Content/FirstPerson/Character/Materials/MaterialLayers/ML_Plastic_Shiny_Beige_LOGO.uasset" 49
"../../../BluePrint_Tutorial/Content/FirstPerson/Character/Materials/MaterialLayers/T_ML_Aluminum01.uasset" 50
"../../../BluePrint_Tutorial/Content/FirstPerson/Character/Materials/MaterialLayers/T_ML_Aluminum01_N.uasset" 51
"../../../BluePrint_Tutorial/Content/FirstPerson/Character/Materials/MaterialLayers/ML_SoftMetal_UE4.uasset" 52
"../../../BluePrint_Tutorial/Content/FirstPerson/Character/Textures/UE4_Mannequin__normals.uasset" 53
"../../../BluePrint_Tutorial/Content/FirstPerson/Character/Textures/UE4_Mannequin_MAT_MASKA.uasset" 54
"../../../BluePrint_Tutorial/Content/FirstPerson/Character/Materials/M_UE4Man_Body.uasset" 55
"../../../BluePrint_Tutorial/Content/FirstPerson/Character/Mesh/SK_Mannequin_Arms_PhysicsAsset.uasset" 56
"../../../BluePrint_Tutorial/Content/FirstPerson/Character/Mesh/SK_Mannequin_Arms.uasset" 57
"../../../BluePrint_Tutorial/Content/FirstPerson/FPWeapon/Materials/MaterialLayers/T_ML_Rubber_Blue_01_D.uasset" 58
"../../../BluePrint_Tutorial/Content/FirstPerson/FPWeapon/Materials/MaterialLayers/T_ML_Rubber_Blue_01_N.uasset" 59
"../../../BluePrint_Tutorial/Content/FirstPerson/FPWeapon/Materials/MaterialLayers/ML_GlossyBlack_Latex_UE4.uasset" 60
"../../../BluePrint_Tutorial/Content/FirstPerson/FPWeapon/Materials/MaterialLayers/ML_Plastic_Shiny_Beige.uasset" 61
"../../../BluePrint_Tutorial/Content/FirstPerson/FPWeapon/Materials/MaterialLayers/ML_Screen.uasset" 62
"../../../BluePrint_Tutorial/Content/FirstPerson/FPWeapon/Materials/MaterialLayers/T_ML_Aluminum01.uasset" 63
"../../../BluePrint_Tutorial/Content/FirstPerson/FPWeapon/Materials/MaterialLayers/T_ML_Aluminum01_N.uasset" 64
"../../../BluePrint_Tutorial/Content/FirstPerson/FPWeapon/Materials/MaterialLayers/ML_SoftMetal_UE4.uasset" 65
"../../../BluePrint_Tutorial/Content/FirstPerson/FPWeapon/Textures/T_FPGun_M.uasset" 66
"../../../BluePrint_Tutorial/Content/FirstPerson/FPWeapon/Textures/T_FPGun_N.uasset" 67
"../../../BluePrint_Tutorial/Content/FirstPerson/FPWeapon/Materials/M_FPGun.uasset" 68
"../../../BluePrint_Tutorial/Content/FirstPerson/FPWeapon/Mesh/SK_FPGun_Skeleton.uasset" 69
"../../../BluePrint_Tutorial/Content/FirstPerson/FPWeapon/Mesh/SK_FPGun.uasset" 70
"../../../BluePrint_Tutorial/Content/My_BPs/Audio/156438__bustedearlobes__sifi-gun_1.uasset" 71
"../../../BluePrint_Tutorial/Content/My_BPs/GUI/Pause_Menu.uasset" 72
"../../../BluePrint_Tutorial/Content/FirstPersonBP/Blueprints/FirstPersonCharacter.uasset" 73
"../../../BluePrint_Tutorial/Content/FirstPersonBP/Blueprints/FirstPersonHUD.uasset" 74
"../../../BluePrint_Tutorial/Content/FirstPersonBP/Blueprints/FirstPersonGameMode.uasset" 75
"../../../BluePrint_Tutorial/Content/Geometry/Meshes/CubeMaterial.uasset" 76
"../../../BluePrint_Tutorial/Content/Geometry/Meshes/TemplateFloor.uasset" 77
"../../../BluePrint_Tutorial/Content/My_Models/SmallDoor_maps/DefaultMaterial_Base_Color.uasset" 78
"../../../BluePrint_Tutorial/Content/My_Models/SmallDoor_maps/DefaultMaterial_Roughness.uasset" 79
"../../../BluePrint_Tutorial/Content/My_Models/SmallDoor_maps/SmallDoor_low_DefaultMaterial_MeshNormal.uasset" 80
"../../../BluePrint_Tutorial/Content/My_Models/SmallDoor_maps/_Small_Door_Mat.uasset" 81
"../../../Engine/Content/Functions/Engine_MaterialFunctions01/Opacity/CameraDepthFade.uasset" 82
"../../../Engine/Content/EngineMaterials/T_Default_Material_Grid_M.uasset" 83
"../../../Engine/Content/EngineMaterials/T_Default_Material_Grid_N.uasset" 84
"../../../Engine/Content/EngineMaterials/WorldGridMaterial.uasset" 85
"../../../BluePrint_Tutorial/Content/StarterContent/Props/MaterialSphere.uasset" 86
"../../../BluePrint_Tutorial/Content/My_BPs/ConveyerBelt/SphereForSpawn.uasset" 87
"../../../BluePrint_Tutorial/Content/NewBlueprints/Game_Instance.uasset" 88
"../../../BluePrint_Tutorial/Content/NewBlueprints/MyGameMode2.uasset" 89
"../../../BluePrint_Tutorial/Content/NewBlueprints/My_HUD2.uasset" 90
"../../../BluePrint_Tutorial/Content/NewBlueprints/NewGUI.uasset" 91
"../../../BluePrint_Tutorial/Content/StarterContent/Materials/M_Basic_Wall.uasset" 92
"../../../BluePrint_Tutorial/Content/StarterContent/Architecture/Wall_400x300.uasset" 93
"../../../BluePrint_Tutorial/Content/StarterContent/Architecture/Wall_400x400.uasset" 94
"../../../BluePrint_Tutorial/Content/StarterContent/Architecture/Wall_500x500.uasset" 95
"../../../BluePrint_Tutorial/Content/StarterContent/Architecture/Wall_Door_400x400.uasset" 96
"../../../BluePrint_Tutorial/Content/StarterContent/Architecture/Wall_Window_400x400.uasset" 97
"../../../BluePrint_Tutorial/Content/StarterContent/Audio/Light01_Cue.uasset" 98
"../../../BluePrint_Tutorial/Content/StarterContent/Audio/Light02_Cue.uasset" 99
"../../../BluePrint_Tutorial/Content/StarterContent/Audio/Explosion_Cue.uasset" 100
"../../../BluePrint_Tutorial/Content/StarterContent/Textures/T_Burst_M.uasset" 101
"../../../BluePrint_Tutorial/Content/StarterContent/Particles/Materials/M_Burst.uasset" 102
"../../../BluePrint_Tutorial/Content/StarterContent/Textures/T_Explosion_SubUV.uasset" 103
"../../../BluePrint_Tutorial/Content/StarterContent/Particles/Materials/M_explosion_subUV.uasset" 104
"../../../BluePrint_Tutorial/Content/StarterContent/Particles/Materials/m_flare_01.uasset" 105
"../../../Engine/Content/Functions/Engine_MaterialFunctions01/Gradient/RadialGradient.uasset" 106
"../../../BluePrint_Tutorial/Content/StarterContent/Particles/Materials/M_radial_ramp.uasset" 107
"../../../BluePrint_Tutorial/Content/StarterContent/Textures/T_Smoke_SubUV.uasset" 108
"../../../BluePrint_Tutorial/Content/StarterContent/Textures/T_Smoke_Tiled_D.uasset" 109
"../../../BluePrint_Tutorial/Content/StarterContent/Particles/Materials/M_smoke_subUV.uasset" 110
"../../../BluePrint_Tutorial/Content/StarterContent/Particles/P_Explosion.uasset" 111
"../../../BluePrint_Tutorial/Content/StarterContent/Blueprints/Blueprint_Effect_Explosion.uasset" 112
"../../../Engine/Content/EditorMeshes/ColorCalibrator/T_ColorGrid.uasset" 113
"../../../BluePrint_Tutorial/Content/StarterContent/Materials/M_ColorGrid_LowSpec.uasset" 114
"../../../BluePrint_Tutorial/Content/StarterContent/Textures/T_Chair_M.uasset" 115
"../../../BluePrint_Tutorial/Content/StarterContent/Textures/T_Chair_N.uasset" 116
"../../../BluePrint_Tutorial/Content/StarterContent/Props/Materials/M_Chair.uasset" 117
"../../../BluePrint_Tutorial/Content/StarterContent/Props/SM_Couch.uasset" 118
"../../../BluePrint_Tutorial/Content/StarterContent/Materials/M_Glass.uasset" 119
"../../../BluePrint_Tutorial/Content/StarterContent/Textures/T_Door_M.uasset" 120
"../../../BluePrint_Tutorial/Content/StarterContent/Textures/T_Door_N.uasset" 121
"../../../BluePrint_Tutorial/Content/StarterContent/Props/Materials/M_Door.uasset" 122
"../../../BluePrint_Tutorial/Content/StarterContent/Props/SM_Door.uasset" 123
"../../../BluePrint_Tutorial/Content/StarterContent/Props/Materials/M_MaterialSphere.uasset" 124
"../../../BluePrint_Tutorial/Content/StarterContent/Props/Materials/M_MaterialSphere_Plain.uasset" 125
"../../../BluePrint_Tutorial/Content/StarterContent/Props/SM_MatPreviewMesh_02.uasset" 126
"../../../BluePrint_Tutorial/Content/StarterContent/Textures/T_Detail_Rocky_N.uasset" 127
"../../../BluePrint_Tutorial/Content/StarterContent/Textures/T_Rock_Basalt_D.uasset" 128
"../../../BluePrint_Tutorial/Content/StarterContent/Textures/T_RockMesh_M.uasset" 129
"../../../BluePrint_Tutorial/Content/StarterContent/Textures/T_RockMesh_N.uasset" 130
"../../../BluePrint_Tutorial/Content/StarterContent/Props/Materials/M_Rock.uasset" 131
"../../../BluePrint_Tutorial/Content/StarterContent/Props/SM_Rock.uasset" 132
"../../../BluePrint_Tutorial/Content/StarterContent/Textures/T_Shelf_M.uasset" 133
"../../../BluePrint_Tutorial/Content/StarterContent/Textures/T_Shelf_N.uasset" 134
"../../../BluePrint_Tutorial/Content/StarterContent/Props/Materials/M_Shelf.uasset" 135
"../../../BluePrint_Tutorial/Content/StarterContent/Props/SM_Shelf.uasset" 136
"../../../BluePrint_Tutorial/Content/StarterContent/Materials/M_Basic_Floor.uasset" 137
"../../../BluePrint_Tutorial/Content/StarterContent/Props/SM_Stairs.uasset" 138
"../../../BluePrint_Tutorial/Content/StarterContent/Shapes/Shape_Cylinder.uasset" 139
"../../../BluePrint_Tutorial/Content/StarterContent/Shapes/Shape_Pipe.uasset" 140
"../../../BluePrint_Tutorial/Content/StarterContent/Shapes/Shape_Pipe_180.uasset" 141
"../../../BluePrint_Tutorial/Content/StarterContent/Shapes/Shape_Pipe_90.uasset" 142
"../../../BluePrint_Tutorial/Content/StarterContent/Shapes/Shape_Plane.uasset" 143
"../../../BluePrint_Tutorial/Content/StarterContent/Shapes/Shape_Torus.uasset" 144
"../../../BluePrint_Tutorial/Content/StarterContent/Shapes/Shape_Trim.uasset" 145
"../../../BluePrint_Tutorial/Content/StarterContent/Shapes/Shape_Trim_90_In.uasset" 146
"../../../BluePrint_Tutorial/Content/StarterContent/Shapes/Shape_Trim_90_Out.uasset" 147
"../../../BluePrint_Tutorial/Content/StarterContent/Shapes/Shape_TriPyramid.uasset" 148
"../../../BluePrint_Tutorial/Content/StarterContent/Shapes/Shape_Tube.uasset" 149
"../../../BluePrint_Tutorial/Content/StarterContent/Shapes/Shape_Wedge_A.uasset" 150
"../../../BluePrint_Tutorial/Content/StarterContent/Shapes/Shape_Wedge_B.uasset" 151
"../../../BluePrint_Tutorial/Content/StarterContent/Shapes/Shape_WideCapsule.uasset" 152
"../../../Engine/Content/EngineMaterials/DefaultMaterial.uasset" 153
"../../../Engine/Content/BasicShapes/Cylinder.uasset" 154
"../../../Engine/Content/BasicShapes/Plane.uasset" 155
"../../../Engine/Content/BasicShapes/Sphere.uasset" 156
"../../../Engine/Content/EditorLandscapeResources/DataLayer.uasset" 157
"../../../Engine/Content/EditorMaterials/GizmoMaterial.uasset" 158
"../../../Engine/Content/EditorMaterials/MAT_Groups_Toggle.uasset" 159
"../../../Engine/Content/EditorMaterials/MAT_Groups_Visibility.uasset" 160
"../../../Engine/Content/EditorMaterials/PreviewShadowIndicator.uasset" 161
"../../../Engine/Content/EditorMaterials/PreviewShadowIndicatorMaterial.uasset" 162
"../../../Engine/Content/EditorMaterials/AssetViewer/EpicQuadPanorama_CC+EV1.uasset" 163
"../../../Engine/Content/EditorMaterials/MatineeGroups/MAT_ColorTrack.uasset" 164
"../../../Engine/Content/EditorMaterials/MatineeGroups/MAT_Groups_Anim.uasset" 165
"../../../Engine/Content/EditorMaterials/MatineeGroups/MAT_Groups_AudioMaster.uasset" 166
"../../../Engine/Content/EditorMaterials/MatineeGroups/MAT_Groups_Director.uasset" 167
"../../../Engine/Content/EditorMaterials/MatineeGroups/MAT_Groups_Event.uasset" 168
"../../../Engine/Content/EditorMaterials/MatineeGroups/MAT_Groups_Fade.uasset" 169
"../../../Engine/Content/EditorMaterials/MatineeGroups/MAT_Groups_Float.uasset" 170
"../../../Engine/Content/EditorMaterials/MatineeGroups/MAT_Groups_Move.uasset" 171
"../../../Engine/Content/EditorMaterials/MatineeGroups/MAT_Groups_Slomo.uasset" 172
"../../../Engine/Content/EditorMaterials/MatineeGroups/MAT_Groups_Sound.uasset" 173
"../../../Engine/Content/EditorMaterials/MatineeGroups/MAT_Groups_Vector.uasset" 174
"../../../Engine/Content/EditorMaterials/ParticleSystems/PSysThumbnail_NoImage.uasset" 175
"../../../Engine/Content/EditorMaterials/ParticleSystems/PSysThumbnail_OOD.uasset" 176
"../../../Engine/Content/EditorMaterials/Camera/CineMat.uasset" 177
"../../../Engine/Content/EditorMaterials/Camera/MI_CineMat_Rig.uasset" 178
"../../../Engine/Content/EditorMeshes/Camera/SM_CraneRig_Arm.uasset" 179
"../../../Engine/Content/EditorMeshes/Camera/SM_CraneRig_Base.uasset" 180
"../../../Engine/Content/EditorMeshes/Camera/SM_CraneRig_Body.uasset" 181
"../../../Engine/Content/EditorMeshes/Camera/SM_CraneRig_Mount.uasset" 182
"../../../Engine/Content/EditorMeshes/Camera/SM_RailRig_Mount.uasset" 183
"../../../Engine/Content/EditorMeshes/Camera/SM_RailRig_Track.uasset" 184
"../../../Engine/Content/EditorResources/BSPVertex.uasset" 185
"../../../Engine/Content/EditorResources/EmptyActor.uasset" 186
"../../../Engine/Content/EditorResources/S_Actor.uasset" 187
"../../../Engine/Content/EditorResources/S_Trigger.uasset" 188
"../../../Engine/Content/EditorResources/AudioIcons/S_AudioComponent.uasset" 189
"../../../Engine/Content/EditorResources/AudioIcons/S_AudioComponent_AutoActivate.uasset" 190
"../../../Engine/Content/EditorResources/LightIcons/S_LightError.uasset" 191
"../../../Engine/Content/EditorResources/SequenceRecorder/Countdown.uasset" 192
"../../../Engine/Content/EditorResources/SequenceRecorder/RecordingIndicator.uasset" 193
"../../../Engine/Content/EditorSounds/Notifications/CompileFailed.uasset" 194
"../../../Engine/Content/EditorSounds/Notifications/CompileFailed_Cue.uasset" 195
"../../../Engine/Content/EditorSounds/Notifications/CompileSuccess.uasset" 196
"../../../Engine/Content/EditorSounds/Notifications/CompileStart_Cue.uasset" 197
"../../../Engine/Content/EditorSounds/Notifications/CompileSuccess_Cue.uasset" 198
"../../../Engine/Content/EngineDamageTypes/DmgTypeBP_Environmental.uasset" 199
"../../../Engine/Content/EngineDebugMaterials/HeatmapGradient.uasset" 200
"../../../Engine/Content/EngineDebugMaterials/BoneWeightMaterial.uasset" 201
"../../../Engine/Content/EngineDebugMaterials/ClothMaterial.uasset" 202
"../../../Engine/Content/EngineDebugMaterials/ClothMaterial_WF.uasset" 203
"../../../Engine/Content/EngineDebugMaterials/DebugEditorMaterial.uasset" 204
"../../../Engine/Content/EngineDebugMaterials/DebugMeshMaterial.uasset" 205
"../../../Engine/Content/EngineDebugMaterials/GeomMaterial.uasset" 206
"../../../Engine/Content/EngineFonts/Faces/RobotoBold.uasset" 207
"../../../Engine/Content/EngineFonts/Faces/RobotoBoldItalic.uasset" 208
"../../../Engine/Content/EngineFonts/Faces/RobotoItalic.uasset" 209
"../../../Engine/Content/EngineFonts/Faces/RobotoLight.uasset" 210
"../../../Engine/Content/EngineFonts/Faces/RobotoRegular.uasset" 211
"../../../Engine/Content/EngineFonts/Roboto.uasset" 212
"../../../Engine/Content/EngineFonts/Faces/RobotoTiny.uasset" 213
"../../../Engine/Content/EngineFonts/RobotoTiny.uasset" 214
"../../../Engine/Content/EngineMaterials/DefaultBloomKernel.uasset" 215
"../../../Engine/Content/EngineMaterials/DefaultBokeh.uasset" 216
"../../../Engine/Content/EngineMaterials/DefaultDiffuse.uasset" 217
"../../../Engine/Content/EngineMaterials/DefaultDeferredDecalMaterial.uasset" 218
"../../../Engine/Content/EngineMaterials/DefaultLightFunctionMaterial.uasset" 219
"../../../Engine/Content/EngineMaterials/DefaultPhysicalMaterial.uasset" 220
"../../../Engine/Content/Functions/Engine_MaterialFunctions02/Utility/BreakOutFloat2Components.uasset" 221
"../../../Engine/Content/EngineMaterials/DefaultPostProcessMaterial.uasset" 222
"../../../Engine/Content/EngineFonts/RobotoDistanceField.uasset" 223
"../../../Engine/Content/EngineMaterials/DefaultTextMaterialOpaque.uasset" 224
"../../../Engine/Content/EngineMaterials/DefaultWhiteGrid.uasset" 225
"../../../Engine/Content/EngineMaterials/EditorBrushMaterial.uasset" 226
"../../../Engine/Content/EngineMaterials/Good64x64TilingNoiseHighFreq.uasset" 227
"../../../Engine/Content/EngineMaterials/MiniFont.uasset" 228
"../../../Engine/Content/EngineMaterials/InvalidLightmapSettings.uasset" 229
"../../../Engine/Content/EngineMaterials/M_InvalidLightmapSettings.uasset" 230
"../../../Engine/Content/EngineMaterials/PhAT_JointLimitMaterial.uasset" 231
"../../../Engine/Content/EngineMaterials/PreintegratedSkinBRDF.uasset" 232
"../../../Engine/Content/EngineMaterials/RemoveSurfaceMaterial.uasset" 233
"../../../Engine/Content/EngineMaterials/WeightMapPlaceholderTexture.uasset" 234
"../../../Engine/Content/EngineResources/WhiteSquareTexture.uasset" 235
"../../../Engine/Content/EngineMaterials/Widget3DPassThrough.uasset" 236
"../../../Engine/Content/EngineMaterials/Widget3DPassThrough_Masked.uasset" 237
"../../../Engine/Content/EngineMaterials/Widget3DPassThrough_Opaque.uasset" 238
"../../../Engine/Content/EngineMaterials/Widget3DPassThrough_Masked_OneSided.uasset" 239
"../../../Engine/Content/EngineMaterials/Widget3DPassThrough_Opaque_OneSided.uasset" 240
"../../../Engine/Content/EngineMaterials/Widget3DPassThrough_Translucent.uasset" 241
"../../../Engine/Content/EngineMaterials/Widget3DPassThrough_Translucent_OneSided.uasset" 242
"../../../Engine/Content/EngineMeshes/Cube.uasset" 243
"../../../Engine/Content/EngineMeshes/Cylinder.uasset" 244
"../../../Engine/Content/EngineMeshes/Sphere.uasset" 245
"../../../Engine/Content/EngineResources/Black.uasset" 246
"../../../Engine/Content/EngineResources/DefaultTexture.uasset" 247
"../../../Engine/Content/EngineResources/DefaultTextureCube.uasset" 248
"../../../Engine/Content/EngineResources/GradientTexture0.uasset" 249
"../../../Engine/Content/EngineSounds/Master.uasset" 250
"../../../Engine/Content/Functions/Engine_MaterialFunctions01/Shading/ConvertFromDiffSpec.uasset" 251
"../../../Engine/Content/Functions/Engine_MaterialFunctions01/Shading/PowerToRoughness.uasset" 252
"../../../Engine/Content/Functions/Engine_MaterialFunctions01/Texturing/ScaleUVsByCenter.uasset" 253
"../../../Engine/Content/Maps/Templates/Thumbnails/Default.uasset" 254
"../../../Engine/Content/Maps/Templates/Thumbnails/VR-Basic.uasset" 255
"../../../Engine/Content/MobileResources/T_MobileControls_texture.uasset" 256
"../../../Engine/Content/MobileResources/T_MobileMenu2.uasset" 257
"../../../Engine/Content/MobileResources/HUD/AnalogHat.uasset" 258
"../../../Engine/Content/MobileResources/HUD/VirtualJoystick_Background.uasset" 259
"../../../Engine/Content/MobileResources/HUD/VirtualJoystick_Thumb.uasset" 260
"../../../Engine/Content/MobileResources/HUD/DefaultVirtualJoysticks.uasset" 261
"../../../Engine/Content/MobileResources/HUD/LeftVirtualJoystickOnly.uasset" 262
"../../../Engine/Content/MobileResources/HUD/MobileHUDButton1_off.uasset" 263
"../../../Engine/Content/MobileResources/HUD/MobileHUDButton1_on.uasset" 264
"../../../Engine/Content/MobileResources/HUD/MobileHUDButton2_off.uasset" 265
"../../../Engine/Content/MobileResources/HUD/MobileHUDButton2_on.uasset" 266
"../../../Engine/Content/MobileResources/HUD/MobileHUDButton3.uasset" 267
"../../../Engine/Content/MobileResources/HUD/MobileHUDButtonFire.uasset" 268
"../../../Engine/Content/MobileResources/HUD/MobileHUDDirectionPad.uasset" 269
"../../../Engine/Content/MobileResources/HUD/MobileHUDDirectionPad2.uasset" 270
"../../../Engine/Content/MobileResources/HUD/MobileHUDDirectionPad3.uasset" 271
"../../../Engine/Content/MobileResources/HUD/MobileHUDDirectionStick.uasset" 272
"../../../Engine/Content/MobileResources/HUD/T_Castle_ThumbstickInner.uasset" 273
"../../../Engine/Content/MobileResources/HUD/T_Castle_ThumbstickOutter.uasset" 274
"../../../Engine/Content/Tutorial/ContentIntroCurve.uasset" 275
"../../../Engine/Content/Tutorial/Basics/TutorialAssets/icon_tab_Levels_40x.uasset" 276
"../../../Engine/Content/Tutorial/BlueprintTutorials/TutorialAssets/BlueprintInterface_64x.uasset" 277
"../../../Engine/Content/Tutorial/BlueprintTutorials/TutorialAssets/BlueprintMacroLibrary_64x.uasset" 278
"../../../Engine/Content/Tutorial/BlueprintTutorials/TutorialAssets/Blueprint_64x.uasset" 279
"../../../Engine/Content/Tutorial/BlueprintTutorials/TutorialAssets/Tutorial_BP_Interface.uasset" 280
"../../../Engine/Content/Tutorial/Foliage/TutorialAssets/Foliage.uasset" 281
"../../../Engine/Content/Tutorial/Landscape/TutorialAssets/Landscape.uasset" 282
"../../../Engine/Content/Tutorial/Paper2D/TutorialAssets/Paper2DFlipbook_TutorialIcon.uasset" 283
"../../../Engine/Content/Tutorial/Paper2D/TutorialAssets/Paper2DSprite_TutorialIcon.uasset" 284
"../../../Engine/Content/Tutorial/SubEditors/TutorialAssets/icon_Editor_Preferences_General_40x.uasset" 285
"../../../Engine/Content/Tutorial/SubEditors/TutorialAssets/icon_ShowSkeletalMeshes_40x.uasset" 286
"../../../Engine/Content/Tutorial/SubEditors/TutorialAssets/TutorialMaterial.uasset" 287
"../../../Engine/Content/Tutorial/SubEditors/TutorialAssets/T_SmokeSubUV_8X8.uasset" 288
"../../../Engine/Content/Tutorial/SubEditors/TutorialAssets/T_soft_smoke.uasset" 289
"../../../Engine/Content/Tutorial/SubEditors/TutorialAssets/M_smoke_subUV_blackbody.uasset" 290
"../../../Engine/Content/Tutorial/SubEditors/TutorialAssets/TutorialParticleSystem.uasset" 291
"../../../Engine/Content/EditorMeshes/EditorCube.uasset" 292
"../../../Engine/Content/Tutorial/SubEditors/TutorialAssets/Tutorial_DM.uasset" 293
"../../../Engine/Content/VREditor/Devices/Generic/GenericHMDMaterial.uasset" 294
"../../../Engine/Content/VREditor/Devices/Generic/GenericHMD.uasset" 295
"../../../Engine/Content/VREditor/FloatingText/LineMaterial.uasset" 296
"../../../Engine/Content/VREditor/FloatingText/JointSphere.uasset" 297
"../../../Engine/Content/VREditor/FloatingText/LineSegmentCylinder.uasset" 298
"../../../Engine/Content/VREditor/Fonts/VRText_RobotoLarge.uasset" 299
"../../../Engine/Content/VREditor/Fonts/VRTextMaterial.uasset" 300
"../../../Engine/Content/VREditor/Fonts/TranslucentVRTextMaterial.uasset" 301
"../../../Engine/Content/VREditor/LaserPointer/CursorPointer.uasset" 302
"../../../Engine/Content/VREditor/LaserPointer/VR_LaserPower_01.uasset" 303
"../../../Engine/Content/VREditor/TransformGizmo/TransformGizmoMaterial.uasset" 304
"../../../Engine/Content/VREditor/LaserPointer/HoverMaterial.uasset" 305
"../../../Engine/Content/VREditor/TransformGizmo/TranslucentTransformGizmoMaterial.uasset" 306
"../../../Engine/Content/VREditor/LaserPointer/TranslucentHoverMaterial.uasset" 307
"../../../Engine/Content/VREditor/LaserPointer/HoverMesh.uasset" 308
"../../../Engine/Content/VREditor/LaserPointer/LaserPointerMaterial.uasset" 309
"../../../Engine/Content/VREditor/LaserPointer/LaserPointerMaterialInst.uasset" 310
"../../../Engine/Content/VREditor/LaserPointer/TranslucentLaserPointerMaterialInst.uasset" 311
"../../../Engine/Content/VREditor/LaserPointer/LaserPointerMesh.uasset" 312
"../../../Engine/Content/VREditor/LaserPointer/LaserPointerMesh_End.uasset" 313
"../../../Engine/Content/VREditor/LaserPointer/LaserPointerMesh_Start.uasset" 314
"../../../Engine/Content/Functions/Engine_MaterialFunctions02/Utility/BreakOutFloat3Components.uasset" 315
"../../../Engine/Content/Functions/Engine_MaterialFunctions02/Math/Transform3x3Matrix.uasset" 316
"../../../Engine/Content/Functions/Engine_MaterialFunctions02/SplitComponents.uasset" 317
"../../../Engine/Content/Functions/Engine_MaterialFunctions02/Utility/MakeFloat3.uasset" 318
"../../../Engine/Content/VREditor/SnapGrid/SnapGridMaterial.uasset" 319
"../../../Engine/Content/VREditor/SnapGrid/SnapGridPlaneMesh.uasset" 320
"../../../Engine/Content/VREditor/Sounds/VR_teleport.uasset" 321
"../../../Engine/Content/VREditor/Sounds/UI/Click_on_Button_Cue.uasset" 322
"../../../Engine/Content/VREditor/Sounds/UI/Dockable_Window_Close.uasset" 323
"../../../Engine/Content/VREditor/Sounds/UI/Dockable_Window_Drop.uasset" 324
"../../../Engine/Content/VREditor/Sounds/UI/Dockable_Window_Open.uasset" 325
"../../../Engine/Content/VREditor/Sounds/UI/Dockable_Window_Pick_Up.uasset" 326
"../../../Engine/Content/VREditor/Sounds/UI/Drop_Item_From_ContentBrowser.uasset" 327
"../../../Engine/Content/VREditor/Sounds/UI/Floating_UI_Open-001.uasset" 328
"../../../Engine/Content/VREditor/Sounds/UI/Gizmo_Handle_Clicked.uasset" 329
"../../../Engine/Content/VREditor/Sounds/UI/Object_PickUp.uasset" 330
"../../../Engine/Content/VREditor/Sounds/UI/Object_Snaps_To_Another_Actor.uasset" 331
"../../../Engine/Content/VREditor/Sounds/UI/Object_Snaps_To_Grid.uasset" 332
"../../../Engine/Content/VREditor/Sounds/UI/Radial_Menu_FadeOut.uasset" 333
"../../../Engine/Content/VREditor/Sounds/UI/Scaling_Down.uasset" 334
"../../../Engine/Content/VREditor/Sounds/UI/Scaling_Up.uasset" 335
"../../../Engine/Content/VREditor/Sounds/UI/Selection_Changes.uasset" 336
"../../../Engine/Content/VREditor/Sounds/UI/Teleport_Mode_Entered.uasset" 337
"../../../Engine/Content/VREditor/Teleport/TeleportDirectionMaterial.uasset" 338
"../../../Engine/Content/VREditor/Teleport/TeleportDirectionMaterial_Inst.uasset" 339
"../../../Engine/Content/VREditor/Teleport/TeleportDirectionMesh.uasset" 340
"../../../Engine/Content/VREditor/TransformGizmo/BoundingBoxCorner.uasset" 341
"../../../Engine/Content/VREditor/TransformGizmo/BoundingBoxEdge.uasset" 342
"../../../Engine/Content/VREditor/TransformGizmo/PlaneTranslationHandle.uasset" 343
"../../../Engine/Content/VREditor/TransformGizmo/RotationHandleFull.uasset" 344
"../../../Engine/Content/VREditor/TransformGizmo/RotationHandleIndicator.uasset" 345
"../../../Engine/Content/VREditor/TransformGizmo/RotationHandleQuarter.uasset" 346
"../../../Engine/Content/VREditor/TransformGizmo/Main.uasset" 347
"../../../Engine/Content/VREditor/TransformGizmo/Xray.uasset" 348
"../../../Engine/Content/VREditor/TransformGizmo/SM_Dialog_Close.uasset" 349
"../../../Engine/Content/VREditor/TransformGizmo/SM_Dialog_Move.uasset" 350
"../../../Engine/Content/VREditor/TransformGizmo/SM_Sequencer_Key.uasset" 351
"../../../Engine/Content/VREditor/TransformGizmo/StartRotationHandleIndicator.uasset" 352
"../../../Engine/Content/VREditor/TransformGizmo/TranslucentTransformGizmoMaterial_Inst.uasset" 353
"../../../Engine/Content/VREditor/TransformGizmo/TransformGizmoFreeRotation.uasset" 354
"../../../Engine/Content/VREditor/TransformGizmo/TransformGizmoMaterial_Inst.uasset" 355
"../../../Engine/Content/VREditor/TransformGizmo/TranslateArrowHandle.uasset" 356
"../../../Engine/Content/VREditor/TransformGizmo/UniformScaleHandle.uasset" 357
"../../../Engine/Content/VREditor/UI/KeyDiskMaterial.uasset" 358
"../../../Engine/Content/VREditor/UI/DiscMaterial.uasset" 359
"../../../Engine/Content/VREditor/UI/SM_Radial_Disk.uasset" 360
"../../../Engine/Content/VREditor/WorldMovementGrid/SimpleGrid.uasset" 361
"../../../Engine/Content/VREditor/WorldMovementGrid/GridMaterial.uasset" 362
"../../../Engine/Content/Functions/Engine_MaterialFunctions01/Density/ExponentialDensity.uasset" 363
"../../../Engine/Content/VREditor/WorldMovementGrid/GridPostProcess.uasset" 364
"../../../Engine/Content/EditorLandscapeResources/FlattenHeightMat.uasset" 365
"../../../Engine/Content/VREditor/WorldMovementGrid/PlaneMesh.uasset" 366
"../../../Engine/Plugins/2D/Paper2D/Content/PlaceholderTextures/DummySpriteTexture.uasset" 367
"../../../Engine/Plugins/2D/Paper2D/Content/DummySprite.uasset" 368
"../../../Engine/Plugins/2D/Paper2D/Content/DefaultPaperTerrainMaterial.uasset" 369
"../../../Engine/Plugins/2D/Paper2D/Content/DefaultSpriteMaterial.uasset" 370
"../../../Engine/Plugins/2D/Paper2D/Content/MaskedUnlitSpriteMaterial.uasset" 371
"../../../Engine/Plugins/2D/Paper2D/Content/OpaqueUnlitSpriteMaterial.uasset" 372
"../../../Engine/Plugins/Runtime/Oculus/OculusVR/Content/Textures/GearVRController_AO.uasset" 373
"../../../Engine/Plugins/Runtime/Oculus/OculusVR/Content/Textures/GearVRController_Color.uasset" 374
"../../../Engine/Plugins/Runtime/Oculus/OculusVR/Content/Textures/GearVRController_Normal.uasset" 375
"../../../Engine/Plugins/Runtime/Oculus/OculusVR/Content/Materials/GearVRControllerMaterial.uasset" 376
"../../../Engine/Plugins/Runtime/Oculus/OculusVR/Content/Meshes/GearVrController.uasset" 377
"../../../BluePrint_Tutorial/Content/My_Models/Icons/UnrealTutorialIMage.uasset" 378
"../../../BluePrint_Tutorial/Content/My_BPs/GUI/SplashScreen.uasset" 379
"../../../BluePrint_Tutorial/Content/SplashScreen.umap" 380
"../../../BluePrint_Tutorial/Content/ExampleContent/AnimationDemo/Meshes/Owen_Skeleton.uasset" 381
"../../../BluePrint_Tutorial/Content/My_Particles/AnimTrails/M_AnimTrails.uasset" 382
"../../../BluePrint_Tutorial/Content/My_Particles/AnimTrails/P_AnimTrails.uasset" 383
"../../../BluePrint_Tutorial/Content/My_Particles/AnimTrails/JumpingJacks.uasset" 384
"../../../BluePrint_Tutorial/Content/StarterContent/Textures/T_MacroVariation.uasset" 385
"../../../BluePrint_Tutorial/Content/StarterContent/Materials/M_Metal_Chrome.uasset" 386
"../../../BluePrint_Tutorial/Content/Geometry/Meshes/1M_Cube_Chamfer.uasset" 387
"../../../BluePrint_Tutorial/Content/My_BPs/ConveyerBelt/MyConveyer_Volume_BP.uasset" 388
"../../../BluePrint_Tutorial/Content/My_BPs/Audio/344360__amholma__door-open-close___1.uasset" 389
"../../../BluePrint_Tutorial/Content/My_BPs/Audio/Door_Open.uasset" 390
"../../../BluePrint_Tutorial/Content/My_Models/Door_StaticMesh.uasset" 391
"../../../BluePrint_Tutorial/Content/My_BPs/Door_BP.uasset" 392
"../../../BluePrint_Tutorial/Content/StarterContent/Textures/T_Statue_M.uasset" 393
"../../../BluePrint_Tutorial/Content/StarterContent/Textures/T_Statue_N.uasset" 394
"../../../BluePrint_Tutorial/Content/StarterContent/Props/Materials/M_StatueGlass.uasset" 395
"../../../BluePrint_Tutorial/Content/DemoRoom/Materials/M_DemoWall_Inst_NamePlate.uasset" 396
"../../../BluePrint_Tutorial/Content/DemoRoom/Materials/M_DemoWall_Inst_BaseFloor_Inst.uasset" 397
"../../../BluePrint_Tutorial/Content/DemoRoom/Meshes/SM_DemoRoomBox.uasset" 398
"../../../BluePrint_Tutorial/Content/My_BPs/Audio/263621__jamesabdulrahman__permission-to-panic.uasset" 399
"../../../BluePrint_Tutorial/Content/StarterContent/Textures/T_Frame_M.uasset" 400
"../../../BluePrint_Tutorial/Content/StarterContent/Textures/T_Frame_N.uasset" 401
"../../../BluePrint_Tutorial/Content/StarterContent/Props/Materials/M_Frame.uasset" 402
"../../../BluePrint_Tutorial/Content/StarterContent/Props/SM_CornerFrame.uasset" 403
"../../../BluePrint_Tutorial/Content/StarterContent/Shapes/Shape_NarrowCapsule.uasset" 404
"../../../BluePrint_Tutorial/Content/My_BPs/LightBPs/Flashy_BP.uasset" 405
"../../../BluePrint_Tutorial/Content/StarterContent/Textures/T_Metal_Gold_D.uasset" 406
"../../../BluePrint_Tutorial/Content/StarterContent/Textures/T_Metal_Gold_N.uasset" 407
"../../../BluePrint_Tutorial/Content/StarterContent/Materials/M_Metal_Gold.uasset" 408
"../../../Engine/Content/BasicShapes/Cube.uasset" 409
"../../../BluePrint_Tutorial/Content/My_BPs/ConveyerBelt/Gold_Box_BP.uasset" 410
"../../../BluePrint_Tutorial/Content/My_BPs/ConveyerBelt/boxSpawner_forBelt_BP.uasset" 411
"../../../Engine/Content/EngineSky/C_Sky_Cloud_Color.uasset" 412
"../../../Engine/Content/EngineSky/C_Sky_Horizon_Color.uasset" 413
"../../../Engine/Content/EngineSky/C_Sky_Zenith_Color.uasset" 414
"../../../Engine/Content/EngineSky/T_Sky_Blue.uasset" 415
"../../../Engine/Content/EngineSky/T_Sky_Clouds_M.uasset" 416
"../../../Engine/Content/EngineSky/T_Sky_Stars.uasset" 417
"../../../Engine/Content/EngineSky/M_Sky_Panning_Clouds2.uasset" 418
"../../../Engine/Content/EngineSky/SM_SkySphere.uasset" 419
"../../../Engine/Content/EngineSky/BP_Sky_Sphere.uasset" 420
"../../../BluePrint_Tutorial/Content/StarterContent/Textures/T_Bush_D.uasset" 421
"../../../BluePrint_Tutorial/Content/StarterContent/Textures/T_Bush_N.uasset" 422
"../../../BluePrint_Tutorial/Content/StarterContent/Props/Materials/M_Bush.uasset" 423
"../../../BluePrint_Tutorial/Content/StarterContent/Props/SM_Bush.uasset" 424
"../../../BluePrint_Tutorial/Content/My_BPs/Construction_Script_BPs/BushSpaawner_BP.uasset" 425
"../../../BluePrint_Tutorial/Content/StarterContent/Textures/T_Lamp_M.uasset" 426
"../../../BluePrint_Tutorial/Content/StarterContent/Textures/T_Lamp_N.uasset" 427
"../../../BluePrint_Tutorial/Content/StarterContent/Props/Materials/M_Lamp.uasset" 428
"../../../BluePrint_Tutorial/Content/StarterContent/Props/SM_Lamp_Ceiling.uasset" 429
"../../../BluePrint_Tutorial/Content/My_BPs/Construction_Script_BPs/Lamp_BP.uasset" 430
"../../../BluePrint_Tutorial/Content/StarterContent/Shapes/Shape_Cone.uasset" 431
"../../../BluePrint_Tutorial/Content/My_BPs/Construction_Script_BPs/RandomCones_BP.uasset" 432
"../../../BluePrint_Tutorial/Content/My_BPs/Construction_Script_BPs/Sizer_BP.uasset" 433
"../../../BluePrint_Tutorial/Content/My_BPs/DeathVolume_BP.uasset" 434
"../../../BluePrint_Tutorial/Content/StarterContent/Props/SM_GlassWindow.uasset" 435
"../../../BluePrint_Tutorial/Content/StarterContent/Props/SM_GlassWindow_DM.uasset" 436
"../../../BluePrint_Tutorial/Content/FirstPerson/Audio/159197__justbrando__glass-breaking_1.uasset" 437
"../../../BluePrint_Tutorial/Content/My_BPs/Destructibles/Destructible_Glass_BP.uasset" 438
"../../../BluePrint_Tutorial/Content/StarterContent/Props/Materials/M_Statue.uasset" 439
"../../../BluePrint_Tutorial/Content/StarterContent/Props/SM_Statue.uasset" 440
"../../../BluePrint_Tutorial/Content/StarterContent/Props/SM_Statue_DM.uasset" 441
"../../../BluePrint_Tutorial/Content/StarterContent/Audio/Explosion01.uasset" 442
"../../../BluePrint_Tutorial/Content/My_BPs/Destructibles/IED_Mine_BP.uasset" 443
"../../../BluePrint_Tutorial/Content/My_BPs/GUI/MyGameMode.uasset" 444
"../../../BluePrint_Tutorial/Content/My_BPs/HoverComponent_BP.uasset" 445
"../../../BluePrint_Tutorial/Content/StarterContent/Props/SM_Chair.uasset" 446
"../../../BluePrint_Tutorial/Content/My_BPs/Interfaces/Chair_BP.uasset" 447
"../../../BluePrint_Tutorial/Content/StarterContent/Textures/T_Perlin_Noise_M.uasset" 448
"../../../BluePrint_Tutorial/Content/My_BPs/Materials/LightBeam/MasterLight.uasset" 449
"../../../BluePrint_Tutorial/Content/DemoRoom/Materials/M_Button_Inst.uasset" 450
"../../../BluePrint_Tutorial/Content/DemoRoom/Materials/M_Button_Chrome.uasset" 451
"../../../BluePrint_Tutorial/Content/DemoRoom/Meshes/SM_Button.uasset" 452
"../../../BluePrint_Tutorial/Content/My_Models/testDMI_Mesh.uasset" 453
"../../../BluePrint_Tutorial/Content/My_BPs/Interfaces/Dynamic_Material_Change_BP.uasset" 454
"../../../BluePrint_Tutorial/Content/My_BPs/Interfaces/InteractMe_Light_BP.uasset" 455
"../../../BluePrint_Tutorial/Content/StarterContent/Textures/T_TableRound_M.uasset" 456
"../../../BluePrint_Tutorial/Content/StarterContent/Textures/T_TableRound_N.uasset" 457
"../../../BluePrint_Tutorial/Content/StarterContent/Props/Materials/M_TableRound.uasset" 458
"../../../BluePrint_Tutorial/Content/StarterContent/Props/SM_TableRound.uasset" 459
"../../../BluePrint_Tutorial/Content/My_BPs/JumpPad_BP.uasset" 460
"../../../BluePrint_Tutorial/Content/My_BPs/GUI/PickUpText_WBP.uasset" 461
"../../../BluePrint_Tutorial/Content/My_Models/Icons/apple-icon.uasset" 462
"../../../BluePrint_Tutorial/Content/My_Models/Textures/apple-NM.uasset" 463
"../../../BluePrint_Tutorial/Content/My_Models/Textures/apple-spec.uasset" 464
"../../../BluePrint_Tutorial/Content/My_Models/Textures/apple_basecolor.uasset" 465
"../../../BluePrint_Tutorial/Content/My_Models/Materials/M_Apple.uasset" 466
"../../../BluePrint_Tutorial/Content/My_Models/Models/apple.uasset" 467
"../../../BluePrint_Tutorial/Content/My_BPs/Pick_UPs/Apple_PickUp.uasset" 468
"../../../BluePrint_Tutorial/Content/My_Models/Icons/Banana-icon.uasset" 469
"../../../BluePrint_Tutorial/Content/My_Models/Materials/M_Banana.uasset" 470
"../../../BluePrint_Tutorial/Content/My_Models/Models/banana.uasset" 471
"../../../BluePrint_Tutorial/Content/My_BPs/Pick_UPs/Banana_PickUp.uasset" 472
"../../../BluePrint_Tutorial/Content/My_Models/Icons/orange-icon.uasset" 473
"../../../BluePrint_Tutorial/Content/My_Models/Textures/Color.uasset" 474
"../../../BluePrint_Tutorial/Content/My_Models/Textures/Orange_Normal.uasset" 475
"../../../BluePrint_Tutorial/Content/My_Models/Materials/M_OrangeFruit.uasset" 476
"../../../BluePrint_Tutorial/Content/My_Models/Materials/M_OrangeFruitStub.uasset" 477
"../../../BluePrint_Tutorial/Content/My_Models/Models/Orange.uasset" 478
"../../../BluePrint_Tutorial/Content/My_BPs/Pick_UPs/Orange_PickUp.uasset" 479
"../../../BluePrint_Tutorial/Content/StarterContent/Textures/T_Concrete_Tiles_D.uasset" 480
"../../../BluePrint_Tutorial/Content/StarterContent/Textures/T_Concrete_Tiles_M.uasset" 481
"../../../BluePrint_Tutorial/Content/StarterContent/Textures/T_Concrete_Tiles_N.uasset" 482
"../../../BluePrint_Tutorial/Content/StarterContent/Textures/T_Concrete_Tiles_Variation_M.uasset" 483
"../../../BluePrint_Tutorial/Content/StarterContent/Materials/M_Concrete_Tiles.uasset" 484
"../../../BluePrint_Tutorial/Content/My_BPs/Spawning_BP/box_for_Spawner_BP.uasset" 485
"../../../Engine/Content/Tutorial/Paper2D/TutorialAssets/TutorialSprite.uasset" 486
"../../../BluePrint_Tutorial/Content/DemoRoom/Materials/M_DemoWall_Inst2.uasset" 487
"../../../BluePrint_Tutorial/Content/DemoRoom/Materials/M_LightSculpture.uasset" 488
"../../../BluePrint_Tutorial/Content/DemoRoom/Meshes/SM_LightSculpture.uasset" 489
"../../../BluePrint_Tutorial/Content/My_BPs/Spawning_BP/Spawn_Actors_BP.uasset" 490
"../../../BluePrint_Tutorial/Content/StarterContent/Blueprints/Blueprint_CeilingLight.uasset" 491
"../../../BluePrint_Tutorial/Content/StarterContent/Props/SM_Lamp_Wall.uasset" 492
"../../../BluePrint_Tutorial/Content/StarterContent/Blueprints/Blueprint_WallSconce.uasset" 493
"../../../BluePrint_Tutorial/Content/Tutorial_Level1_BuiltData.uasset" 494
"../../../BluePrint_Tutorial/Content/StarterContent/Textures/T_Brick_Clay_New_D.uasset" 495
"../../../BluePrint_Tutorial/Content/StarterContent/Textures/T_Brick_Clay_New_M.uasset" 496
"../../../BluePrint_Tutorial/Content/StarterContent/Textures/T_Brick_Clay_New_N.uasset" 497
"../../../BluePrint_Tutorial/Content/StarterContent/Materials/M_Brick_Clay_New.uasset" 498
"../../../BluePrint_Tutorial/Content/StarterContent/Textures/T_Brick_Clay_Old_D.uasset" 499
"../../../BluePrint_Tutorial/Content/StarterContent/Textures/T_Brick_Clay_Old_N.uasset" 500
"../../../BluePrint_Tutorial/Content/StarterContent/Materials/M_Brick_Clay_Old.uasset" 501
"../../../BluePrint_Tutorial/Content/StarterContent/Textures/T_Ground_Grass_D.uasset" 502
"../../../BluePrint_Tutorial/Content/StarterContent/Textures/T_Ground_Grass_N.uasset" 503
"../../../BluePrint_Tutorial/Content/StarterContent/Materials/M_Ground_Grass.uasset" 504
"../../../BluePrint_Tutorial/Content/StarterContent/Textures/T_Rock_Basalt_N.uasset" 505
"../../../BluePrint_Tutorial/Content/StarterContent/Materials/M_Rock_Basalt.uasset" 506
"../../../BluePrint_Tutorial/Content/StarterContent/Textures/T_Rock_Marble_Polished_D.uasset" 507
"../../../BluePrint_Tutorial/Content/StarterContent/Materials/M_Rock_Marble_Polished.uasset" 508
"../../../Engine/Content/Functions/Engine_MaterialFunctions01/Opacity/AlphaOffset.uasset" 509
"../../../BluePrint_Tutorial/Content/StarterContent/Textures/T_Wood_Floor_Walnut_D.uasset" 510
"../../../BluePrint_Tutorial/Content/StarterContent/Textures/T_Wood_Floor_Walnut_M.uasset" 511
"../../../BluePrint_Tutorial/Content/StarterContent/Textures/T_Wood_Floor_Walnut_N.uasset" 512
"../../../BluePrint_Tutorial/Content/StarterContent/Materials/M_Wood_Floor_Walnut_Worn.uasset" 513
"../../../BluePrint_Tutorial/Content/DemoRoom/Materials/M_LightSculpture_Red.uasset" 514
"../../../BluePrint_Tutorial/Content/DemoRoom/Materials/M_LightSculpture_Green.uasset" 515
"../../../Engine/Content/BasicShapes/Cone.uasset" 516
"../../../BluePrint_Tutorial/Content/Assets/Textures/T_FloorMarble_D.uasset" 517
"../../../BluePrint_Tutorial/Content/Assets/Textures/T_Railing_M.uasset" 518
"../../../BluePrint_Tutorial/Content/Assets/Textures/T_Railing_N.uasset" 519
"../../../BluePrint_Tutorial/Content/Assets/Materials/M_Railing.uasset" 520
"../../../BluePrint_Tutorial/Content/Assets/Materials/M_Railing_Inst.uasset" 521
"../../../BluePrint_Tutorial/Content/Assets/Meshes/SM_Railing.uasset" 522
"../../../BluePrint_Tutorial/Content/Assets/Textures/T_Crackle.uasset" 523
"../../../BluePrint_Tutorial/Content/Assets/Textures/T_Crackle_N.uasset" 524
"../../../BluePrint_Tutorial/Content/Assets/Textures/T_Statue_M.uasset" 525
"../../../BluePrint_Tutorial/Content/Assets/Textures/T_Statue_N.uasset" 526
"../../../BluePrint_Tutorial/Content/Assets/Materials/M_Statue.uasset" 527
"../../../BluePrint_Tutorial/Content/Assets/Materials/M_Statue_Inst.uasset" 528
"../../../BluePrint_Tutorial/Content/Assets/Meshes/SM_Statue.uasset" 529
"../../../BluePrint_Tutorial/Content/ExampleContent/AnimationDemo/Surface_Owen/Textures/T_Mask_Eye_Coat.uasset" 530
"../../../BluePrint_Tutorial/Content/ExampleContent/AnimationDemo/Surface_Owen/Materials/M_Owen_Eyes.uasset" 531
"../../../Engine/Content/Functions/Engine_MaterialFunctions01/Texturing/FlattenNormal.uasset" 532
"../../../Engine/Content/Functions/MaterialLayerFunctions/MatLayerBlend_BakedNormal.uasset" 533
"../../../Engine/Content/Functions/MaterialLayerFunctions/MatLayerBlend_Standard.uasset" 534
"../../../BluePrint_Tutorial/Content/ExampleContent/AnimationDemo/Surface_Owen/Textures/T_Fabric_Weave.uasset" 535
"../../../BluePrint_Tutorial/Content/ExampleContent/AnimationDemo/Surface_Owen/Textures/T_Fabric_Weave_N.uasset" 536
"../../../BluePrint_Tutorial/Content/ExampleContent/AnimationDemo/Surface_Owen/MaterialLayers/ML_Fabric.uasset" 537
"../../../BluePrint_Tutorial/Content/ExampleContent/AnimationDemo/Surface_Owen/Textures/T_Leather.uasset" 538
"../../../BluePrint_Tutorial/Content/ExampleContent/AnimationDemo/Surface_Owen/Textures/T_Leather_N.uasset" 539
"../../../BluePrint_Tutorial/Content/ExampleContent/AnimationDemo/Surface_Owen/MaterialLayers/ML_Leather.uasset" 540
"../../../BluePrint_Tutorial/Content/ExampleContent/AnimationDemo/Surface_Owen/Textures/T_Metal_Metal01_D.uasset" 541
"../../../BluePrint_Tutorial/Content/ExampleContent/AnimationDemo/Surface_Owen/Textures/T_Metal_Metal01_N.uasset" 542
"../../../BluePrint_Tutorial/Content/ExampleContent/AnimationDemo/Surface_Owen/MaterialLayers/ML_Metal_B.uasset" 543
"../../../BluePrint_Tutorial/Content/ExampleContent/AnimationDemo/Surface_Owen/Textures/T_Metal01.uasset" 544
"../../../BluePrint_Tutorial/Content/ExampleContent/AnimationDemo/Surface_Owen/MaterialLayers/ML_Plastic.uasset" 545
"../../../BluePrint_Tutorial/Content/ExampleContent/AnimationDemo/Surface_Owen/Textures/T_Coat_N.uasset" 546
"../../../BluePrint_Tutorial/Content/ExampleContent/AnimationDemo/Surface_Owen/Textures/T_Mask_AO_01.uasset" 547
"../../../BluePrint_Tutorial/Content/ExampleContent/AnimationDemo/Surface_Owen/Textures/T_Mask_Pants.uasset" 548
"../../../BluePrint_Tutorial/Content/ExampleContent/AnimationDemo/Surface_Owen/Textures/T_Mask_Shirt_Hands.uasset" 549
"../../../BluePrint_Tutorial/Content/ExampleContent/AnimationDemo/Surface_Owen/Materials/M_Owen_Master.uasset" 550
"../../../BluePrint_Tutorial/Content/ExampleContent/AnimationDemo/Surface_Owen/Textures/T_Pants_N.uasset" 551
"../../../BluePrint_Tutorial/Content/ExampleContent/AnimationDemo/Surface_Owen/Materials/M_Owen_Pants_Inst.uasset" 552
"../../../BluePrint_Tutorial/Content/ExampleContent/AnimationDemo/Surface_Owen/Materials/MI_Owen_Coat_Inst.uasset" 553
"../../../BluePrint_Tutorial/Content/ExampleContent/AnimationDemo/Surface_Owen/Textures/T_Head_N.uasset" 554
"../../../BluePrint_Tutorial/Content/ExampleContent/AnimationDemo/Surface_Owen/Textures/T_Mask_AO_02.uasset" 555
"../../../BluePrint_Tutorial/Content/ExampleContent/AnimationDemo/Surface_Owen/Materials/MI_Owen_Head_Inst.uasset" 556
"../../../BluePrint_Tutorial/Content/ExampleContent/AnimationDemo/Surface_Owen/Textures/T_Hand_N.uasset" 557
"../../../BluePrint_Tutorial/Content/ExampleContent/AnimationDemo/Surface_Owen/Textures/T_Mask_AO_03.uasset" 558
"../../../BluePrint_Tutorial/Content/ExampleContent/AnimationDemo/Surface_Owen/Materials/MI_Owen_Head_Hands_Inst.uasset" 559
"../../../BluePrint_Tutorial/Content/ExampleContent/AnimationDemo/Surface_Owen/Textures/T_Shirt_N.uasset" 560
"../../../BluePrint_Tutorial/Content/ExampleContent/AnimationDemo/Surface_Owen/Materials/MI_Owen_Shirt_Inst.uasset" 561
"../../../BluePrint_Tutorial/Content/ExampleContent/AnimationDemo/Surface_Owen/Textures/T_Shoes_N.uasset" 562
"../../../BluePrint_Tutorial/Content/ExampleContent/AnimationDemo/Surface_Owen/Materials/MI_Owen_Shoes_Inst.uasset" 563
"../../../BluePrint_Tutorial/Content/ExampleContent/AnimationDemo/Meshes/Owen_Physics.uasset" 564
"../../../BluePrint_Tutorial/Content/ExampleContent/AnimationDemo/Meshes/Owen.uasset" 565
"../../../BluePrint_Tutorial/Content/My_BPs/Audio/08_Time_In_a_Bottle_Cue.uasset" 566
"../../../BluePrint_Tutorial/Content/My_BPs/Audio/Glass_Door_Close.uasset" 567
"../../../BluePrint_Tutorial/Content/My_BPs/Audio/Glass_Door_Open.uasset" 568
"../../../BluePrint_Tutorial/Content/My_BPs/Audio/Light_Switch.uasset" 569
"../../../BluePrint_Tutorial/Content/My_Particles/Beam_Emitter/M_BeamEmitter.uasset" 570
"../../../BluePrint_Tutorial/Content/My_Particles/Beam_Emitter/P_BeamEmit.uasset" 571
"../../../Engine/Content/Functions/Engine_MaterialFunctions01/Gradient/RadialGradientExponential.uasset" 572
"../../../BluePrint_Tutorial/Content/My_Particles/Sparks/M_Sparks.uasset" 573
"../../../BluePrint_Tutorial/Content/ExampleContent/Effects/VectorFields/vel_219.uasset" 574
"../../../BluePrint_Tutorial/Content/My_Particles/GPU_Emitter/P_GreenSnake.uasset" 575
"../../../BluePrint_Tutorial/Content/ExampleContent/Input_Examples/Textures/T_Toy_Cow_M.uasset" 576
"../../../BluePrint_Tutorial/Content/ExampleContent/Input_Examples/Textures/T_Toy_Cow_N.uasset" 577
"../../../BluePrint_Tutorial/Content/ExampleContent/Input_Examples/Materials/M_Toy_Cow.uasset" 578
"../../../BluePrint_Tutorial/Content/ExampleContent/Input_Examples/Meshes/SM_Toy_Cow.uasset" 579
"../../../BluePrint_Tutorial/Content/My_Particles/MeshEmitter/P_Cow_Spawner.uasset" 580
"../../../BluePrint_Tutorial/Content/My_Particles/RibbonEmitter/M_Ribbon_Emitter_Head.uasset" 581
"../../../BluePrint_Tutorial/Content/My_Particles/RibbonEmitter/M_RibbonEmitter_tail.uasset" 582
"../../../BluePrint_Tutorial/Content/My_Particles/RibbonEmitter/P_Ribbon_Emit.uasset" 583
"../../../BluePrint_Tutorial/Content/My_Particles/Sparks/P_Sparks.uasset" 584
"../../../BluePrint_Tutorial/Content/StarterContent/Architecture/Pillar_50x500.uasset" 585
"../../../BluePrint_Tutorial/Content/StarterContent/Props/SM_DoorFrame.uasset" 586
"../../../BluePrint_Tutorial/Content/StarterContent/Props/SM_PillarFrame.uasset" 587
"../../../BluePrint_Tutorial/Content/StarterContent/Props/SM_PillarFrame300.uasset" 588
"../../../BluePrint_Tutorial/Content/StarterContent/Props/SM_WindowFrame.uasset" 589
"../../../BluePrint_Tutorial/Content/Tutorial_Level1.umap" 590
"../../../BluePrint_Tutorial/Content/NewBlueprints/DoorBP.uasset" 591
"../../../BluePrint_Tutorial/Content/StarterContent/Textures/T_Wood_Walnut_D.uasset" 592
"../../../BluePrint_Tutorial/Content/StarterContent/Textures/T_Wood_Walnut_N.uasset" 593
"../../../BluePrint_Tutorial/Content/StarterContent/Materials/M_Wood_Walnut.uasset" 594
"../../../Engine/Content/MapTemplates/SM_Template_Map_Floor.uasset" 595
"../../../BluePrint_Tutorial/Content/Untitled.umap" 596
"../../../Engine/Content/Functions/Engine_MaterialFunctions03/Procedurals/ComputeFilterWidth.uasset" 597
"../../../Engine/Content/EngineMaterials/AntiAliasedTextMaterialTranslucent.uasset" 598
"../../../BluePrint_Tutorial/Content/FirstPerson/Meshes/CubeMaterialOverride.uasset" 599
"../../../BluePrint_Tutorial/Content/Geometry/Meshes/1M_Cube.uasset" 600
"../../../BluePrint_Tutorial/Content/FirstPersonBP/Maps/FirstPersonExampleMap.umap" 601
"../../../BluePrint_Tutorial/Content/StarterContent/Blueprints/Assets/FogBrightnessLUT.uasset" 602
"../../../BluePrint_Tutorial/Content/StarterContent/Blueprints/Assets/SunlightColorLUT.uasset" 603
"../../../BluePrint_Tutorial/Content/StarterContent/Blueprints/Assets/M_LightStage_Arrows.uasset" 604
"../../../Engine/Content/MapTemplates/Sky/DaylightAmbientCubemap.uasset" 605
"../../../BluePrint_Tutorial/Content/StarterContent/Blueprints/Assets/M_LightStage_Skybox_Master.uasset" 606
"../../../BluePrint_Tutorial/Content/StarterContent/Blueprints/Assets/M_LightStage_Skybox_Black.uasset" 607
"../../../BluePrint_Tutorial/Content/StarterContent/Blueprints/Assets/M_LightStage_Skybox_HDRI.uasset" 608
"../../../Engine/Content/EditorMaterials/Thumbnails/SkySphereMaterial.uasset" 609
"../../../BluePrint_Tutorial/Content/StarterContent/Blueprints/Assets/Skybox.uasset" 610
"../../../BluePrint_Tutorial/Content/StarterContent/Blueprints/Assets/SM_Arrows.uasset" 611
"../../../BluePrint_Tutorial/Content/StarterContent/HDRI/HDRI_Epic_Courtyard_Daylight.uasset" 612
"../../../BluePrint_Tutorial/Content/StarterContent/Blueprints/BP_LightStudio.uasset" 613
"../../../BluePrint_Tutorial/Content/StarterContent/Materials/M_AssetPlatform.uasset" 614
"../../../Engine/Content/EditorMeshes/ColorCalibrator/M_ChromeBall.uasset" 615
"../../../Engine/Content/EditorMeshes/ColorCalibrator/M_ClearCoat.uasset" 616
"../../../Engine/Content/EditorMeshes/ColorCalibrator/M_ClearCoatBlack.uasset" 617
"../../../Engine/Content/EditorMeshes/ColorCalibrator/M_ColorGrid.uasset" 618
"../../../Engine/Content/EditorMeshes/ColorCalibrator/M_GreyBall.uasset" 619
"../../../Engine/Content/EditorMeshes/ColorCalibrator/SM_ColorCalibrator.uasset" 620
"../../../BluePrint_Tutorial/Content/StarterContent/Architecture/SM_AssetPlatform.uasset" 621
"../../../BluePrint_Tutorial/Content/StarterContent/Maps/Advanced_Lighting.umap" 622
"../../../BluePrint_Tutorial/Content/StarterContent/Materials/M_Metal_Brushed_Nickel.uasset" 623
"../../../BluePrint_Tutorial/Content/StarterContent/Textures/T_Metal_Aluminum_D.uasset" 624
"../../../BluePrint_Tutorial/Content/StarterContent/Materials/M_Metal_Burnished_Steel.uasset" 625
"../../../BluePrint_Tutorial/Content/StarterContent/Textures/T_Metal_Copper_D.uasset" 626
"../../../BluePrint_Tutorial/Content/StarterContent/Materials/M_Metal_Copper.uasset" 627
"../../../BluePrint_Tutorial/Content/StarterContent/Architecture/Floor_400x400.uasset" 628
"../../../BluePrint_Tutorial/Content/StarterContent/Audio/Starter_Background_Cue.uasset" 629
"../../../BluePrint_Tutorial/Content/StarterContent/Maps/Minimal_Default.umap" 630
"../../../BluePrint_Tutorial/Content/StarterContent/Audio/Fire01_Cue.uasset" 631
"../../../BluePrint_Tutorial/Content/StarterContent/Textures/T_Fire_SubUV.uasset" 632
"../../../BluePrint_Tutorial/Content/StarterContent/Textures/T_Fire_Tiled_D.uasset" 633
"../../../BluePrint_Tutorial/Content/StarterContent/Particles/Materials/M_Fire_SubUV.uasset" 634
"../../../BluePrint_Tutorial/Content/StarterContent/Textures/T_Water_N.uasset" 635
"../../../BluePrint_Tutorial/Content/StarterContent/Particles/Materials/M_Heat_Distortion.uasset" 636
"../../../BluePrint_Tutorial/Content/StarterContent/Particles/Materials/M_Radial_Gradient.uasset" 637
"../../../BluePrint_Tutorial/Content/StarterContent/Particles/P_Fire.uasset" 638
"../../../BluePrint_Tutorial/Content/StarterContent/Blueprints/Blueprint_Effect_Fire.uasset" 639
"../../../BluePrint_Tutorial/Content/StarterContent/Audio/Smoke01_Cue.uasset" 640
"../../../BluePrint_Tutorial/Content/StarterContent/Particles/P_Smoke.uasset" 641
"../../../BluePrint_Tutorial/Content/StarterContent/Blueprints/Blueprint_Effect_Smoke.uasset" 642
"../../../BluePrint_Tutorial/Content/StarterContent/Audio/Fire_Sparks01_Cue.uasset" 643
"../../../BluePrint_Tutorial/Content/StarterContent/Textures/T_Spark_Core.uasset" 644
"../../../BluePrint_Tutorial/Content/StarterContent/Particles/Materials/M_Spark.uasset" 645
"../../../BluePrint_Tutorial/Content/StarterContent/Particles/P_Sparks.uasset" 646
"../../../BluePrint_Tutorial/Content/StarterContent/Blueprints/Blueprint_Effect_Sparks.uasset" 647
"../../../BluePrint_Tutorial/Content/StarterContent/Audio/Steam01_Cue.uasset" 648
"../../../BluePrint_Tutorial/Content/StarterContent/Particles/P_Steam_Lit.uasset" 649
"../../../BluePrint_Tutorial/Content/StarterContent/Blueprints/Blueprint_Effect_Steam.uasset" 650
"../../../BluePrint_Tutorial/Content/StarterContent/Textures/T_Brick_Clay_Beveled_D.uasset" 651
"../../../BluePrint_Tutorial/Content/StarterContent/Textures/T_Brick_Clay_Beveled_M.uasset" 652
"../../../BluePrint_Tutorial/Content/StarterContent/Textures/T_Brick_Clay_Beveled_N.uasset" 653
"../../../BluePrint_Tutorial/Content/StarterContent/Materials/M_Brick_Clay_Beveled.uasset" 654
"../../../BluePrint_Tutorial/Content/StarterContent/Textures/T_Brick_Cut_Stone_D.uasset" 655
"../../../BluePrint_Tutorial/Content/StarterContent/Textures/T_Brick_Cut_Stone_N.uasset" 656
"../../../BluePrint_Tutorial/Content/StarterContent/Materials/M_Brick_Cut_Stone.uasset" 657
"../../../BluePrint_Tutorial/Content/StarterContent/Textures/T_Brick_Hewn_Stone_D.uasset" 658
"../../../BluePrint_Tutorial/Content/StarterContent/Textures/T_Brick_Hewn_Stone_M.uasset" 659
"../../../BluePrint_Tutorial/Content/StarterContent/Textures/T_Brick_Hewn_Stone_N.uasset" 660
"../../../BluePrint_Tutorial/Content/StarterContent/Materials/M_Brick_Hewn_Stone.uasset" 661
"../../../BluePrint_Tutorial/Content/StarterContent/Textures/T_Ceramic_Tile_M.uasset" 662
"../../../BluePrint_Tutorial/Content/StarterContent/Textures/T_Ceramic_Tile_N.uasset" 663
"../../../BluePrint_Tutorial/Content/StarterContent/Materials/M_Ceramic_Tile_Checker.uasset" 664
"../../../BluePrint_Tutorial/Content/StarterContent/Textures/T_CobbleStone_Pebble_D.uasset" 665
"../../../BluePrint_Tutorial/Content/StarterContent/Textures/T_CobbleStone_Pebble_M.uasset" 666
"../../../BluePrint_Tutorial/Content/StarterContent/Textures/T_CobbleStone_Pebble_N.uasset" 667
"../../../BluePrint_Tutorial/Content/StarterContent/Materials/M_CobbleStone_Pebble.uasset" 668
"../../../BluePrint_Tutorial/Content/StarterContent/Textures/T_CobbleStone_Rough_D.uasset" 669
"../../../BluePrint_Tutorial/Content/StarterContent/Textures/T_CobbleStone_Rough_N.uasset" 670
"../../../BluePrint_Tutorial/Content/StarterContent/Textures/T_Gradinet_01.uasset" 671
"../../../BluePrint_Tutorial/Content/StarterContent/Textures/T_Rock_Smooth_Granite_D.uasset" 672
"../../../BluePrint_Tutorial/Content/StarterContent/Materials/M_CobbleStone_Rough.uasset" 673
"../../../BluePrint_Tutorial/Content/StarterContent/Textures/T_CobbleStone_Smooth_D.uasset" 674
"../../../BluePrint_Tutorial/Content/StarterContent/Textures/T_CobbleStone_Smooth_M.uasset" 675
"../../../BluePrint_Tutorial/Content/StarterContent/Textures/T_CobbleStone_Smooth_N.uasset" 676
"../../../BluePrint_Tutorial/Content/StarterContent/Materials/M_CobbleStone_Smooth.uasset" 677
"../../../BluePrint_Tutorial/Content/StarterContent/Textures/T_Concrete_Grime_D.uasset" 678
"../../../BluePrint_Tutorial/Content/StarterContent/Textures/T_Metal_Rust_N.uasset" 679
"../../../BluePrint_Tutorial/Content/StarterContent/Materials/M_Concrete_Grime.uasset" 680
"../../../BluePrint_Tutorial/Content/StarterContent/Textures/T_Concrete_Panels_D.uasset" 681
"../../../BluePrint_Tutorial/Content/StarterContent/Textures/T_Concrete_Panels_N.uasset" 682
"../../../BluePrint_Tutorial/Content/StarterContent/Materials/M_Concrete_Panels.uasset" 683
"../../../BluePrint_Tutorial/Content/StarterContent/Textures/T_Concrete_Poured_D.uasset" 684
"../../../BluePrint_Tutorial/Content/StarterContent/Textures/T_Concrete_Poured_N.uasset" 685
"../../../BluePrint_Tutorial/Content/StarterContent/Materials/M_Concrete_Poured.uasset" 686
"../../../BluePrint_Tutorial/Content/StarterContent/Textures/T_Ground_Gravel_D.uasset" 687
"../../../BluePrint_Tutorial/Content/StarterContent/Textures/T_Ground_Gravel_N.uasset" 688
"../../../BluePrint_Tutorial/Content/StarterContent/Materials/M_Ground_Gravel.uasset" 689
"../../../BluePrint_Tutorial/Content/StarterContent/Textures/T_ground_Moss_D.uasset" 690
"../../../BluePrint_Tutorial/Content/StarterContent/Textures/T_Ground_Moss_N.uasset" 691
"../../../BluePrint_Tutorial/Content/StarterContent/Materials/M_Ground_Moss.uasset" 692
"../../../BluePrint_Tutorial/Content/StarterContent/Textures/T_Metal_Rust_D.uasset" 693
"../../../BluePrint_Tutorial/Content/StarterContent/Materials/M_Metal_Rust.uasset" 694
"../../../BluePrint_Tutorial/Content/StarterContent/Textures/T_Metal_Steel_D.uasset" 695
"../../../BluePrint_Tutorial/Content/StarterContent/Textures/T_Metal_Steel_N.uasset" 696
"../../../BluePrint_Tutorial/Content/StarterContent/Materials/M_Metal_Steel.uasset" 697
"../../../BluePrint_Tutorial/Content/StarterContent/Textures/T_Rock_Sandstone_D.uasset" 698
"../../../BluePrint_Tutorial/Content/StarterContent/Textures/T_Rock_Sandstone_N.uasset" 699
"../../../BluePrint_Tutorial/Content/StarterContent/Materials/M_Rock_Sandstone.uasset" 700
"../../../BluePrint_Tutorial/Content/StarterContent/Textures/T_Rock_Slate_D.uasset" 701
"../../../BluePrint_Tutorial/Content/StarterContent/Textures/T_Rock_Slate_N.uasset" 702
"../../../BluePrint_Tutorial/Content/StarterContent/Materials/M_Rock_Slate.uasset" 703
"../../../BluePrint_Tutorial/Content/StarterContent/Textures/T_Checker_Noise_M.uasset" 704
"../../../BluePrint_Tutorial/Content/StarterContent/Textures/T_Single_Tile_N.uasset" 705
"../../../BluePrint_Tutorial/Content/StarterContent/Textures/T_Tech_Dot_M.uasset" 706
"../../../BluePrint_Tutorial/Content/StarterContent/Textures/T_Tech_Dot_N.uasset" 707
"../../../BluePrint_Tutorial/Content/StarterContent/Materials/M_Tech_Checker_Dot.uasset" 708
"../../../BluePrint_Tutorial/Content/StarterContent/Textures/T_Tech_Hex_Tile_M.uasset" 709
"../../../BluePrint_Tutorial/Content/StarterContent/Textures/T_Tech_Hex_Tile_N.uasset" 710
"../../../BluePrint_Tutorial/Content/StarterContent/Materials/M_Tech_Hex_Tile.uasset" 711
"../../../BluePrint_Tutorial/Content/StarterContent/Materials/M_Tech_Hex_Tile_Pulse.uasset" 712
"../../../BluePrint_Tutorial/Content/StarterContent/Textures/T_Tech_Panel_M.uasset" 713
"../../../BluePrint_Tutorial/Content/StarterContent/Textures/T_Tech_Panel_N.uasset" 714
"../../../BluePrint_Tutorial/Content/StarterContent/Materials/M_Tech_Panel.uasset" 715
"../../../BluePrint_Tutorial/Content/StarterContent/Materials/M_Water_Lake.uasset" 716
"../../../BluePrint_Tutorial/Content/StarterContent/Textures/T_Water_M.uasset" 717
"../../../BluePrint_Tutorial/Content/StarterContent/Materials/M_Water_Ocean.uasset" 718
"../../../BluePrint_Tutorial/Content/StarterContent/Materials/M_Wood_Floor_Walnut_Polished.uasset" 719
"../../../BluePrint_Tutorial/Content/StarterContent/Textures/T_Wood_Oak_D.uasset" 720
"../../../BluePrint_Tutorial/Content/StarterContent/Textures/T_Wood_Oak_N.uasset" 721
"../../../BluePrint_Tutorial/Content/StarterContent/Materials/M_Wood_Oak.uasset" 722
"../../../BluePrint_Tutorial/Content/StarterContent/Textures/T_Wood_Pine_D.uasset" 723
"../../../BluePrint_Tutorial/Content/StarterContent/Textures/T_Wood_Pine_N.uasset" 724
"../../../BluePrint_Tutorial/Content/StarterContent/Materials/M_Wood_Pine.uasset" 725
"../../../BluePrint_Tutorial/Content/StarterContent/Architecture/Wall_400x200.uasset" 726
"../../../BluePrint_Tutorial/Content/StarterContent/Architecture/Wall_Door_400x300.uasset" 727
"../../../BluePrint_Tutorial/Content/StarterContent/Architecture/Wall_Window_400x300.uasset" 728
"../../../BluePrint_Tutorial/Content/StarterContent/Audio/Collapse_Cue.uasset" 729
"../../../BluePrint_Tutorial/Content/StarterContent/Audio/Starter_Music_Cue.uasset" 730
"../../../BluePrint_Tutorial/Content/StarterContent/Textures/T_Dust_Particle_D.uasset" 731
"../../../BluePrint_Tutorial/Content/StarterContent/Particles/Materials/M_Dust_Particle.uasset" 732
"../../../BluePrint_Tutorial/Content/StarterContent/Particles/P_Ambient_Dust.uasset" 733
"../../../BluePrint_Tutorial/Content/StarterContent/Shapes/Shape_Cube.uasset" 734
"../../../BluePrint_Tutorial/Content/StarterContent/Shapes/Shape_QuadPyramid.uasset" 735
"../../../BluePrint_Tutorial/Content/StarterContent/Shapes/Shape_Sphere.uasset" 736
"../../../BluePrint_Tutorial/Content/StarterContent/Maps/StarterMap.umap" 737
"../../../Engine/Content/Maps/Entry.umap" 738
