"../../../Engine/Content/Functions/Engine_MaterialFunctions01/Opacity/CameraDepthFade.uasset" 0
"../../../Engine/Content/EngineMaterials/T_Default_Material_Grid_M.uasset" 1
"../../../Engine/Content/EngineMaterials/T_Default_Material_Grid_N.uasset" 2
"../../../Engine/Content/EngineMaterials/DefaultMaterial.uasset" 3
"../../../Engine/Content/EngineMaterials/DefaultDiffuse.uasset" 4
"../../../Engine/Content/EngineMaterials/DefaultNormal.uasset" 5
"../../../Engine/Content/Maps/Entry.umap" 6
"../../../Engine/Content/EditorBlueprintResources/StandardMacros.uasset" 7
"../../../MirrorMirror2/Content/StarterContent/Textures/T_MacroVariation.uasset" 8
"../../../MirrorMirror2/Content/StarterContent/Textures/T_Metal_Gold_D.uasset" 9
"../../../MirrorMirror2/Content/StarterContent/Textures/T_Metal_Gold_N.uasset" 10
"../../../MirrorMirror2/Content/StarterContent/Materials/M_Metal_Gold.uasset" 11
"../../../MirrorMirror2/Content/Geometry/Meshes/CubeMaterial.uasset" 12
"../../../MirrorMirror2/Content/Geometry/Meshes/1M_Cube_Chamfer.uasset" 13
"../../../MirrorMirror2/Content/MyBPs/ExitSwitch.uasset" 14
"../../../Engine/Content/EngineMaterials/WorldGridMaterial.uasset" 15
"../../../MirrorMirror2/Content/MyBPs/ExplodingBoxes/Box_NRM.uasset" 16
"../../../MirrorMirror2/Content/MyBPs/ExplodingBoxes/Box_Spec.uasset" 17
"../../../MirrorMirror2/Content/MyBPs/ExplodingBoxes/boxUVWTextureColor_Ryan_J_Smith.uasset" 18
"../../../MirrorMirror2/Content/MyBPs/ExplodingBoxes/BoxMaterial.uasset" 19
"../../../MirrorMirror2/Content/MyBPs/ExplodingBoxes/RyanBox.uasset" 20
"../../../MirrorMirror2/Content/MyBPs/ExplodingBoxes/RyanBox_DM.uasset" 21
"../../../MirrorMirror2/Content/StarterContent/Audio/Explosion01.uasset" 22
"../../../MirrorMirror2/Content/StarterContent/Audio/Explosion02.uasset" 23
"../../../MirrorMirror2/Content/StarterContent/Textures/T_Burst_M.uasset" 24
"../../../MirrorMirror2/Content/StarterContent/Particles/Materials/M_Burst.uasset" 25
"../../../MirrorMirror2/Content/StarterContent/Textures/T_Explosion_SubUV.uasset" 26
"../../../MirrorMirror2/Content/StarterContent/Particles/Materials/M_explosion_subUV.uasset" 27
"../../../MirrorMirror2/Content/StarterContent/Particles/Materials/m_flare_01.uasset" 28
"../../../Engine/Content/Functions/Engine_MaterialFunctions01/Gradient/RadialGradient.uasset" 29
"../../../MirrorMirror2/Content/StarterContent/Particles/Materials/M_radial_ramp.uasset" 30
"../../../MirrorMirror2/Content/StarterContent/Textures/T_Smoke_SubUV.uasset" 31
"../../../MirrorMirror2/Content/StarterContent/Textures/T_Smoke_Tiled_D.uasset" 32
"../../../MirrorMirror2/Content/StarterContent/Particles/Materials/M_smoke_subUV.uasset" 33
"../../../MirrorMirror2/Content/StarterContent/Particles/P_Explosion.uasset" 34
"../../../MirrorMirror2/Content/StarterContent/Textures/T_Fire_SubUV.uasset" 35
"../../../MirrorMirror2/Content/StarterContent/Textures/T_Fire_Tiled_D.uasset" 36
"../../../MirrorMirror2/Content/StarterContent/Particles/Materials/M_Fire_SubUV.uasset" 37
"../../../MirrorMirror2/Content/StarterContent/Textures/T_Water_N.uasset" 38
"../../../MirrorMirror2/Content/StarterContent/Particles/Materials/M_Heat_Distortion.uasset" 39
"../../../MirrorMirror2/Content/StarterContent/Particles/Materials/M_Radial_Gradient.uasset" 40
"../../../MirrorMirror2/Content/StarterContent/Particles/P_Fire.uasset" 41
"../../../MirrorMirror2/Content/MyBPs/ExplodingBoxes/RyanFunBox.uasset" 42
"../../../MirrorMirror2/Content/MyBPs/MyHUD/MainGUI.uasset" 43
"../../../MirrorMirror2/Content/MyBPs/MyHUD/MyHUD.uasset" 44
"../../../MirrorMirror2/Content/StarterContent/Audio/277403__landlucky__game-over-sfx-and-voice.uasset" 45
"../../../MirrorMirror2/Content/StarterContent/Audio/GameOver.uasset" 46
"../../../MirrorMirror2/Content/TopDownBP/Blueprints/MMController.uasset" 47
"../../../MirrorMirror2/Content/MyBPs/Materials/Mirror/Mirror_Dif.uasset" 48
"../../../MirrorMirror2/Content/MyBPs/Materials/Mirror/Mirror_Metallic.uasset" 49
"../../../MirrorMirror2/Content/MyBPs/Materials/Mirror/Mirror_Norm.uasset" 50
"../../../MirrorMirror2/Content/MyBPs/Materials/Mirror/Mirror_Roughness.uasset" 51
"../../../MirrorMirror2/Content/MyBPs/Materials/Mirror/MirrorTexture.uasset" 52
"../../../MirrorMirror2/Content/Mannequin/Character/Mesh/SK_Mannequin.uasset" 53
"../../../MirrorMirror2/Content/Mannequin/Character/Mesh/UE4_Mannequin_Skeleton.uasset" 54
"../../../MirrorMirror2/Content/Mannequin/Animations/ThirdPerson_Jump.uasset" 55
"../../../MirrorMirror2/Content/Mannequin/Animations/ThirdPersonJump_Loop.uasset" 56
"../../../MirrorMirror2/Content/Mannequin/Animations/ThirdPersonJump_Start.uasset" 57
"../../../MirrorMirror2/Content/Mannequin/Animations/ThirdPersonIdle.uasset" 58
"../../../MirrorMirror2/Content/Mannequin/Animations/ThirdPersonRun.uasset" 59
"../../../MirrorMirror2/Content/Mannequin/Animations/ThirdPersonWalk.uasset" 60
"../../../MirrorMirror2/Content/Mannequin/Animations/ThirdPerson_IdleRun_2D.uasset" 61
"../../../MirrorMirror2/Content/Mannequin/Animations/ThirdPerson_AnimBP.uasset" 62
"../../../MirrorMirror2/Content/StarterContent/Textures/T_Perlin_Noise_M.uasset" 63
"../../../MirrorMirror2/Content/StarterContent/Textures/T_Wood_Floor_Walnut_D.uasset" 64
"../../../MirrorMirror2/Content/StarterContent/Textures/T_Wood_Floor_Walnut_M.uasset" 65
"../../../MirrorMirror2/Content/StarterContent/Textures/T_Wood_Floor_Walnut_N.uasset" 66
"../../../MirrorMirror2/Content/StarterContent/Materials/M_Wood_Floor_Walnut_Polished.uasset" 67
"../../../MirrorMirror2/Content/TopDownBP/Blueprints/MMCharacter.uasset" 68
"../../../MirrorMirror2/Content/TopDownBP/Blueprints/TopDownCharacter.uasset" 69
"../../../MirrorMirror2/Content/TopDownBP/Blueprints/MyGameMode.uasset" 70
"../../../MirrorMirror2/Content/StarterContent/Textures/T_Concrete_Panels_D.uasset" 71
"../../../MirrorMirror2/Content/StarterContent/Textures/T_Concrete_Panels_N.uasset" 72
"../../../MirrorMirror2/Content/StarterContent/Materials/M_Concrete_Panels.uasset" 73
"../../../MirrorMirror2/Content/StarterContent/Textures/T_Rock_Basalt_D.uasset" 74
"../../../MirrorMirror2/Content/MyBPs/Materials/LightBeam/MasterLight.uasset" 75
"../../../MirrorMirror2/Content/MyBPs/Materials/LightBeam/LightBeamInstance.uasset" 76
"../../../Engine/Content/BasicShapes/Cylinder.uasset" 77
"../../../MirrorMirror2/Content/MyBPs/heavy_stone_slab_scrape_or_drag_co_1.uasset" 78
"../../../MirrorMirror2/Content/MyBPs/Materials/Mirror/MirrorMirror_Mirror3.uasset" 79
"../../../MirrorMirror2/Content/StarterContent/Materials/M_Basic_Wall.uasset" 80
"../../../MirrorMirror2/Content/StarterContent/Shapes/Shape_Cylinder.uasset" 81
"../../../MirrorMirror2/Content/MyBPs/MirrorBP.uasset" 82
"../../../MirrorMirror2/Content/MyBPs/Piercing_Light_Blueprint.uasset" 83
"../../../MirrorMirror2/Content/MyBPs/Barrel/Maps/Barrel_Diffuse.uasset" 84
"../../../MirrorMirror2/Content/MyBPs/Barrel/Maps/Barrel_Spec.uasset" 85
"../../../MirrorMirror2/Content/MyBPs/Barrel/Maps/BarrelHeight_NRM.uasset" 86
"../../../MirrorMirror2/Content/MyBPs/Barrel/Maps/Barrel_Mat.uasset" 87
"../../../MirrorMirror2/Content/MyBPs/Barrel/Maps/Barrel_Mesh.uasset" 88
"../../../MirrorMirror2/Content/MyBPs/Barrel/BarrelBP.uasset" 89
"../../../MirrorMirror2/Content/MyBPs/HoverComponent.uasset" 90
"../../../MirrorMirror2/Content/MyBPs/LaunchPad.uasset" 91
"../../../Engine/Content/BasicShapes/Cone.uasset" 92
"../../../MirrorMirror2/Content/MyBPs/Materials/LightBeam/LightBeam.uasset" 93
"../../../MirrorMirror2/Content/MyBPs/Materials/Crystal/Crystal_Base_Color.uasset" 94
"../../../MirrorMirror2/Content/MyBPs/Materials/Crystal/Crystal_Metallic.uasset" 95
"../../../MirrorMirror2/Content/MyBPs/Materials/Crystal/Crystal_Normal_DirectX.uasset" 96
"../../../MirrorMirror2/Content/MyBPs/Materials/Crystal/Crystal_Roughness.uasset" 97
"../../../MirrorMirror2/Content/MyBPs/Materials/Crystal/Crystal.uasset" 98
"../../../MirrorMirror2/Content/StarterContent/Textures/T_Brick_Clay_Old_D.uasset" 99
"../../../MirrorMirror2/Content/StarterContent/Textures/T_Brick_Clay_Old_N.uasset" 100
"../../../MirrorMirror2/Content/StarterContent/Materials/M_Brick_Clay_Old.uasset" 101
"../../../MirrorMirror2/Content/StarterContent/Textures/T_Brick_Cut_Stone_D.uasset" 102
"../../../MirrorMirror2/Content/StarterContent/Textures/T_Brick_Cut_Stone_N.uasset" 103
"../../../MirrorMirror2/Content/StarterContent/Materials/M_Brick_Cut_Stone.uasset" 104
"../../../MirrorMirror2/Content/StarterContent/Textures/T_Concrete_Tiles_D.uasset" 105
"../../../MirrorMirror2/Content/StarterContent/Textures/T_Concrete_Tiles_M.uasset" 106
"../../../MirrorMirror2/Content/StarterContent/Textures/T_Concrete_Tiles_N.uasset" 107
"../../../MirrorMirror2/Content/StarterContent/Textures/T_Concrete_Tiles_Variation_M.uasset" 108
"../../../MirrorMirror2/Content/StarterContent/Materials/M_Concrete_Tiles.uasset" 109
"../../../MirrorMirror2/Content/MyBPs/Materials/LightBeam/MasterLight2.uasset" 110
"../../../MirrorMirror2/Content/MyBPs/Materials/LightBeam/MasterLight2_Instance.uasset" 111
"../../../Engine/Content/BasicShapes/Cube.uasset" 112
"../../../Engine/Content/BasicShapes/Sphere.uasset" 113
"../../../MirrorMirror2/Content/Geometry/Meshes/1M_Cube.uasset" 114
"../../../MirrorMirror2/Content/MyBPs/Materials/LightBlocker/LightBlocker_Dif.uasset" 115
"../../../MirrorMirror2/Content/MyBPs/Materials/LightBlocker/LightBlocker_metallic.uasset" 116
"../../../MirrorMirror2/Content/MyBPs/Materials/LightBlocker/LightbLocker_Norm.uasset" 117
"../../../MirrorMirror2/Content/MyBPs/Materials/LightBlocker/LightBlocker_Roughness.uasset" 118
"../../../MirrorMirror2/Content/MyBPs/Materials/LightBlocker/LightBlock_Mat.uasset" 119
"../../../MirrorMirror2/Content/MyBPs/Materials/LightBlocker/LightBlocker.uasset" 120
"../../../MirrorMirror2/Content/MyBPs/Materials/WallHit/WallHit_Diffuse.uasset" 121
"../../../MirrorMirror2/Content/MyBPs/Materials/WallHit/WallHit_Metallic.uasset" 122
"../../../MirrorMirror2/Content/MyBPs/Materials/WallHit/WallHit_Normal.uasset" 123
"../../../MirrorMirror2/Content/MyBPs/Materials/WallHit/WallHit_Roughness.uasset" 124
"../../../MirrorMirror2/Content/MyBPs/Materials/WallHit/WallHit_Mat.uasset" 125
"../../../MirrorMirror2/Content/MyBPs/Materials/WallHit/HitMark.uasset" 126
"../../../MirrorMirror2/Content/StarterContent/Audio/OOT_Secret.uasset" 127
"../../../MirrorMirror2/Content/StarterContent/Audio/OOT_Secret_Cue.uasset" 128
"../../../MirrorMirror2/Content/TopDownBP/Maps/MirrorRoom1.umap" 129
"../../../Engine/Content/EngineFonts/Roboto.uasset" 130
"../../../Engine/Content/Functions/Engine_MaterialFunctions01/Shading/PowerToRoughness.uasset" 131
"../../../Engine/Content/EngineMaterials/DefaultDeferredDecalMaterial.uasset" 132
"../../../Engine/Content/EngineMaterials/DefaultLightFunctionMaterial.uasset" 133
"../../../Engine/Content/Functions/Engine_MaterialFunctions02/Utility/BreakOutFloat2Components.uasset" 134
"../../../Engine/Content/EngineMaterials/DefaultPostProcessMaterial.uasset" 135
"../../../Engine/Content/EngineResources/DefaultTexture.uasset" 136
"../../../Engine/Content/Functions/Engine_MaterialFunctions02/Texturing/ScreenAlignedUVs.uasset" 137
"../../../Engine/Content/EngineResources/WhiteSquareTexture.uasset" 138
"../../../Engine/Content/EngineMaterials/Widget3DPassThrough.uasset" 139
"../../../Engine/Content/EngineMaterials/Widget3DPassThrough_Translucent.uasset" 140
"../../../Engine/Content/EngineMaterials/Widget3DPassThrough_Translucent_OneSided.uasset" 141
"../../../Engine/Content/EngineMaterials/Widget3DPassThrough_Opaque.uasset" 142
"../../../Engine/Content/EngineMaterials/Widget3DPassThrough_Opaque_OneSided.uasset" 143
"../../../Engine/Content/EngineMaterials/Widget3DPassThrough_Masked.uasset" 144
"../../../Engine/Content/EngineMaterials/Widget3DPassThrough_Masked_OneSided.uasset" 145
"../../../Engine/Content/EditorResources/S_Actor.uasset" 146
"../../../Engine/Content/Maps/Templates/Thumbnails/Default.uasset" 147
"../../../Engine/Content/EditorMaterials/ParticleSystems/PSysThumbnail_NoImage.uasset" 148
"../../../Engine/Content/EditorMaterials/ParticleSystems/PSysThumbnail_OOD.uasset" 149
"../../../Engine/Content/EditorLandscapeResources/DataLayer.uasset" 150
"../../../Engine/Content/EngineDamageTypes/DmgTypeBP_Environmental.uasset" 151
"../../../Engine/Content/EngineMeshes/Sphere.uasset" 152
"../../../Engine/Content/EngineFonts/RobotoDistanceField.uasset" 153
"../../../Engine/Content/EngineMaterials/DefaultTextMaterialOpaque.uasset" 154
"../../../Engine/Content/EditorResources/S_Trigger.uasset" 155
"../../../Engine/Content/EngineResources/GradientTexture0.uasset" 156
"../../../Engine/Content/EngineResources/Black.uasset" 157
"../../../Engine/Content/EditorMaterials/MatineeGroups/MAT_Groups_Float.uasset" 158
"../../../Engine/Content/EditorMaterials/MatineeGroups/MAT_Groups_Director.uasset" 159
"../../../Engine/Content/EditorMaterials/MatineeGroups/MAT_Groups_Event.uasset" 160
"../../../Engine/Content/EditorMaterials/MatineeGroups/MAT_Groups_Anim.uasset" 161
"../../../Engine/Content/EditorMaterials/MatineeGroups/MAT_Groups_Fade.uasset" 162
"../../../Engine/Content/EditorMaterials/MatineeGroups/MAT_Groups_Move.uasset" 163
"../../../Engine/Content/EditorMaterials/MatineeGroups/MAT_Groups_Slomo.uasset" 164
"../../../Engine/Content/EditorMaterials/MatineeGroups/MAT_ColorTrack.uasset" 165
"../../../Engine/Content/EditorMaterials/MAT_Groups_Toggle.uasset" 166
"../../../Engine/Content/EditorMaterials/MatineeGroups/MAT_Groups_AudioMaster.uasset" 167
"../../../Engine/Content/EditorMaterials/MatineeGroups/MAT_Groups_Sound.uasset" 168
"../../../Engine/Content/EditorMaterials/MatineeGroups/MAT_Groups_Vector.uasset" 169
"../../../Engine/Content/EditorMaterials/MAT_Groups_Visibility.uasset" 170
"../../../Engine/Content/EngineResources/DefaultTextureCube.uasset" 171
"../../../Engine/Content/EngineMeshes/Cylinder.uasset" 172
"../../../Engine/Content/EngineTireTypes/DefaultTireType.uasset" 173
"../../../Engine/Content/EngineResources/AICON-Red.uasset" 174
"../../../Engine/Content/EngineResources/AICON-Green.uasset" 175
"../../../Engine/Content/Tutorial/Basics/LevelEditorAttract.uasset" 176
"../../../Engine/Content/Tutorial/ContentIntroCurve.uasset" 177
"../../../Engine/Plugins/2D/Paper2D/Content/PlaceholderTextures/DummySpriteTexture.uasset" 178
"../../../Engine/Plugins/2D/Paper2D/Content/DummySpriteTexture.uasset" 179
"../../../Engine/Plugins/2D/Paper2D/Content/DefaultSpriteMaterial.uasset" 180
"../../../Engine/Plugins/2D/Paper2D/Content/MaskedUnlitSpriteMaterial.uasset" 181
"../../../Engine/Plugins/2D/Paper2D/Content/OpaqueUnlitSpriteMaterial.uasset" 182
"../../../Engine/Plugins/2D/Paper2D/Content/DummySprite.uasset" 183
"../../../Engine/Plugins/2D/Paper2D/Content/DefaultPaperTerrainMaterial.uasset" 184
"../../../Engine/Plugins/Runtime/LeapMotionController/Content/LM_CapsuleMesh.uasset" 185
"../../../Engine/Plugins/Runtime/LeapMotionController/Content/LM_TorusMesh.uasset" 186
"../../../Engine/Plugins/Runtime/LeapMotionController/Content/LM_HandColor.uasset" 187
"../../../Engine/Plugins/Runtime/LeapMotionController/Content/LM_SampleDistortion.uasset" 188
"../../../Engine/Plugins/Runtime/LeapMotionController/Content/LM_TestTexture.uasset" 189
"../../../Engine/Plugins/Runtime/LeapMotionController/Content/LM_PassthroughMaterial.uasset" 190
"../../../Engine/Content/EngineMaterials/RemoveSurfaceMaterial.uasset" 191
"../../../Engine/Content/EngineDebugMaterials/DebugMeshMaterial.uasset" 192
"../../../Engine/Content/EngineMaterials/InvalidLightmapSettings.uasset" 193
"../../../Engine/Content/EngineMaterials/M_InvalidLightmapSettings.uasset" 194
"../../../Engine/Content/EditorMaterials/GizmoMaterial.uasset" 195
"../../../Engine/Content/EngineMaterials/Good64x64TilingNoiseHighFreq.uasset" 196
"../../../Engine/Content/EngineMaterials/DefaultBokeh.uasset" 197
"../../../Engine/Content/EngineMaterials/PreintegratedSkinBRDF.uasset" 198
"../../../Engine/Content/EngineMaterials/MiniFont.uasset" 199
"../../../Engine/Content/EngineMaterials/WeightMapPlaceholderTexture.uasset" 200
"../../../Engine/Content/EngineMaterials/DefaultPhysicalMaterial.uasset" 201
"../../../Engine/Content/EngineFonts/RobotoTiny.uasset" 202
"../../../Engine/Content/MobileResources/HUD/AnalogHat.uasset" 203
"../../../Engine/Content/MobileResources/HUD/VirtualJoystick_Background.uasset" 204
"../../../Engine/Content/MobileResources/HUD/VirtualJoystick_Thumb.uasset" 205
"../../../Engine/Content/MobileResources/HUD/DefaultVirtualJoysticks.uasset" 206
"../../../Engine/Content/MobileResources/HUD/MobileHUDDirectionPad2.uasset" 207
"../../../Engine/Content/EditorResources/EmptyActor.uasset" 208
"../../../Engine/Content/EditorResources/LightIcons/S_LightError.uasset" 209
"../../../Engine/Content/MobileResources/HUD/MobileHUDButtonFire.uasset" 210
"../../../Engine/Content/MobileResources/HUD/LeftVirtualJoystickOnly.uasset" 211
"../../../Engine/Content/MobileResources/T_MobileMenu2.uasset" 212
"../../../Engine/Content/MobileResources/HUD/T_Castle_ThumbstickOutter.uasset" 213
"../../../MirrorMirror2/Content/TopDownBP/Blueprints/TopDownGameMode.uasset" 214
"../../../Engine/Content/MobileResources/HUD/T_Castle_ThumbstickInner.uasset" 215
"../../../Engine/Content/MobileResources/HUD/MobileHUDButton1_off.uasset" 216
"../../../Engine/Content/MobileResources/HUD/MobileHUDDirectionStick.uasset" 217
"../../../Engine/Content/MobileResources/HUD/MobileHUDButton2_on.uasset" 218
"../../../Engine/Content/MobileResources/HUD/MobileHUDButton3.uasset" 219
"../../../Engine/Content/MobileResources/T_MobileControls_texture.uasset" 220
"../../../Engine/Content/MobileResources/HUD/MobileHUDButton1_on.uasset" 221
"../../../Engine/Content/MobileResources/HUD/MobileHUDDirectionPad3.uasset" 222
"../../../Engine/Content/MobileResources/HUD/MobileHUDButton2_off.uasset" 223
"../../../Engine/Content/MobileResources/HUD/MobileHUDDirectionPad.uasset" 224
"../../../Engine/Content/EditorMaterials/PhAT_JointLimitMaterial.uasset" 225
"../../../Engine/Content/EditorMaterials/PreviewShadowIndicator.uasset" 226
"../../../Engine/Content/EditorMaterials/PreviewShadowIndicatorMaterial.uasset" 227
"../../../Engine/Content/EditorMeshes/ColorCalibrator/M_ChromeBall.uasset" 228
"../../../Engine/Content/EditorMeshes/ColorCalibrator/M_ClearCoat.uasset" 229
"../../../Engine/Content/EditorMeshes/ColorCalibrator/M_ClearCoatBlack.uasset" 230
"../../../Engine/Content/EditorMeshes/ColorCalibrator/T_ColorGrid.uasset" 231
"../../../Engine/Content/EditorMeshes/ColorCalibrator/M_ColorGrid.uasset" 232
"../../../Engine/Content/EditorMeshes/ColorCalibrator/M_GreyBall.uasset" 233
"../../../Engine/Content/EditorMeshes/ColorCalibrator/SM_ColorCalibrator.uasset" 234
"../../../Engine/Content/EditorResources/BSPVertex.uasset" 235
"../../../Engine/Content/EngineDebugMaterials/HeatmapGradient.uasset" 236
"../../../Engine/Content/EngineDebugMaterials/BoneWeightMaterial.uasset" 237
"../../../Engine/Content/EngineDebugMaterials/GeomMaterial.uasset" 238
"../../../Engine/Content/Functions/Engine_MaterialFunctions01/Shading/ConvertFromDiffSpec.uasset" 239
"../../../Engine/Content/EngineDebugMaterials/LevelColorationLitMaterial.uasset" 240
"../../../Engine/Content/EngineDebugMaterials/LevelColorationUnlitMaterial.uasset" 241
"../../../Engine/Content/EngineMaterials/DefaultWhiteGrid.uasset" 242
"../../../Engine/Content/EngineDebugMaterials/MAT_LevelColorationLitLightmapUV.uasset" 243
"../../../Engine/Content/EngineDebugMaterials/ShadedLevelColorationLitMaterial.uasset" 244
"../../../Engine/Content/EngineDebugMaterials/ShadedLevelColorationUnlitMateri.uasset" 245
"../../../Engine/Content/EngineDebugMaterials/VertexColorMaterial.uasset" 246
"../../../Engine/Content/EngineDebugMaterials/VertexColorViewMode_AlphaAsColor.uasset" 247
"../../../Engine/Content/EngineDebugMaterials/VertexColorViewMode_BlueOnly.uasset" 248
"../../../Engine/Content/EngineDebugMaterials/VertexColorViewMode_ColorOnly.uasset" 249
"../../../Engine/Content/EngineDebugMaterials/VertexColorViewMode_GreenOnly.uasset" 250
"../../../Engine/Content/EngineDebugMaterials/VertexColorViewMode_RedOnly.uasset" 251
"../../../Engine/Content/EngineDebugMaterials/WireframeMaterial.uasset" 252
"../../../Engine/Content/EngineMaterials/EditorBrushMaterial.uasset" 253
"../../../Engine/Content/Tutorial/Basics/TutorialAssets/icon_tab_Levels_40x.uasset" 254
"../../../Engine/Content/Tutorial/Basics/LevelEditorOverview.uasset" 255
"../../../Engine/Content/Tutorial/BlueprintTutorials/TutorialAssets/Blueprint_64x.uasset" 256
"../../../Engine/Content/Tutorial/BlueprintTutorials/BlueprintEditorTutorial.uasset" 257
"../../../Engine/Content/Tutorial/BlueprintTutorials/TutorialAssets/BlueprintInterface_64x.uasset" 258
"../../../Engine/Content/Tutorial/BlueprintTutorials/TutorialAssets/Tutorial_BP_Interface.uasset" 259
"../../../Engine/Content/Tutorial/BlueprintTutorials/BlueprintInterfacesEditorOverview.uasset" 260
"../../../Engine/Content/Tutorial/BlueprintTutorials/TutorialAssets/BlueprintMacroLibrary_64x.uasset" 261
"../../../Engine/Content/Tutorial/BlueprintTutorials/TutorialAssets/Tutorial_BP_MacroLib.uasset" 262
"../../../Engine/Content/Tutorial/BlueprintTutorials/BlueprintMacroLibrariesEditorOverview.uasset" 263
"../../../Engine/Content/Tutorial/BlueprintTutorials/LevelBlueprintEditorOverview.uasset" 264
"../../../Engine/Content/Tutorial/Foliage/TutorialAssets/Foliage.uasset" 265
"../../../Engine/Content/Tutorial/Foliage/Foliage_Settings_Tutorial.uasset" 266
"../../../Engine/Content/Tutorial/Foliage/Foliage_Using_The_Tool_Tutorial.uasset" 267
"../../../Engine/Content/Tutorial/Foliage/Foliage_Intro_Tutorial.uasset" 268
"../../../Engine/Content/Tutorial/Landscape/TutorialAssets/Landscape.uasset" 269
"../../../Engine/Content/Tutorial/Landscape/Landscape_Painting_Mode.uasset" 270
"../../../Engine/Content/Tutorial/Landscape/Landscape_Sculpt_Mode.uasset" 271
"../../../Engine/Content/Tutorial/Landscape/Landscape_Manage_Mode.uasset" 272
"../../../Engine/Content/Tutorial/Paper2D/TutorialAssets/Paper2DFlipbook_TutorialIcon.uasset" 273
"../../../Engine/Content/Tutorial/Paper2D/FlipbookEditorTutorial.uasset" 274
"../../../Engine/Content/Tutorial/Paper2D/TutorialAssets/Paper2DSprite_TutorialIcon.uasset" 275
"../../../Engine/Content/Tutorial/Paper2D/SpriteEditorTutorial.uasset" 276
"../../../Engine/Content/EditorMeshes/EditorCube.uasset" 277
"../../../Engine/Content/Tutorial/SubEditors/TutorialAssets/Tutorial_DM.uasset" 278
"../../../Engine/Content/Tutorial/SubEditors/DestructibleMeshEditorTutorial.uasset" 279
"../../../Engine/Content/Tutorial/SubEditors/TutorialAssets/TutorialMaterial.uasset" 280
"../../../Engine/Content/Tutorial/SubEditors/MaterialEditorTutorial.uasset" 281
"../../../Engine/Content/Tutorial/SubEditors/TutorialAssets/T_SmokeSubUV_8X8.uasset" 282
"../../../Engine/Content/Tutorial/SubEditors/TutorialAssets/T_soft_smoke.uasset" 283
"../../../Engine/Content/Tutorial/SubEditors/TutorialAssets/M_smoke_subUV_blackbody.uasset" 284
"../../../Engine/Content/Tutorial/SubEditors/TutorialAssets/TutorialParticleSystem.uasset" 285
"../../../Engine/Content/Tutorial/SubEditors/ParticleSystemEditorTutorial.uasset" 286
"../../../Engine/Content/Tutorial/SubEditors/TutorialAssets/icon_ShowSkeletalMeshes_40x.uasset" 287
"../../../Engine/Content/Tutorial/SubEditors/TutorialAssets/Character/TutorialTPP_Mat.uasset" 288
"../../../Engine/Content/Tutorial/SubEditors/TutorialAssets/Character/TutorialTPP_PhysicsAsset.uasset" 289
"../../../Engine/Content/Tutorial/SubEditors/TutorialAssets/Character/TutorialTPP.uasset" 290
"../../../Engine/Content/Tutorial/SubEditors/TutorialAssets/Character/TutorialTPP_Skeleton.uasset" 291
"../../../Engine/Content/Tutorial/SubEditors/TutorialAssets/Character/Tutorial_Idle.uasset" 292
"../../../Engine/Content/Tutorial/SubEditors/TutorialAssets/Character/Tutorial_Walk_Fwd.uasset" 293
"../../../Engine/Content/Tutorial/SubEditors/TutorialAssets/Character/NewBlendSpace1D.uasset" 294
"../../../Engine/Content/Tutorial/SubEditors/TutorialAssets/Character/TutorialCharacter.uasset" 295
"../../../Engine/Content/Tutorial/SubEditors/TutorialAssets/Character/TutorialTPP_AnimBlueprint.uasset" 296
"../../../Engine/Content/Tutorial/SubEditors/PersonaAnimBlueprintEditorWalkthrough.uasset" 297
"../../../Engine/Content/Tutorial/SubEditors/PersonaAnimEditorWalkthrough.uasset" 298
"../../../Engine/Content/Tutorial/SubEditors/PersonaAnimEditorTutorial.uasset" 299
"../../../Engine/Content/EngineMeshes/Cube.uasset" 300
"../../../Engine/Content/Tutorial/SubEditors/StaticMeshEditorTutorial.uasset" 301
"../../../Engine/Content/Tutorial/SubEditors/TutorialAssets/icon_Editor_Preferences_General_40x.uasset" 302
