c:\users\rysmi\documents\code\code\c++\datastructures\datastructures\classic data structures\stack\x64\debug\vc143.pdb
c:\users\rysmi\documents\code\code\c++\datastructures\datastructures\classic data structures\stack\x64\debug\vc143.idb
c:\users\rysmi\documents\code\code\c++\datastructures\datastructures\classic data structures\stack\x64\debug\stack.obj
c:\users\rysmi\documents\code\code\c++\datastructures\datastructures\classic data structures\stack\x64\debug\stack.pdb
c:\users\rysmi\documents\code\code\c++\datastructures\datastructures\classic data structures\stack\x64\debug\stack.tlog\cl.command.1.tlog
c:\users\rysmi\documents\code\code\c++\datastructures\datastructures\classic data structures\stack\x64\debug\stack.tlog\cl.items.tlog
c:\users\rysmi\documents\code\code\c++\datastructures\datastructures\classic data structures\stack\x64\debug\stack.tlog\cl.read.1.tlog
c:\users\rysmi\documents\code\code\c++\datastructures\datastructures\classic data structures\stack\x64\debug\stack.tlog\cl.write.1.tlog
c:\users\rysmi\documents\code\code\c++\datastructures\datastructures\classic data structures\stack\x64\debug\stack.tlog\link.23448-cvtres.read.1.tlog
c:\users\rysmi\documents\code\code\c++\datastructures\datastructures\classic data structures\stack\x64\debug\stack.tlog\link.23448-cvtres.write.1.tlog
c:\users\rysmi\documents\code\code\c++\datastructures\datastructures\classic data structures\stack\x64\debug\stack.tlog\link.23448-rc.read.1.tlog
c:\users\rysmi\documents\code\code\c++\datastructures\datastructures\classic data structures\stack\x64\debug\stack.tlog\link.23448-rc.write.1.tlog
c:\users\rysmi\documents\code\code\c++\datastructures\datastructures\classic data structures\stack\x64\debug\stack.tlog\link.23448.read.1.tlog
c:\users\rysmi\documents\code\code\c++\datastructures\datastructures\classic data structures\stack\x64\debug\stack.tlog\link.23448.read.2.tlog
c:\users\rysmi\documents\code\code\c++\datastructures\datastructures\classic data structures\stack\x64\debug\stack.tlog\link.23448.read.3.tlog
c:\users\rysmi\documents\code\code\c++\datastructures\datastructures\classic data structures\stack\x64\debug\stack.tlog\link.23448.read.4.tlog
c:\users\rysmi\documents\code\code\c++\datastructures\datastructures\classic data structures\stack\x64\debug\stack.tlog\link.23448.read.5.tlog
c:\users\rysmi\documents\code\code\c++\datastructures\datastructures\classic data structures\stack\x64\debug\stack.tlog\link.23448.read.6.tlog
c:\users\rysmi\documents\code\code\c++\datastructures\datastructures\classic data structures\stack\x64\debug\stack.tlog\link.23448.write.1.tlog
c:\users\rysmi\documents\code\code\c++\datastructures\datastructures\classic data structures\stack\x64\debug\stack.tlog\link.command.1.tlog
c:\users\rysmi\documents\code\code\c++\datastructures\datastructures\classic data structures\stack\x64\debug\stack.tlog\link.read.1.tlog
c:\users\rysmi\documents\code\code\c++\datastructures\datastructures\classic data structures\stack\x64\debug\stack.tlog\link.write.1.tlog
